<?xml version="1.0" encoding="UTF-8"?>
<coverage generated="1675623689837" clover="3.2.0">
  <project timestamp="1675623689837" name="All files">
    <metrics statements="646" coveredstatements="614" conditionals="295" coveredconditionals="263" methods="42" coveredmethods="40" elements="983" coveredelements="917" complexity="0" loc="646" ncloc="646" packages="4" files="5" classes="5"/>
    <package name="src">
      <metrics statements="304" coveredstatements="303" conditionals="129" coveredconditionals="121" methods="15" coveredmethods="14"/>
      <file name="main.ts" path="/Users/lukasz/Dev/_NEW/diff/differrer/src/main.ts">
        <metrics statements="304" coveredstatements="303" conditionals="129" coveredconditionals="121" methods="15" coveredmethods="14"/>
        <line num="1" count="1" type="cond" truecount="1" falsecount="0"/>
        <line num="2" count="1" type="cond" truecount="1" falsecount="0"/>
        <line num="3" count="1" type="cond" truecount="1" falsecount="0"/>
        <line num="4" count="1" type="stmt"/>
        <line num="5" count="1" type="cond" truecount="1" falsecount="0"/>
        <line num="6" count="32" type="stmt"/>
        <line num="7" count="32" type="cond" truecount="1" falsecount="0"/>
        <line num="8" count="1" type="stmt"/>
        <line num="9" count="1" type="cond" truecount="1" falsecount="0"/>
        <line num="10" count="40" type="cond" truecount="1" falsecount="0"/>
        <line num="11" count="40" type="cond" truecount="1" falsecount="0"/>
        <line num="12" count="40" type="cond" truecount="1" falsecount="0"/>
        <line num="13" count="40" type="cond" truecount="1" falsecount="0"/>
        <line num="14" count="40" type="cond" truecount="1" falsecount="0"/>
        <line num="15" count="40" type="cond" truecount="1" falsecount="0"/>
        <line num="16" count="40" type="cond" truecount="1" falsecount="0"/>
        <line num="17" count="40" type="cond" truecount="1" falsecount="0"/>
        <line num="18" count="1" type="stmt"/>
        <line num="19" count="1" type="cond" truecount="1" falsecount="0"/>
        <line num="20" count="40" type="stmt"/>
        <line num="21" count="40" type="stmt"/>
        <line num="22" count="40" type="cond" truecount="1" falsecount="0"/>
        <line num="23" count="40" type="cond" truecount="1" falsecount="0"/>
        <line num="24" count="40" type="stmt"/>
        <line num="25" count="40" type="stmt"/>
        <line num="26" count="40" type="stmt"/>
        <line num="27" count="40" type="stmt"/>
        <line num="28" count="40" type="stmt"/>
        <line num="29" count="40" type="stmt"/>
        <line num="30" count="40" type="stmt"/>
        <line num="31" count="40" type="stmt"/>
        <line num="32" count="1" type="stmt"/>
        <line num="33" count="1" type="cond" truecount="1" falsecount="0"/>
        <line num="34" count="1" type="cond" truecount="1" falsecount="0"/>
        <line num="35" count="1" type="stmt"/>
        <line num="36" count="1" type="cond" truecount="1" falsecount="0"/>
        <line num="37" count="360" type="cond" truecount="2" falsecount="0"/>
        <line num="38" count="64" type="cond" truecount="1" falsecount="1"/>
        <line num="39" count="64" type="stmt"/>
        <line num="40" count="296" type="cond" truecount="1" falsecount="0"/>
        <line num="41" count="296" type="stmt"/>
        <line num="42" count="1" type="cond" truecount="1" falsecount="0"/>
        <line num="43" count="1243" type="cond" truecount="1" falsecount="0"/>
        <line num="44" count="293" type="stmt"/>
        <line num="45" count="293" type="stmt"/>
        <line num="46" count="293" type="stmt"/>
        <line num="47" count="293" type="stmt"/>
        <line num="48" count="1243" type="stmt"/>
        <line num="49" count="1" type="stmt"/>
        <line num="50" count="1" type="cond" truecount="1" falsecount="0"/>
        <line num="51" count="1188" type="stmt"/>
        <line num="52" count="1188" type="cond" truecount="1" falsecount="0"/>
        <line num="53" count="288" type="stmt"/>
        <line num="54" count="1188" type="cond" truecount="1" falsecount="0"/>
        <line num="55" count="64" type="stmt"/>
        <line num="56" count="1188" type="cond" truecount="1" falsecount="0"/>
        <line num="57" count="392" type="stmt"/>
        <line num="58" count="1188" type="cond" truecount="1" falsecount="0"/>
        <line num="59" count="246" type="stmt"/>
        <line num="60" count="1188" type="cond" truecount="1" falsecount="0"/>
        <line num="61" count="46" type="stmt"/>
        <line num="62" count="1188" type="cond" truecount="1" falsecount="0"/>
        <line num="63" count="34" type="stmt"/>
        <line num="64" count="1188" type="cond" truecount="1" falsecount="0"/>
        <line num="65" count="118" type="stmt"/>
        <line num="66" count="1188" type="cond" truecount="0" falsecount="1"/>
        <line num="67" count="0" type="stmt"/>
        <line num="68" count="1188" type="stmt"/>
        <line num="69" count="1188" type="stmt"/>
        <line num="70" count="1" type="stmt"/>
        <line num="71" count="1" type="stmt"/>
        <line num="72" count="1" type="stmt"/>
        <line num="73" count="1" type="stmt"/>
        <line num="74" count="1" type="stmt"/>
        <line num="75" count="1" type="stmt"/>
        <line num="76" count="1" type="stmt"/>
        <line num="77" count="1" type="stmt"/>
        <line num="78" count="1" type="stmt"/>
        <line num="79" count="1" type="stmt"/>
        <line num="80" count="1" type="stmt"/>
        <line num="81" count="1" type="stmt"/>
        <line num="82" count="1" type="stmt"/>
        <line num="83" count="1" type="stmt"/>
        <line num="84" count="1" type="stmt"/>
        <line num="85" count="1" type="stmt"/>
        <line num="86" count="1" type="stmt"/>
        <line num="87" count="1" type="stmt"/>
        <line num="88" count="1" type="stmt"/>
        <line num="89" count="1" type="stmt"/>
        <line num="90" count="1" type="stmt"/>
        <line num="91" count="1" type="stmt"/>
        <line num="92" count="1" type="stmt"/>
        <line num="93" count="1" type="stmt"/>
        <line num="94" count="1" type="stmt"/>
        <line num="95" count="1" type="stmt"/>
        <line num="96" count="1" type="stmt"/>
        <line num="97" count="1" type="stmt"/>
        <line num="98" count="1" type="stmt"/>
        <line num="99" count="1" type="stmt"/>
        <line num="100" count="1" type="stmt"/>
        <line num="101" count="1" type="stmt"/>
        <line num="102" count="1" type="cond" truecount="2" falsecount="0"/>
        <line num="103" count="104" type="stmt"/>
        <line num="104" count="104" type="cond" truecount="1" falsecount="0"/>
        <line num="105" count="96" type="stmt"/>
        <line num="106" count="96" type="stmt"/>
        <line num="107" count="8" type="cond" truecount="1" falsecount="0"/>
        <line num="108" count="8" type="stmt"/>
        <line num="109" count="1" type="stmt"/>
        <line num="110" count="1" type="cond" truecount="1" falsecount="0"/>
        <line num="111" count="104" type="stmt"/>
        <line num="112" count="104" type="stmt"/>
        <line num="113" count="104" type="cond" truecount="1" falsecount="0"/>
        <line num="114" count="104" type="stmt"/>
        <line num="115" count="104" type="cond" truecount="1" falsecount="0"/>
        <line num="116" count="360" type="stmt"/>
        <line num="117" count="360" type="stmt"/>
        <line num="118" count="360" type="stmt"/>
        <line num="119" count="360" type="stmt"/>
        <line num="120" count="360" type="stmt"/>
        <line num="121" count="360" type="stmt"/>
        <line num="122" count="360" type="stmt"/>
        <line num="123" count="360" type="stmt"/>
        <line num="124" count="360" type="stmt"/>
        <line num="125" count="360" type="stmt"/>
        <line num="126" count="360" type="stmt"/>
        <line num="127" count="360" type="stmt"/>
        <line num="128" count="360" type="stmt"/>
        <line num="129" count="360" type="stmt"/>
        <line num="130" count="360" type="stmt"/>
        <line num="131" count="360" type="stmt"/>
        <line num="132" count="360" type="stmt"/>
        <line num="133" count="360" type="stmt"/>
        <line num="134" count="360" type="stmt"/>
        <line num="135" count="360" type="stmt"/>
        <line num="136" count="360" type="stmt"/>
        <line num="137" count="360" type="stmt"/>
        <line num="138" count="360" type="cond" truecount="3" falsecount="0"/>
        <line num="139" count="360" type="stmt"/>
        <line num="140" count="360" type="stmt"/>
        <line num="141" count="360" type="stmt"/>
        <line num="142" count="360" type="stmt"/>
        <line num="143" count="360" type="stmt"/>
        <line num="144" count="360" type="stmt"/>
        <line num="145" count="360" type="stmt"/>
        <line num="146" count="360" type="stmt"/>
        <line num="147" count="360" type="stmt"/>
        <line num="148" count="360" type="stmt"/>
        <line num="149" count="360" type="stmt"/>
        <line num="150" count="360" type="stmt"/>
        <line num="151" count="360" type="cond" truecount="2" falsecount="0"/>
        <line num="152" count="72" type="stmt"/>
        <line num="153" count="72" type="stmt"/>
        <line num="154" count="72" type="cond" truecount="2" falsecount="0"/>
        <line num="155" count="72" type="cond" truecount="2" falsecount="0"/>
        <line num="156" count="72" type="cond" truecount="2" falsecount="0"/>
        <line num="157" count="72" type="stmt"/>
        <line num="158" count="72" type="cond" truecount="1" falsecount="0"/>
        <line num="159" count="152" type="cond" truecount="2" falsecount="0"/>
        <line num="160" count="152" type="cond" truecount="2" falsecount="0"/>
        <line num="161" count="152" type="cond" truecount="2" falsecount="0"/>
        <line num="162" count="152" type="cond" truecount="2" falsecount="0"/>
        <line num="163" count="152" type="stmt"/>
        <line num="164" count="152" type="cond" truecount="2" falsecount="0"/>
        <line num="165" count="152" type="cond" truecount="2" falsecount="0"/>
        <line num="166" count="152" type="cond" truecount="2" falsecount="0"/>
        <line num="167" count="152" type="cond" truecount="2" falsecount="0"/>
        <line num="168" count="152" type="stmt"/>
        <line num="169" count="152" type="stmt"/>
        <line num="170" count="152" type="stmt"/>
        <line num="171" count="152" type="stmt"/>
        <line num="172" count="152" type="cond" truecount="1" falsecount="0"/>
        <line num="173" count="152" type="stmt"/>
        <line num="174" count="152" type="stmt"/>
        <line num="175" count="152" type="stmt"/>
        <line num="176" count="152" type="stmt"/>
        <line num="177" count="152" type="stmt"/>
        <line num="178" count="72" type="stmt"/>
        <line num="179" count="72" type="stmt"/>
        <line num="180" count="360" type="cond" truecount="3" falsecount="0"/>
        <line num="181" count="32" type="stmt"/>
        <line num="182" count="32" type="stmt"/>
        <line num="183" count="32" type="stmt"/>
        <line num="184" count="32" type="stmt"/>
        <line num="185" count="32" type="stmt"/>
        <line num="186" count="32" type="cond" truecount="1" falsecount="1"/>
        <line num="187" count="88" type="cond" truecount="2" falsecount="1"/>
        <line num="188" count="88" type="cond" truecount="3" falsecount="0"/>
        <line num="189" count="48" type="stmt"/>
        <line num="190" count="48" type="stmt"/>
        <line num="191" count="88" type="cond" truecount="1" falsecount="0"/>
        <line num="192" count="40" type="stmt"/>
        <line num="193" count="40" type="stmt"/>
        <line num="194" count="32" type="stmt"/>
        <line num="195" count="32" type="stmt"/>
        <line num="196" count="32" type="stmt"/>
        <line num="197" count="32" type="stmt"/>
        <line num="198" count="32" type="stmt"/>
        <line num="199" count="32" type="cond" truecount="1" falsecount="1"/>
        <line num="200" count="96" type="cond" truecount="2" falsecount="1"/>
        <line num="201" count="96" type="cond" truecount="3" falsecount="0"/>
        <line num="202" count="48" type="stmt"/>
        <line num="203" count="48" type="stmt"/>
        <line num="204" count="48" type="stmt"/>
        <line num="205" count="48" type="stmt"/>
        <line num="206" count="48" type="stmt"/>
        <line num="207" count="32" type="stmt"/>
        <line num="208" count="32" type="stmt"/>
        <line num="209" count="32" type="stmt"/>
        <line num="210" count="32" type="stmt"/>
        <line num="211" count="32" type="cond" truecount="1" falsecount="0"/>
        <line num="212" count="56" type="cond" truecount="1" falsecount="0"/>
        <line num="213" count="56" type="cond" truecount="1" falsecount="0"/>
        <line num="214" count="56" type="stmt"/>
        <line num="215" count="56" type="cond" truecount="3" falsecount="0"/>
        <line num="216" count="56" type="cond" truecount="3" falsecount="0"/>
        <line num="217" count="56" type="stmt"/>
        <line num="218" count="56" type="stmt"/>
        <line num="219" count="56" type="stmt"/>
        <line num="220" count="56" type="stmt"/>
        <line num="221" count="56" type="stmt"/>
        <line num="222" count="56" type="stmt"/>
        <line num="223" count="56" type="stmt"/>
        <line num="224" count="56" type="stmt"/>
        <line num="225" count="56" type="cond" truecount="1" falsecount="0"/>
        <line num="226" count="56" type="cond" truecount="1" falsecount="0"/>
        <line num="227" count="56" type="cond" truecount="1" falsecount="0"/>
        <line num="228" count="56" type="stmt"/>
        <line num="229" count="56" type="stmt"/>
        <line num="230" count="32" type="stmt"/>
        <line num="231" count="32" type="stmt"/>
        <line num="232" count="32" type="cond" truecount="2" falsecount="0"/>
        <line num="233" count="32" type="cond" truecount="2" falsecount="0"/>
        <line num="234" count="32" type="stmt"/>
        <line num="235" count="32" type="cond" truecount="1" falsecount="0"/>
        <line num="236" count="40" type="stmt"/>
        <line num="237" count="40" type="stmt"/>
        <line num="238" count="32" type="stmt"/>
        <line num="239" count="32" type="cond" truecount="1" falsecount="0"/>
        <line num="240" count="48" type="stmt"/>
        <line num="241" count="48" type="stmt"/>
        <line num="242" count="32" type="stmt"/>
        <line num="243" count="32" type="stmt"/>
        <line num="244" count="32" type="stmt"/>
        <line num="245" count="32" type="stmt"/>
        <line num="246" count="32" type="cond" truecount="1" falsecount="0"/>
        <line num="247" count="48" type="stmt"/>
        <line num="248" count="48" type="stmt"/>
        <line num="249" count="48" type="stmt"/>
        <line num="250" count="48" type="stmt"/>
        <line num="251" count="48" type="stmt"/>
        <line num="252" count="48" type="cond" truecount="1" falsecount="0"/>
        <line num="253" count="30" type="stmt"/>
        <line num="254" count="30" type="stmt"/>
        <line num="255" count="48" type="cond" truecount="2" falsecount="0"/>
        <line num="256" count="15" type="stmt"/>
        <line num="257" count="15" type="stmt"/>
        <line num="258" count="3" type="cond" truecount="1" falsecount="0"/>
        <line num="259" count="32" type="stmt"/>
        <line num="260" count="32" type="cond" truecount="1" falsecount="0"/>
        <line num="261" count="48" type="stmt"/>
        <line num="262" count="48" type="cond" truecount="3" falsecount="0"/>
        <line num="263" count="48" type="cond" truecount="1" falsecount="1"/>
        <line num="264" count="48" type="stmt"/>
        <line num="265" count="48" type="cond" truecount="3" falsecount="0"/>
        <line num="266" count="48" type="cond" truecount="0" falsecount="1"/>
        <line num="267" count="48" type="stmt"/>
        <line num="268" count="48" type="stmt"/>
        <line num="269" count="48" type="stmt"/>
        <line num="270" count="48" type="stmt"/>
        <line num="271" count="48" type="stmt"/>
        <line num="272" count="48" type="stmt"/>
        <line num="273" count="48" type="cond" truecount="1" falsecount="0"/>
        <line num="274" count="48" type="cond" truecount="1" falsecount="0"/>
        <line num="275" count="48" type="cond" truecount="1" falsecount="0"/>
        <line num="276" count="48" type="stmt"/>
        <line num="277" count="48" type="stmt"/>
        <line num="278" count="32" type="stmt"/>
        <line num="279" count="32" type="stmt"/>
        <line num="280" count="32" type="stmt"/>
        <line num="281" count="32" type="stmt"/>
        <line num="282" count="32" type="stmt"/>
        <line num="283" count="32" type="stmt"/>
        <line num="284" count="288" type="cond" truecount="1" falsecount="0"/>
        <line num="285" count="256" type="stmt"/>
        <line num="286" count="256" type="stmt"/>
        <line num="287" count="360" type="stmt"/>
        <line num="288" count="360" type="stmt"/>
        <line num="289" count="360" type="stmt"/>
        <line num="290" count="360" type="stmt"/>
        <line num="291" count="360" type="stmt"/>
        <line num="292" count="104" type="stmt"/>
        <line num="293" count="104" type="stmt"/>
        <line num="294" count="104" type="stmt"/>
        <line num="295" count="104" type="stmt"/>
        <line num="296" count="104" type="stmt"/>
        <line num="297" count="104" type="stmt"/>
        <line num="298" count="104" type="stmt"/>
        <line num="299" count="104" type="stmt"/>
        <line num="300" count="104" type="stmt"/>
        <line num="301" count="104" type="stmt"/>
        <line num="302" count="104" type="stmt"/>
        <line num="303" count="1" type="stmt"/>
        <line num="304" count="1" type="stmt"/>
      </file>
    </package>
    <package name="src.diffChangesView">
      <metrics statements="193" coveredstatements="173" conditionals="79" coveredconditionals="63" methods="17" coveredmethods="16"/>
      <file name="customString.ts" path="/Users/lukasz/Dev/_NEW/diff/differrer/src/diffChangesView/customString.ts">
        <metrics statements="41" coveredstatements="41" conditionals="15" coveredconditionals="15" methods="7" coveredmethods="7"/>
        <line num="1" count="1" type="stmt"/>
        <line num="2" count="1" type="stmt"/>
        <line num="3" count="1" type="stmt"/>
        <line num="4" count="1" type="stmt"/>
        <line num="5" count="1" type="stmt"/>
        <line num="6" count="1" type="stmt"/>
        <line num="7" count="1" type="stmt"/>
        <line num="8" count="1" type="stmt"/>
        <line num="9" count="1" type="stmt"/>
        <line num="10" count="1" type="stmt"/>
        <line num="11" count="1" type="stmt"/>
        <line num="12" count="1" type="stmt"/>
        <line num="13" count="1" type="cond" truecount="1" falsecount="0"/>
        <line num="14" count="386" type="cond" truecount="2" falsecount="0"/>
        <line num="15" count="386" type="stmt"/>
        <line num="16" count="386" type="stmt"/>
        <line num="17" count="386" type="stmt"/>
        <line num="18" count="386" type="stmt"/>
        <line num="19" count="386" type="cond" truecount="1" falsecount="0"/>
        <line num="20" count="386" type="cond" truecount="1" falsecount="0"/>
        <line num="21" count="386" type="cond" truecount="1" falsecount="0"/>
        <line num="22" count="102" type="stmt"/>
        <line num="23" count="102" type="stmt"/>
        <line num="24" count="102" type="stmt"/>
        <line num="25" count="102" type="stmt"/>
        <line num="26" count="386" type="stmt"/>
        <line num="27" count="386" type="cond" truecount="1" falsecount="0"/>
        <line num="28" count="34" type="stmt"/>
        <line num="29" count="34" type="stmt"/>
        <line num="30" count="34" type="stmt"/>
        <line num="31" count="386" type="stmt"/>
        <line num="32" count="386" type="stmt"/>
        <line num="33" count="386" type="stmt"/>
        <line num="34" count="386" type="stmt"/>
        <line num="35" count="386" type="stmt"/>
        <line num="36" count="1" type="cond" truecount="1" falsecount="0"/>
        <line num="37" count="122" type="cond" truecount="3" falsecount="0"/>
        <line num="38" count="122" type="cond" truecount="3" falsecount="0"/>
        <line num="39" count="122" type="stmt"/>
        <line num="40" count="122" type="stmt"/>
        <line num="41" count="1" type="cond" truecount="1" falsecount="0"/>
      </file>
      <file name="diffChangesView.ts" path="/Users/lukasz/Dev/_NEW/diff/differrer/src/diffChangesView/diffChangesView.ts">
        <metrics statements="152" coveredstatements="132" conditionals="64" coveredconditionals="48" methods="10" coveredmethods="9"/>
        <line num="1" count="1" type="stmt"/>
        <line num="2" count="1" type="stmt"/>
        <line num="3" count="1" type="stmt"/>
        <line num="4" count="1" type="stmt"/>
        <line num="5" count="1" type="stmt"/>
        <line num="6" count="1" type="stmt"/>
        <line num="7" count="1" type="stmt"/>
        <line num="8" count="1" type="stmt"/>
        <line num="9" count="1" type="stmt"/>
        <line num="10" count="1" type="stmt"/>
        <line num="11" count="1" type="stmt"/>
        <line num="12" count="1" type="stmt"/>
        <line num="13" count="1" type="stmt"/>
        <line num="14" count="1" type="cond" truecount="1" falsecount="0"/>
        <line num="15" count="88" type="stmt"/>
        <line num="16" count="88" type="stmt"/>
        <line num="17" count="88" type="stmt"/>
        <line num="18" count="88" type="stmt"/>
        <line num="19" count="88" type="stmt"/>
        <line num="20" count="88" type="stmt"/>
        <line num="21" count="88" type="stmt"/>
        <line num="22" count="88" type="cond" truecount="0" falsecount="2"/>
        <line num="23" count="88" type="stmt"/>
        <line num="24" count="88" type="stmt"/>
        <line num="25" count="88" type="stmt"/>
        <line num="26" count="88" type="stmt"/>
        <line num="27" count="88" type="stmt"/>
        <line num="28" count="88" type="stmt"/>
        <line num="29" count="1" type="stmt"/>
        <line num="30" count="1" type="stmt"/>
        <line num="31" count="1" type="cond" truecount="1" falsecount="0"/>
        <line num="32" count="40" type="cond" truecount="1" falsecount="0"/>
        <line num="33" count="20" type="stmt"/>
        <line num="34" count="20" type="stmt"/>
        <line num="35" count="20" type="stmt"/>
        <line num="36" count="40" type="cond" truecount="0" falsecount="2"/>
        <line num="37" count="0" type="stmt"/>
        <line num="38" count="0" type="stmt"/>
        <line num="39" count="40" type="cond" truecount="1" falsecount="1"/>
        <line num="40" count="0" type="stmt"/>
        <line num="41" count="0" type="stmt"/>
        <line num="42" count="40" type="cond" truecount="1" falsecount="1"/>
        <line num="43" count="0" type="stmt"/>
        <line num="44" count="0" type="stmt"/>
        <line num="45" count="20" type="cond" truecount="1" falsecount="0"/>
        <line num="46" count="20" type="stmt"/>
        <line num="47" count="1" type="stmt"/>
        <line num="48" count="1" type="cond" truecount="1" falsecount="0"/>
        <line num="49" count="34" type="stmt"/>
        <line num="50" count="34" type="stmt"/>
        <line num="51" count="34" type="cond" truecount="1" falsecount="0"/>
        <line num="52" count="40" type="cond" truecount="1" falsecount="0"/>
        <line num="53" count="20" type="stmt"/>
        <line num="54" count="20" type="stmt"/>
        <line num="55" count="20" type="stmt"/>
        <line num="56" count="40" type="cond" truecount="0" falsecount="1"/>
        <line num="57" count="0" type="stmt"/>
        <line num="58" count="0" type="stmt"/>
        <line num="59" count="20" type="cond" truecount="1" falsecount="0"/>
        <line num="60" count="20" type="stmt"/>
        <line num="61" count="34" type="stmt"/>
        <line num="62" count="34" type="stmt"/>
        <line num="63" count="1" type="cond" truecount="1" falsecount="0"/>
        <line num="64" count="78" type="cond" truecount="2" falsecount="0"/>
        <line num="65" count="78" type="stmt"/>
        <line num="66" count="1" type="cond" truecount="1" falsecount="1"/>
        <line num="67" count="1" type="stmt"/>
        <line num="68" count="1" type="stmt"/>
        <line num="69" count="1" type="cond" truecount="1" falsecount="0"/>
        <line num="70" count="60" type="cond" truecount="1" falsecount="0"/>
        <line num="71" count="150" type="stmt"/>
        <line num="72" count="150" type="cond" truecount="1" falsecount="0"/>
        <line num="73" count="30" type="cond" truecount="0" falsecount="1"/>
        <line num="74" count="150" type="cond" truecount="1" falsecount="0"/>
        <line num="75" count="120" type="cond" truecount="0" falsecount="1"/>
        <line num="76" count="120" type="cond" truecount="0" falsecount="1"/>
        <line num="77" count="120" type="stmt"/>
        <line num="78" count="150" type="cond" truecount="2" falsecount="0"/>
        <line num="79" count="60" type="stmt"/>
        <line num="80" count="60" type="stmt"/>
        <line num="81" count="1" type="cond" truecount="1" falsecount="0"/>
        <line num="82" count="26" type="stmt"/>
        <line num="83" count="26" type="cond" truecount="1" falsecount="0"/>
        <line num="84" count="54" type="stmt"/>
        <line num="85" count="54" type="cond" truecount="1" falsecount="0"/>
        <line num="86" count="20" type="cond" truecount="0" falsecount="1"/>
        <line num="87" count="54" type="cond" truecount="1" falsecount="0"/>
        <line num="88" count="34" type="cond" truecount="0" falsecount="1"/>
        <line num="89" count="34" type="stmt"/>
        <line num="90" count="54" type="cond" truecount="0" falsecount="1"/>
        <line num="91" count="26" type="stmt"/>
        <line num="92" count="26" type="stmt"/>
        <line num="93" count="1" type="stmt"/>
        <line num="94" count="1" type="cond" truecount="1" falsecount="0"/>
        <line num="95" count="78" type="cond" truecount="1" falsecount="0"/>
        <line num="96" count="24" type="stmt"/>
        <line num="97" count="24" type="stmt"/>
        <line num="98" count="78" type="cond" truecount="2" falsecount="0"/>
        <line num="99" count="20" type="stmt"/>
        <line num="100" count="20" type="cond" truecount="2" falsecount="0"/>
        <line num="101" count="20" type="cond" truecount="2" falsecount="0"/>
        <line num="102" count="52" type="stmt"/>
        <line num="103" count="20" type="stmt"/>
        <line num="104" count="20" type="stmt"/>
        <line num="105" count="20" type="cond" truecount="2" falsecount="0"/>
        <line num="106" count="20" type="stmt"/>
        <line num="107" count="20" type="stmt"/>
        <line num="108" count="20" type="stmt"/>
        <line num="109" count="20" type="stmt"/>
        <line num="110" count="20" type="cond" truecount="2" falsecount="0"/>
        <line num="111" count="20" type="cond" truecount="3" falsecount="0"/>
        <line num="112" count="20" type="stmt"/>
        <line num="113" count="20" type="stmt"/>
        <line num="114" count="0" type="cond" truecount="0" falsecount="1"/>
        <line num="115" count="0" type="stmt"/>
        <line num="116" count="34" type="cond" truecount="1" falsecount="0"/>
        <line num="117" count="78" type="cond" truecount="1" falsecount="1"/>
        <line num="118" count="78" type="stmt"/>
        <line num="119" count="78" type="stmt"/>
        <line num="120" count="78" type="stmt"/>
        <line num="121" count="78" type="stmt"/>
        <line num="122" count="1" type="stmt"/>
        <line num="123" count="1" type="stmt"/>
        <line num="124" count="1" type="cond" truecount="1" falsecount="0"/>
        <line num="125" count="26" type="stmt"/>
        <line num="126" count="26" type="stmt"/>
        <line num="127" count="26" type="cond" truecount="1" falsecount="0"/>
        <line num="128" count="54" type="cond" truecount="1" falsecount="0"/>
        <line num="129" count="20" type="stmt"/>
        <line num="130" count="54" type="cond" truecount="1" falsecount="0"/>
        <line num="131" count="34" type="stmt"/>
        <line num="132" count="34" type="stmt"/>
        <line num="133" count="34" type="cond" truecount="1" falsecount="0"/>
        <line num="134" count="34" type="cond" truecount="1" falsecount="0"/>
        <line num="135" count="34" type="cond" truecount="1" falsecount="0"/>
        <line num="136" count="34" type="stmt"/>
        <line num="137" count="34" type="stmt"/>
        <line num="138" count="34" type="stmt"/>
        <line num="139" count="26" type="stmt"/>
        <line num="140" count="26" type="stmt"/>
        <line num="141" count="1" type="stmt"/>
        <line num="142" count="1" type="stmt"/>
        <line num="143" count="0" type="stmt"/>
        <line num="144" count="0" type="stmt"/>
        <line num="145" count="0" type="stmt"/>
        <line num="146" count="0" type="stmt"/>
        <line num="147" count="0" type="stmt"/>
        <line num="148" count="0" type="stmt"/>
        <line num="149" count="0" type="stmt"/>
        <line num="150" count="0" type="stmt"/>
        <line num="151" count="0" type="stmt"/>
        <line num="152" count="0" type="stmt"/>
      </file>
    </package>
    <package name="src.diffJsView">
      <metrics statements="75" coveredstatements="71" conditionals="42" coveredconditionals="38" methods="5" coveredmethods="5"/>
      <file name="diffJsView.ts" path="/Users/lukasz/Dev/_NEW/diff/differrer/src/diffJsView/diffJsView.ts">
        <metrics statements="75" coveredstatements="71" conditionals="42" coveredconditionals="38" methods="5" coveredmethods="5"/>
        <line num="1" count="1" type="stmt"/>
        <line num="2" count="1" type="stmt"/>
        <line num="3" count="1" type="stmt"/>
        <line num="4" count="1" type="stmt"/>
        <line num="5" count="1" type="cond" truecount="1" falsecount="0"/>
        <line num="6" count="1" type="stmt"/>
        <line num="7" count="1" type="cond" truecount="1" falsecount="0"/>
        <line num="8" count="84" type="stmt"/>
        <line num="9" count="84" type="cond" truecount="1" falsecount="0"/>
        <line num="10" count="46" type="stmt"/>
        <line num="11" count="46" type="stmt"/>
        <line num="12" count="84" type="cond" truecount="2" falsecount="0"/>
        <line num="13" count="2" type="stmt"/>
        <line num="14" count="2" type="stmt"/>
        <line num="15" count="36" type="cond" truecount="1" falsecount="0"/>
        <line num="16" count="36" type="stmt"/>
        <line num="17" count="1" type="stmt"/>
        <line num="18" count="1" type="stmt"/>
        <line num="19" count="1" type="cond" truecount="1" falsecount="0"/>
        <line num="20" count="88" type="cond" truecount="1" falsecount="0"/>
        <line num="21" count="26" type="stmt"/>
        <line num="22" count="26" type="stmt"/>
        <line num="23" count="88" type="cond" truecount="3" falsecount="0"/>
        <line num="24" count="26" type="stmt"/>
        <line num="25" count="26" type="stmt"/>
        <line num="26" count="88" type="cond" truecount="1" falsecount="1"/>
        <line num="27" count="0" type="stmt"/>
        <line num="28" count="0" type="stmt"/>
        <line num="29" count="88" type="cond" truecount="1" falsecount="1"/>
        <line num="30" count="0" type="stmt"/>
        <line num="31" count="0" type="stmt"/>
        <line num="32" count="36" type="cond" truecount="1" falsecount="0"/>
        <line num="33" count="36" type="stmt"/>
        <line num="34" count="1" type="stmt"/>
        <line num="35" count="1" type="cond" truecount="1" falsecount="0"/>
        <line num="36" count="26" type="cond" truecount="1" falsecount="0"/>
        <line num="37" count="88" type="stmt"/>
        <line num="38" count="88" type="stmt"/>
        <line num="39" count="88" type="cond" truecount="3" falsecount="0"/>
        <line num="40" count="88" type="stmt"/>
        <line num="41" count="88" type="stmt"/>
        <line num="42" count="88" type="cond" truecount="3" falsecount="0"/>
        <line num="43" count="24" type="cond" truecount="1" falsecount="0"/>
        <line num="44" count="8" type="cond" truecount="1" falsecount="0"/>
        <line num="45" count="24" type="cond" truecount="1" falsecount="0"/>
        <line num="46" count="16" type="cond" truecount="1" falsecount="0"/>
        <line num="47" count="16" type="stmt"/>
        <line num="48" count="24" type="cond" truecount="1" falsecount="0"/>
        <line num="49" count="2" type="stmt"/>
        <line num="50" count="24" type="cond" truecount="2" falsecount="0"/>
        <line num="51" count="2" type="stmt"/>
        <line num="52" count="22" type="cond" truecount="2" falsecount="0"/>
        <line num="53" count="14" type="cond" truecount="0" falsecount="1"/>
        <line num="54" count="14" type="stmt"/>
        <line num="55" count="88" type="cond" truecount="1" falsecount="0"/>
        <line num="56" count="64" type="cond" truecount="1" falsecount="0"/>
        <line num="57" count="8" type="stmt"/>
        <line num="58" count="8" type="cond" truecount="0" falsecount="1"/>
        <line num="59" count="64" type="cond" truecount="1" falsecount="0"/>
        <line num="60" count="56" type="stmt"/>
        <line num="61" count="56" type="stmt"/>
        <line num="62" count="64" type="stmt"/>
        <line num="63" count="64" type="cond" truecount="1" falsecount="0"/>
        <line num="64" count="6" type="stmt"/>
        <line num="65" count="6" type="stmt"/>
        <line num="66" count="64" type="stmt"/>
        <line num="67" count="64" type="cond" truecount="3" falsecount="0"/>
        <line num="68" count="20" type="stmt"/>
        <line num="69" count="20" type="stmt"/>
        <line num="70" count="64" type="stmt"/>
        <line num="71" count="88" type="stmt"/>
        <line num="72" count="26" type="stmt"/>
        <line num="73" count="26" type="stmt"/>
        <line num="74" count="26" type="stmt"/>
        <line num="75" count="26" type="stmt"/>
      </file>
    </package>
    <package name="src.diffSortedView">
      <metrics statements="74" coveredstatements="67" conditionals="45" coveredconditionals="41" methods="5" coveredmethods="5"/>
      <file name="diffSortedView.ts" path="/Users/lukasz/Dev/_NEW/diff/differrer/src/diffSortedView/diffSortedView.ts">
        <metrics statements="74" coveredstatements="67" conditionals="45" coveredconditionals="41" methods="5" coveredmethods="5"/>
        <line num="1" count="1" type="stmt"/>
        <line num="2" count="1" type="stmt"/>
        <line num="3" count="1" type="stmt"/>
        <line num="4" count="1" type="stmt"/>
        <line num="5" count="1" type="cond" truecount="1" falsecount="0"/>
        <line num="6" count="1" type="stmt"/>
        <line num="7" count="1" type="cond" truecount="1" falsecount="0"/>
        <line num="8" count="112" type="stmt"/>
        <line num="9" count="112" type="cond" truecount="1" falsecount="0"/>
        <line num="10" count="58" type="stmt"/>
        <line num="11" count="58" type="stmt"/>
        <line num="12" count="112" type="cond" truecount="1" falsecount="1"/>
        <line num="13" count="0" type="stmt"/>
        <line num="14" count="0" type="stmt"/>
        <line num="15" count="54" type="cond" truecount="1" falsecount="0"/>
        <line num="16" count="54" type="stmt"/>
        <line num="17" count="1" type="stmt"/>
        <line num="18" count="1" type="cond" truecount="1" falsecount="0"/>
        <line num="19" count="158" type="cond" truecount="1" falsecount="0"/>
        <line num="20" count="44" type="stmt"/>
        <line num="21" count="44" type="stmt"/>
        <line num="22" count="158" type="cond" truecount="3" falsecount="0"/>
        <line num="23" count="52" type="stmt"/>
        <line num="24" count="52" type="stmt"/>
        <line num="25" count="158" type="cond" truecount="1" falsecount="1"/>
        <line num="26" count="0" type="stmt"/>
        <line num="27" count="0" type="stmt"/>
        <line num="28" count="158" type="cond" truecount="1" falsecount="1"/>
        <line num="29" count="0" type="stmt"/>
        <line num="30" count="0" type="stmt"/>
        <line num="31" count="62" type="cond" truecount="1" falsecount="0"/>
        <line num="32" count="62" type="stmt"/>
        <line num="33" count="1" type="stmt"/>
        <line num="34" count="1" type="cond" truecount="1" falsecount="0"/>
        <line num="35" count="26" type="cond" truecount="1" falsecount="0"/>
        <line num="36" count="180" type="cond" truecount="2" falsecount="0"/>
        <line num="37" count="180" type="cond" truecount="2" falsecount="0"/>
        <line num="38" count="180" type="cond" truecount="2" falsecount="0"/>
        <line num="39" count="180" type="stmt"/>
        <line num="40" count="180" type="stmt"/>
        <line num="41" count="180" type="stmt"/>
        <line num="42" count="180" type="cond" truecount="3" falsecount="0"/>
        <line num="43" count="180" type="stmt"/>
        <line num="44" count="180" type="stmt"/>
        <line num="45" count="180" type="cond" truecount="4" falsecount="0"/>
        <line num="46" count="22" type="cond" truecount="3" falsecount="0"/>
        <line num="47" count="22" type="cond" truecount="1" falsecount="0"/>
        <line num="48" count="6" type="cond" truecount="0" falsecount="1"/>
        <line num="49" count="0" type="stmt"/>
        <line num="50" count="6" type="stmt"/>
        <line num="51" count="6" type="cond" truecount="1" falsecount="0"/>
        <line num="52" count="6" type="stmt"/>
        <line num="53" count="6" type="stmt"/>
        <line num="54" count="22" type="stmt"/>
        <line num="55" count="22" type="stmt"/>
        <line num="56" count="158" type="cond" truecount="1" falsecount="0"/>
        <line num="57" count="158" type="stmt"/>
        <line num="58" count="180" type="cond" truecount="1" falsecount="0"/>
        <line num="59" count="46" type="cond" truecount="1" falsecount="0"/>
        <line num="60" count="16" type="cond" truecount="1" falsecount="0"/>
        <line num="61" count="46" type="cond" truecount="1" falsecount="0"/>
        <line num="62" count="30" type="cond" truecount="1" falsecount="0"/>
        <line num="63" count="30" type="stmt"/>
        <line num="64" count="180" type="cond" truecount="1" falsecount="0"/>
        <line num="65" count="112" type="stmt"/>
        <line num="66" count="112" type="stmt"/>
        <line num="67" count="158" type="cond" truecount="1" falsecount="0"/>
        <line num="68" count="26" type="stmt"/>
        <line num="69" count="26" type="stmt"/>
        <line num="70" count="26" type="stmt"/>
        <line num="71" count="26" type="stmt"/>
        <line num="72" count="26" type="stmt"/>
        <line num="73" count="26" type="stmt"/>
        <line num="74" count="26" type="stmt"/>
      </file>
    </package>
  </project>
</coverage>
