<?xml version="1.0" encoding="UTF-8"?>
<coverage generated="1675529088496" clover="3.2.0">
  <project timestamp="1675529088496" name="All files">
    <metrics statements="452" coveredstatements="436" conditionals="209" coveredconditionals="190" methods="23" coveredmethods="23" elements="684" coveredelements="649" complexity="0" loc="452" ncloc="452" packages="1" files="3" classes="3"/>
    <file name="diffJsView.ts" path="/Users/lukasz/Dev/_NEW/diff/smart-diff/src/diffJsView.ts">
      <metrics statements="75" coveredstatements="71" conditionals="42" coveredconditionals="38" methods="5" coveredmethods="5"/>
      <line num="1" count="1" type="stmt"/>
      <line num="2" count="1" type="stmt"/>
      <line num="3" count="1" type="stmt"/>
      <line num="4" count="1" type="stmt"/>
      <line num="5" count="1" type="cond" truecount="1" falsecount="0"/>
      <line num="6" count="1" type="stmt"/>
      <line num="7" count="1" type="cond" truecount="1" falsecount="0"/>
      <line num="8" count="41" type="stmt"/>
      <line num="9" count="41" type="cond" truecount="1" falsecount="0"/>
      <line num="10" count="22" type="stmt"/>
      <line num="11" count="22" type="stmt"/>
      <line num="12" count="41" type="cond" truecount="2" falsecount="0"/>
      <line num="13" count="1" type="stmt"/>
      <line num="14" count="1" type="stmt"/>
      <line num="15" count="18" type="cond" truecount="1" falsecount="0"/>
      <line num="16" count="18" type="stmt"/>
      <line num="17" count="1" type="stmt"/>
      <line num="18" count="1" type="stmt"/>
      <line num="19" count="1" type="cond" truecount="1" falsecount="0"/>
      <line num="20" count="44" type="cond" truecount="1" falsecount="0"/>
      <line num="21" count="13" type="stmt"/>
      <line num="22" count="13" type="stmt"/>
      <line num="23" count="44" type="cond" truecount="3" falsecount="0"/>
      <line num="24" count="13" type="stmt"/>
      <line num="25" count="13" type="stmt"/>
      <line num="26" count="44" type="cond" truecount="1" falsecount="1"/>
      <line num="27" count="0" type="stmt"/>
      <line num="28" count="0" type="stmt"/>
      <line num="29" count="44" type="cond" truecount="1" falsecount="1"/>
      <line num="30" count="0" type="stmt"/>
      <line num="31" count="0" type="stmt"/>
      <line num="32" count="18" type="cond" truecount="1" falsecount="0"/>
      <line num="33" count="18" type="stmt"/>
      <line num="34" count="1" type="stmt"/>
      <line num="35" count="1" type="cond" truecount="1" falsecount="0"/>
      <line num="36" count="13" type="cond" truecount="1" falsecount="0"/>
      <line num="37" count="44" type="stmt"/>
      <line num="38" count="44" type="stmt"/>
      <line num="39" count="44" type="cond" truecount="3" falsecount="0"/>
      <line num="40" count="44" type="stmt"/>
      <line num="41" count="44" type="stmt"/>
      <line num="42" count="44" type="cond" truecount="3" falsecount="0"/>
      <line num="43" count="12" type="cond" truecount="1" falsecount="0"/>
      <line num="44" count="4" type="cond" truecount="1" falsecount="0"/>
      <line num="45" count="12" type="cond" truecount="1" falsecount="0"/>
      <line num="46" count="8" type="cond" truecount="1" falsecount="0"/>
      <line num="47" count="8" type="stmt"/>
      <line num="48" count="12" type="cond" truecount="1" falsecount="0"/>
      <line num="49" count="1" type="stmt"/>
      <line num="50" count="12" type="cond" truecount="2" falsecount="0"/>
      <line num="51" count="1" type="stmt"/>
      <line num="52" count="11" type="cond" truecount="2" falsecount="0"/>
      <line num="53" count="7" type="cond" truecount="0" falsecount="1"/>
      <line num="54" count="7" type="stmt"/>
      <line num="55" count="44" type="cond" truecount="1" falsecount="0"/>
      <line num="56" count="32" type="cond" truecount="1" falsecount="0"/>
      <line num="57" count="4" type="stmt"/>
      <line num="58" count="4" type="cond" truecount="0" falsecount="1"/>
      <line num="59" count="32" type="cond" truecount="1" falsecount="0"/>
      <line num="60" count="28" type="stmt"/>
      <line num="61" count="28" type="stmt"/>
      <line num="62" count="32" type="stmt"/>
      <line num="63" count="32" type="cond" truecount="1" falsecount="0"/>
      <line num="64" count="3" type="stmt"/>
      <line num="65" count="3" type="stmt"/>
      <line num="66" count="32" type="stmt"/>
      <line num="67" count="32" type="cond" truecount="3" falsecount="0"/>
      <line num="68" count="9" type="stmt"/>
      <line num="69" count="9" type="stmt"/>
      <line num="70" count="32" type="stmt"/>
      <line num="71" count="44" type="stmt"/>
      <line num="72" count="13" type="stmt"/>
      <line num="73" count="13" type="stmt"/>
      <line num="74" count="13" type="stmt"/>
      <line num="75" count="13" type="stmt"/>
    </file>
    <file name="diffSortedView.ts" path="/Users/lukasz/Dev/_NEW/diff/smart-diff/src/diffSortedView.ts">
      <metrics statements="74" coveredstatements="67" conditionals="45" coveredconditionals="41" methods="5" coveredmethods="5"/>
      <line num="1" count="1" type="stmt"/>
      <line num="2" count="1" type="stmt"/>
      <line num="3" count="1" type="stmt"/>
      <line num="4" count="1" type="stmt"/>
      <line num="5" count="1" type="cond" truecount="1" falsecount="0"/>
      <line num="6" count="1" type="stmt"/>
      <line num="7" count="1" type="cond" truecount="1" falsecount="0"/>
      <line num="8" count="56" type="stmt"/>
      <line num="9" count="56" type="cond" truecount="1" falsecount="0"/>
      <line num="10" count="29" type="stmt"/>
      <line num="11" count="29" type="stmt"/>
      <line num="12" count="56" type="cond" truecount="1" falsecount="1"/>
      <line num="13" count="0" type="stmt"/>
      <line num="14" count="0" type="stmt"/>
      <line num="15" count="27" type="cond" truecount="1" falsecount="0"/>
      <line num="16" count="27" type="stmt"/>
      <line num="17" count="1" type="stmt"/>
      <line num="18" count="1" type="cond" truecount="1" falsecount="0"/>
      <line num="19" count="79" type="cond" truecount="1" falsecount="0"/>
      <line num="20" count="22" type="stmt"/>
      <line num="21" count="22" type="stmt"/>
      <line num="22" count="79" type="cond" truecount="3" falsecount="0"/>
      <line num="23" count="26" type="stmt"/>
      <line num="24" count="26" type="stmt"/>
      <line num="25" count="79" type="cond" truecount="1" falsecount="1"/>
      <line num="26" count="0" type="stmt"/>
      <line num="27" count="0" type="stmt"/>
      <line num="28" count="79" type="cond" truecount="1" falsecount="1"/>
      <line num="29" count="0" type="stmt"/>
      <line num="30" count="0" type="stmt"/>
      <line num="31" count="31" type="cond" truecount="1" falsecount="0"/>
      <line num="32" count="31" type="stmt"/>
      <line num="33" count="1" type="stmt"/>
      <line num="34" count="1" type="cond" truecount="1" falsecount="0"/>
      <line num="35" count="13" type="cond" truecount="1" falsecount="0"/>
      <line num="36" count="90" type="cond" truecount="2" falsecount="0"/>
      <line num="37" count="90" type="cond" truecount="2" falsecount="0"/>
      <line num="38" count="90" type="cond" truecount="2" falsecount="0"/>
      <line num="39" count="90" type="stmt"/>
      <line num="40" count="90" type="stmt"/>
      <line num="41" count="90" type="stmt"/>
      <line num="42" count="90" type="cond" truecount="3" falsecount="0"/>
      <line num="43" count="90" type="stmt"/>
      <line num="44" count="90" type="stmt"/>
      <line num="45" count="90" type="cond" truecount="4" falsecount="0"/>
      <line num="46" count="11" type="cond" truecount="3" falsecount="0"/>
      <line num="47" count="11" type="cond" truecount="1" falsecount="0"/>
      <line num="48" count="3" type="cond" truecount="0" falsecount="1"/>
      <line num="49" count="0" type="stmt"/>
      <line num="50" count="3" type="stmt"/>
      <line num="51" count="3" type="cond" truecount="1" falsecount="0"/>
      <line num="52" count="3" type="stmt"/>
      <line num="53" count="3" type="stmt"/>
      <line num="54" count="11" type="stmt"/>
      <line num="55" count="11" type="stmt"/>
      <line num="56" count="79" type="cond" truecount="1" falsecount="0"/>
      <line num="57" count="79" type="stmt"/>
      <line num="58" count="90" type="cond" truecount="1" falsecount="0"/>
      <line num="59" count="23" type="cond" truecount="1" falsecount="0"/>
      <line num="60" count="8" type="cond" truecount="1" falsecount="0"/>
      <line num="61" count="23" type="cond" truecount="1" falsecount="0"/>
      <line num="62" count="15" type="cond" truecount="1" falsecount="0"/>
      <line num="63" count="15" type="stmt"/>
      <line num="64" count="90" type="cond" truecount="1" falsecount="0"/>
      <line num="65" count="56" type="stmt"/>
      <line num="66" count="56" type="stmt"/>
      <line num="67" count="79" type="cond" truecount="1" falsecount="0"/>
      <line num="68" count="13" type="stmt"/>
      <line num="69" count="13" type="stmt"/>
      <line num="70" count="13" type="stmt"/>
      <line num="71" count="13" type="stmt"/>
      <line num="72" count="13" type="stmt"/>
      <line num="73" count="13" type="stmt"/>
      <line num="74" count="13" type="stmt"/>
    </file>
    <file name="main.ts" path="/Users/lukasz/Dev/_NEW/diff/smart-diff/src/main.ts">
      <metrics statements="303" coveredstatements="298" conditionals="122" coveredconditionals="111" methods="13" coveredmethods="13"/>
      <line num="1" count="1" type="cond" truecount="1" falsecount="0"/>
      <line num="2" count="1" type="cond" truecount="1" falsecount="0"/>
      <line num="3" count="1" type="stmt"/>
      <line num="4" count="1" type="cond" truecount="1" falsecount="0"/>
      <line num="5" count="12" type="stmt"/>
      <line num="6" count="12" type="cond" truecount="1" falsecount="0"/>
      <line num="7" count="1" type="stmt"/>
      <line num="8" count="1" type="cond" truecount="1" falsecount="0"/>
      <line num="9" count="24" type="cond" truecount="1" falsecount="0"/>
      <line num="10" count="24" type="cond" truecount="1" falsecount="0"/>
      <line num="11" count="24" type="cond" truecount="1" falsecount="0"/>
      <line num="12" count="24" type="cond" truecount="1" falsecount="0"/>
      <line num="13" count="24" type="cond" truecount="1" falsecount="0"/>
      <line num="14" count="24" type="cond" truecount="1" falsecount="0"/>
      <line num="15" count="24" type="cond" truecount="1" falsecount="0"/>
      <line num="16" count="24" type="cond" truecount="1" falsecount="0"/>
      <line num="17" count="1" type="stmt"/>
      <line num="18" count="1" type="cond" truecount="1" falsecount="0"/>
      <line num="19" count="24" type="stmt"/>
      <line num="20" count="24" type="stmt"/>
      <line num="21" count="24" type="cond" truecount="1" falsecount="0"/>
      <line num="22" count="24" type="cond" truecount="1" falsecount="0"/>
      <line num="23" count="24" type="stmt"/>
      <line num="24" count="24" type="stmt"/>
      <line num="25" count="24" type="stmt"/>
      <line num="26" count="24" type="stmt"/>
      <line num="27" count="24" type="stmt"/>
      <line num="28" count="24" type="stmt"/>
      <line num="29" count="24" type="stmt"/>
      <line num="30" count="24" type="stmt"/>
      <line num="31" count="1" type="stmt"/>
      <line num="32" count="1" type="cond" truecount="1" falsecount="0"/>
      <line num="33" count="1" type="cond" truecount="1" falsecount="0"/>
      <line num="34" count="1" type="stmt"/>
      <line num="35" count="1" type="cond" truecount="1" falsecount="0"/>
      <line num="36" count="135" type="cond" truecount="2" falsecount="0"/>
      <line num="37" count="24" type="cond" truecount="1" falsecount="1"/>
      <line num="38" count="24" type="stmt"/>
      <line num="39" count="111" type="cond" truecount="1" falsecount="0"/>
      <line num="40" count="111" type="stmt"/>
      <line num="41" count="1" type="cond" truecount="1" falsecount="0"/>
      <line num="42" count="513" type="cond" truecount="1" falsecount="0"/>
      <line num="43" count="119" type="stmt"/>
      <line num="44" count="119" type="stmt"/>
      <line num="45" count="119" type="stmt"/>
      <line num="46" count="119" type="stmt"/>
      <line num="47" count="513" type="stmt"/>
      <line num="48" count="1" type="stmt"/>
      <line num="49" count="1" type="cond" truecount="1" falsecount="0"/>
      <line num="50" count="480" type="stmt"/>
      <line num="51" count="480" type="cond" truecount="1" falsecount="0"/>
      <line num="52" count="116" type="stmt"/>
      <line num="53" count="480" type="cond" truecount="1" falsecount="0"/>
      <line num="54" count="24" type="stmt"/>
      <line num="55" count="480" type="cond" truecount="1" falsecount="0"/>
      <line num="56" count="159" type="stmt"/>
      <line num="57" count="480" type="cond" truecount="1" falsecount="0"/>
      <line num="58" count="100" type="stmt"/>
      <line num="59" count="480" type="cond" truecount="1" falsecount="0"/>
      <line num="60" count="19" type="stmt"/>
      <line num="61" count="480" type="cond" truecount="1" falsecount="0"/>
      <line num="62" count="14" type="stmt"/>
      <line num="63" count="480" type="cond" truecount="1" falsecount="0"/>
      <line num="64" count="48" type="stmt"/>
      <line num="65" count="480" type="cond" truecount="0" falsecount="1"/>
      <line num="66" count="0" type="stmt"/>
      <line num="67" count="480" type="stmt"/>
      <line num="68" count="480" type="stmt"/>
      <line num="69" count="1" type="stmt"/>
      <line num="70" count="1" type="stmt"/>
      <line num="71" count="1" type="stmt"/>
      <line num="72" count="1" type="stmt"/>
      <line num="73" count="1" type="stmt"/>
      <line num="74" count="1" type="stmt"/>
      <line num="75" count="1" type="stmt"/>
      <line num="76" count="1" type="stmt"/>
      <line num="77" count="1" type="stmt"/>
      <line num="78" count="1" type="stmt"/>
      <line num="79" count="1" type="stmt"/>
      <line num="80" count="1" type="stmt"/>
      <line num="81" count="1" type="stmt"/>
      <line num="82" count="1" type="stmt"/>
      <line num="83" count="1" type="stmt"/>
      <line num="84" count="1" type="stmt"/>
      <line num="85" count="1" type="stmt"/>
      <line num="86" count="1" type="stmt"/>
      <line num="87" count="1" type="stmt"/>
      <line num="88" count="1" type="stmt"/>
      <line num="89" count="1" type="stmt"/>
      <line num="90" count="1" type="stmt"/>
      <line num="91" count="1" type="stmt"/>
      <line num="92" count="1" type="stmt"/>
      <line num="93" count="1" type="stmt"/>
      <line num="94" count="1" type="stmt"/>
      <line num="95" count="1" type="stmt"/>
      <line num="96" count="1" type="stmt"/>
      <line num="97" count="1" type="stmt"/>
      <line num="98" count="1" type="stmt"/>
      <line num="99" count="1" type="stmt"/>
      <line num="100" count="1" type="stmt"/>
      <line num="101" count="1" type="cond" truecount="2" falsecount="0"/>
      <line num="102" count="39" type="stmt"/>
      <line num="103" count="39" type="cond" truecount="1" falsecount="0"/>
      <line num="104" count="36" type="stmt"/>
      <line num="105" count="36" type="stmt"/>
      <line num="106" count="3" type="cond" truecount="1" falsecount="0"/>
      <line num="107" count="3" type="stmt"/>
      <line num="108" count="1" type="stmt"/>
      <line num="109" count="1" type="cond" truecount="1" falsecount="0"/>
      <line num="110" count="39" type="stmt"/>
      <line num="111" count="39" type="stmt"/>
      <line num="112" count="39" type="cond" truecount="1" falsecount="0"/>
      <line num="113" count="39" type="stmt"/>
      <line num="114" count="39" type="cond" truecount="1" falsecount="0"/>
      <line num="115" count="135" type="stmt"/>
      <line num="116" count="135" type="stmt"/>
      <line num="117" count="135" type="stmt"/>
      <line num="118" count="135" type="stmt"/>
      <line num="119" count="135" type="stmt"/>
      <line num="120" count="135" type="stmt"/>
      <line num="121" count="135" type="stmt"/>
      <line num="122" count="135" type="stmt"/>
      <line num="123" count="135" type="stmt"/>
      <line num="124" count="135" type="stmt"/>
      <line num="125" count="135" type="stmt"/>
      <line num="126" count="135" type="stmt"/>
      <line num="127" count="135" type="stmt"/>
      <line num="128" count="135" type="stmt"/>
      <line num="129" count="135" type="stmt"/>
      <line num="130" count="135" type="stmt"/>
      <line num="131" count="135" type="stmt"/>
      <line num="132" count="135" type="stmt"/>
      <line num="133" count="135" type="stmt"/>
      <line num="134" count="135" type="stmt"/>
      <line num="135" count="135" type="stmt"/>
      <line num="136" count="135" type="stmt"/>
      <line num="137" count="135" type="cond" truecount="3" falsecount="0"/>
      <line num="138" count="135" type="stmt"/>
      <line num="139" count="135" type="stmt"/>
      <line num="140" count="135" type="stmt"/>
      <line num="141" count="135" type="stmt"/>
      <line num="142" count="135" type="stmt"/>
      <line num="143" count="135" type="stmt"/>
      <line num="144" count="135" type="stmt"/>
      <line num="145" count="135" type="stmt"/>
      <line num="146" count="135" type="stmt"/>
      <line num="147" count="135" type="stmt"/>
      <line num="148" count="135" type="stmt"/>
      <line num="149" count="135" type="stmt"/>
      <line num="150" count="135" type="cond" truecount="2" falsecount="0"/>
      <line num="151" count="27" type="stmt"/>
      <line num="152" count="27" type="stmt"/>
      <line num="153" count="27" type="cond" truecount="2" falsecount="0"/>
      <line num="154" count="27" type="cond" truecount="2" falsecount="0"/>
      <line num="155" count="27" type="cond" truecount="2" falsecount="0"/>
      <line num="156" count="27" type="stmt"/>
      <line num="157" count="27" type="cond" truecount="1" falsecount="0"/>
      <line num="158" count="57" type="cond" truecount="2" falsecount="0"/>
      <line num="159" count="57" type="cond" truecount="2" falsecount="0"/>
      <line num="160" count="57" type="cond" truecount="2" falsecount="0"/>
      <line num="161" count="57" type="cond" truecount="2" falsecount="0"/>
      <line num="162" count="57" type="stmt"/>
      <line num="163" count="57" type="cond" truecount="2" falsecount="0"/>
      <line num="164" count="57" type="cond" truecount="2" falsecount="0"/>
      <line num="165" count="57" type="cond" truecount="2" falsecount="0"/>
      <line num="166" count="57" type="cond" truecount="2" falsecount="0"/>
      <line num="167" count="57" type="stmt"/>
      <line num="168" count="57" type="stmt"/>
      <line num="169" count="57" type="stmt"/>
      <line num="170" count="57" type="stmt"/>
      <line num="171" count="57" type="cond" truecount="1" falsecount="0"/>
      <line num="172" count="57" type="stmt"/>
      <line num="173" count="57" type="stmt"/>
      <line num="174" count="57" type="stmt"/>
      <line num="175" count="57" type="stmt"/>
      <line num="176" count="57" type="stmt"/>
      <line num="177" count="27" type="stmt"/>
      <line num="178" count="27" type="stmt"/>
      <line num="179" count="135" type="cond" truecount="3" falsecount="0"/>
      <line num="180" count="12" type="stmt"/>
      <line num="181" count="12" type="stmt"/>
      <line num="182" count="12" type="stmt"/>
      <line num="183" count="12" type="stmt"/>
      <line num="184" count="12" type="stmt"/>
      <line num="185" count="12" type="cond" truecount="1" falsecount="1"/>
      <line num="186" count="33" type="cond" truecount="2" falsecount="1"/>
      <line num="187" count="33" type="cond" truecount="3" falsecount="0"/>
      <line num="188" count="18" type="stmt"/>
      <line num="189" count="18" type="stmt"/>
      <line num="190" count="33" type="cond" truecount="1" falsecount="0"/>
      <line num="191" count="15" type="stmt"/>
      <line num="192" count="15" type="stmt"/>
      <line num="193" count="12" type="stmt"/>
      <line num="194" count="12" type="stmt"/>
      <line num="195" count="12" type="stmt"/>
      <line num="196" count="12" type="stmt"/>
      <line num="197" count="12" type="stmt"/>
      <line num="198" count="12" type="cond" truecount="1" falsecount="1"/>
      <line num="199" count="36" type="cond" truecount="2" falsecount="1"/>
      <line num="200" count="36" type="cond" truecount="3" falsecount="0"/>
      <line num="201" count="18" type="stmt"/>
      <line num="202" count="18" type="stmt"/>
      <line num="203" count="18" type="stmt"/>
      <line num="204" count="18" type="stmt"/>
      <line num="205" count="18" type="stmt"/>
      <line num="206" count="12" type="stmt"/>
      <line num="207" count="12" type="stmt"/>
      <line num="208" count="12" type="stmt"/>
      <line num="209" count="12" type="stmt"/>
      <line num="210" count="12" type="cond" truecount="1" falsecount="0"/>
      <line num="211" count="21" type="cond" truecount="1" falsecount="0"/>
      <line num="212" count="21" type="cond" truecount="1" falsecount="0"/>
      <line num="213" count="21" type="stmt"/>
      <line num="214" count="21" type="cond" truecount="3" falsecount="0"/>
      <line num="215" count="21" type="cond" truecount="3" falsecount="0"/>
      <line num="216" count="21" type="stmt"/>
      <line num="217" count="21" type="stmt"/>
      <line num="218" count="21" type="stmt"/>
      <line num="219" count="21" type="stmt"/>
      <line num="220" count="21" type="stmt"/>
      <line num="221" count="21" type="stmt"/>
      <line num="222" count="21" type="stmt"/>
      <line num="223" count="21" type="stmt"/>
      <line num="224" count="21" type="cond" truecount="1" falsecount="0"/>
      <line num="225" count="21" type="cond" truecount="1" falsecount="0"/>
      <line num="226" count="21" type="cond" truecount="1" falsecount="0"/>
      <line num="227" count="21" type="stmt"/>
      <line num="228" count="21" type="stmt"/>
      <line num="229" count="12" type="stmt"/>
      <line num="230" count="12" type="stmt"/>
      <line num="231" count="12" type="cond" truecount="0" falsecount="1"/>
      <line num="232" count="12" type="cond" truecount="0" falsecount="1"/>
      <line num="233" count="12" type="stmt"/>
      <line num="234" count="12" type="cond" truecount="1" falsecount="0"/>
      <line num="235" count="15" type="stmt"/>
      <line num="236" count="15" type="stmt"/>
      <line num="237" count="12" type="stmt"/>
      <line num="238" count="12" type="cond" truecount="1" falsecount="0"/>
      <line num="239" count="18" type="stmt"/>
      <line num="240" count="18" type="stmt"/>
      <line num="241" count="12" type="stmt"/>
      <line num="242" count="12" type="stmt"/>
      <line num="243" count="12" type="stmt"/>
      <line num="244" count="12" type="stmt"/>
      <line num="245" count="12" type="cond" truecount="1" falsecount="0"/>
      <line num="246" count="18" type="stmt"/>
      <line num="247" count="18" type="stmt"/>
      <line num="248" count="18" type="stmt"/>
      <line num="249" count="18" type="stmt"/>
      <line num="250" count="18" type="stmt"/>
      <line num="251" count="18" type="stmt"/>
      <line num="252" count="18" type="stmt"/>
      <line num="253" count="18" type="stmt"/>
      <line num="254" count="0" type="cond" truecount="0" falsecount="1"/>
      <line num="255" count="0" type="stmt"/>
      <line num="256" count="0" type="stmt"/>
      <line num="257" count="0" type="stmt"/>
      <line num="258" count="12" type="stmt"/>
      <line num="259" count="12" type="cond" truecount="1" falsecount="0"/>
      <line num="260" count="18" type="stmt"/>
      <line num="261" count="18" type="cond" truecount="2" falsecount="0"/>
      <line num="262" count="18" type="cond" truecount="1" falsecount="1"/>
      <line num="263" count="18" type="stmt"/>
      <line num="264" count="18" type="cond" truecount="3" falsecount="0"/>
      <line num="265" count="18" type="cond" truecount="0" falsecount="1"/>
      <line num="266" count="18" type="stmt"/>
      <line num="267" count="18" type="stmt"/>
      <line num="268" count="18" type="stmt"/>
      <line num="269" count="18" type="stmt"/>
      <line num="270" count="18" type="stmt"/>
      <line num="271" count="18" type="stmt"/>
      <line num="272" count="18" type="cond" truecount="1" falsecount="0"/>
      <line num="273" count="18" type="cond" truecount="1" falsecount="0"/>
      <line num="274" count="18" type="cond" truecount="1" falsecount="0"/>
      <line num="275" count="18" type="stmt"/>
      <line num="276" count="18" type="stmt"/>
      <line num="277" count="12" type="stmt"/>
      <line num="278" count="12" type="stmt"/>
      <line num="279" count="12" type="stmt"/>
      <line num="280" count="12" type="stmt"/>
      <line num="281" count="12" type="stmt"/>
      <line num="282" count="12" type="stmt"/>
      <line num="283" count="108" type="cond" truecount="1" falsecount="0"/>
      <line num="284" count="96" type="stmt"/>
      <line num="285" count="96" type="stmt"/>
      <line num="286" count="135" type="stmt"/>
      <line num="287" count="135" type="stmt"/>
      <line num="288" count="135" type="stmt"/>
      <line num="289" count="135" type="stmt"/>
      <line num="290" count="135" type="stmt"/>
      <line num="291" count="39" type="stmt"/>
      <line num="292" count="39" type="stmt"/>
      <line num="293" count="39" type="stmt"/>
      <line num="294" count="39" type="stmt"/>
      <line num="295" count="39" type="stmt"/>
      <line num="296" count="39" type="stmt"/>
      <line num="297" count="39" type="stmt"/>
      <line num="298" count="39" type="stmt"/>
      <line num="299" count="39" type="stmt"/>
      <line num="300" count="39" type="stmt"/>
      <line num="301" count="39" type="stmt"/>
      <line num="302" count="1" type="stmt"/>
      <line num="303" count="1" type="stmt"/>
    </file>
  </project>
</coverage>
