{"/Users/lukasz/Dev/_NEW/diff/differrer/src/main.ts": {"path":"/Users/lukasz/Dev/_NEW/diff/differrer/src/main.ts","all":false,"statementMap":{"0":{"start":{"line":1,"column":0},"end":{"line":1,"column":53}},"1":{"start":{"line":2,"column":0},"end":{"line":2,"column":65}},"2":{"start":{"line":3,"column":0},"end":{"line":3,"column":95}},"3":{"start":{"line":4,"column":0},"end":{"line":4,"column":0}},"4":{"start":{"line":5,"column":0},"end":{"line":5,"column":43}},"5":{"start":{"line":6,"column":0},"end":{"line":6,"column":11}},"6":{"start":{"line":7,"column":0},"end":{"line":7,"column":72}},"7":{"start":{"line":8,"column":0},"end":{"line":8,"column":4}},"8":{"start":{"line":9,"column":0},"end":{"line":9,"column":119}},"9":{"start":{"line":10,"column":0},"end":{"line":10,"column":78}},"10":{"start":{"line":11,"column":0},"end":{"line":11,"column":78}},"11":{"start":{"line":12,"column":0},"end":{"line":12,"column":73}},"12":{"start":{"line":13,"column":0},"end":{"line":13,"column":75}},"13":{"start":{"line":14,"column":0},"end":{"line":14,"column":63}},"14":{"start":{"line":15,"column":0},"end":{"line":15,"column":78}},"15":{"start":{"line":16,"column":0},"end":{"line":16,"column":73}},"16":{"start":{"line":17,"column":0},"end":{"line":17,"column":75}},"17":{"start":{"line":18,"column":0},"end":{"line":18,"column":3}},"18":{"start":{"line":19,"column":0},"end":{"line":19,"column":192}},"19":{"start":{"line":20,"column":0},"end":{"line":20,"column":42}},"20":{"start":{"line":21,"column":0},"end":{"line":21,"column":10}},"21":{"start":{"line":22,"column":0},"end":{"line":22,"column":50}},"22":{"start":{"line":23,"column":0},"end":{"line":23,"column":93}},"23":{"start":{"line":24,"column":0},"end":{"line":24,"column":27}},"24":{"start":{"line":25,"column":0},"end":{"line":25,"column":28}},"25":{"start":{"line":26,"column":0},"end":{"line":26,"column":20}},"26":{"start":{"line":27,"column":0},"end":{"line":27,"column":25}},"27":{"start":{"line":28,"column":0},"end":{"line":28,"column":22}},"28":{"start":{"line":29,"column":0},"end":{"line":29,"column":21}},"29":{"start":{"line":30,"column":0},"end":{"line":30,"column":4}},"30":{"start":{"line":31,"column":0},"end":{"line":31,"column":1}},"31":{"start":{"line":32,"column":0},"end":{"line":32,"column":0}},"32":{"start":{"line":33,"column":0},"end":{"line":33,"column":50}},"33":{"start":{"line":34,"column":0},"end":{"line":34,"column":55}},"34":{"start":{"line":35,"column":0},"end":{"line":35,"column":0}},"35":{"start":{"line":36,"column":0},"end":{"line":36,"column":41}},"36":{"start":{"line":37,"column":0},"end":{"line":37,"column":55}},"37":{"start":{"line":38,"column":0},"end":{"line":38,"column":43}},"38":{"start":{"line":39,"column":0},"end":{"line":39,"column":3}},"39":{"start":{"line":40,"column":0},"end":{"line":40,"column":17}},"40":{"start":{"line":41,"column":0},"end":{"line":41,"column":2}},"41":{"start":{"line":42,"column":0},"end":{"line":42,"column":80}},"42":{"start":{"line":43,"column":0},"end":{"line":43,"column":66}},"43":{"start":{"line":44,"column":0},"end":{"line":44,"column":40}},"44":{"start":{"line":45,"column":0},"end":{"line":45,"column":87}},"45":{"start":{"line":46,"column":0},"end":{"line":46,"column":68}},"46":{"start":{"line":47,"column":0},"end":{"line":47,"column":5}},"47":{"start":{"line":48,"column":0},"end":{"line":48,"column":3}},"48":{"start":{"line":49,"column":0},"end":{"line":49,"column":2}},"49":{"start":{"line":50,"column":0},"end":{"line":50,"column":40}},"50":{"start":{"line":51,"column":0},"end":{"line":51,"column":17}},"51":{"start":{"line":52,"column":0},"end":{"line":52,"column":30}},"52":{"start":{"line":53,"column":0},"end":{"line":53,"column":22}},"53":{"start":{"line":54,"column":0},"end":{"line":54,"column":30}},"54":{"start":{"line":55,"column":0},"end":{"line":55,"column":21}},"55":{"start":{"line":56,"column":0},"end":{"line":56,"column":35}},"56":{"start":{"line":57,"column":0},"end":{"line":57,"column":22}},"57":{"start":{"line":58,"column":0},"end":{"line":58,"column":35}},"58":{"start":{"line":59,"column":0},"end":{"line":59,"column":22}},"59":{"start":{"line":60,"column":0},"end":{"line":60,"column":36}},"60":{"start":{"line":61,"column":0},"end":{"line":61,"column":23}},"61":{"start":{"line":62,"column":0},"end":{"line":62,"column":24}},"62":{"start":{"line":63,"column":0},"end":{"line":63,"column":20}},"63":{"start":{"line":64,"column":0},"end":{"line":64,"column":29}},"64":{"start":{"line":65,"column":0},"end":{"line":65,"column":25}},"65":{"start":{"line":66,"column":0},"end":{"line":66,"column":12}},"66":{"start":{"line":67,"column":0},"end":{"line":67,"column":23}},"67":{"start":{"line":68,"column":0},"end":{"line":68,"column":3}},"68":{"start":{"line":69,"column":0},"end":{"line":69,"column":2}},"69":{"start":{"line":70,"column":0},"end":{"line":70,"column":0}},"70":{"start":{"line":71,"column":0},"end":{"line":71,"column":110}},"71":{"start":{"line":72,"column":0},"end":{"line":72,"column":123}},"72":{"start":{"line":73,"column":0},"end":{"line":73,"column":27}},"73":{"start":{"line":74,"column":0},"end":{"line":74,"column":39}},"74":{"start":{"line":75,"column":0},"end":{"line":75,"column":39}},"75":{"start":{"line":76,"column":0},"end":{"line":76,"column":28}},"76":{"start":{"line":77,"column":0},"end":{"line":77,"column":28}},"77":{"start":{"line":78,"column":0},"end":{"line":78,"column":21}},"78":{"start":{"line":79,"column":0},"end":{"line":79,"column":25}},"79":{"start":{"line":80,"column":0},"end":{"line":80,"column":0}},"80":{"start":{"line":81,"column":0},"end":{"line":81,"column":38}},"81":{"start":{"line":82,"column":0},"end":{"line":82,"column":0}},"82":{"start":{"line":83,"column":0},"end":{"line":83,"column":38}},"83":{"start":{"line":84,"column":0},"end":{"line":84,"column":38}},"84":{"start":{"line":85,"column":0},"end":{"line":85,"column":28}},"85":{"start":{"line":86,"column":0},"end":{"line":86,"column":0}},"86":{"start":{"line":87,"column":0},"end":{"line":87,"column":21}},"87":{"start":{"line":88,"column":0},"end":{"line":88,"column":21}},"88":{"start":{"line":89,"column":0},"end":{"line":89,"column":20}},"89":{"start":{"line":90,"column":0},"end":{"line":90,"column":0}},"90":{"start":{"line":91,"column":0},"end":{"line":91,"column":17}},"91":{"start":{"line":92,"column":0},"end":{"line":92,"column":19}},"92":{"start":{"line":93,"column":0},"end":{"line":93,"column":19}},"93":{"start":{"line":94,"column":0},"end":{"line":94,"column":0}},"94":{"start":{"line":95,"column":0},"end":{"line":95,"column":66}},"95":{"start":{"line":96,"column":0},"end":{"line":96,"column":2}},"96":{"start":{"line":97,"column":0},"end":{"line":97,"column":27}},"97":{"start":{"line":98,"column":0},"end":{"line":98,"column":27}},"98":{"start":{"line":99,"column":0},"end":{"line":99,"column":39}},"99":{"start":{"line":100,"column":0},"end":{"line":100,"column":83}},"100":{"start":{"line":101,"column":0},"end":{"line":101,"column":2}},"101":{"start":{"line":102,"column":0},"end":{"line":102,"column":0}},"102":{"start":{"line":103,"column":0},"end":{"line":103,"column":153}},"103":{"start":{"line":104,"column":0},"end":{"line":104,"column":56}},"104":{"start":{"line":105,"column":0},"end":{"line":105,"column":65}},"105":{"start":{"line":106,"column":0},"end":{"line":106,"column":18}},"106":{"start":{"line":107,"column":0},"end":{"line":107,"column":3}},"107":{"start":{"line":108,"column":0},"end":{"line":108,"column":14}},"108":{"start":{"line":109,"column":0},"end":{"line":109,"column":2}},"109":{"start":{"line":110,"column":0},"end":{"line":110,"column":0}},"110":{"start":{"line":111,"column":0},"end":{"line":111,"column":22}},"111":{"start":{"line":112,"column":0},"end":{"line":112,"column":25}},"112":{"start":{"line":113,"column":0},"end":{"line":113,"column":42}},"113":{"start":{"line":114,"column":0},"end":{"line":114,"column":11}},"114":{"start":{"line":115,"column":0},"end":{"line":115,"column":81}},"115":{"start":{"line":116,"column":0},"end":{"line":116,"column":75}},"116":{"start":{"line":117,"column":0},"end":{"line":117,"column":22}},"117":{"start":{"line":118,"column":0},"end":{"line":118,"column":46}},"118":{"start":{"line":119,"column":0},"end":{"line":119,"column":46}},"119":{"start":{"line":120,"column":0},"end":{"line":120,"column":47}},"120":{"start":{"line":121,"column":0},"end":{"line":121,"column":47}},"121":{"start":{"line":122,"column":0},"end":{"line":122,"column":38}},"122":{"start":{"line":123,"column":0},"end":{"line":123,"column":37}},"123":{"start":{"line":124,"column":0},"end":{"line":124,"column":21}},"124":{"start":{"line":125,"column":0},"end":{"line":125,"column":99}},"125":{"start":{"line":126,"column":0},"end":{"line":126,"column":99}},"126":{"start":{"line":127,"column":0},"end":{"line":127,"column":0}},"127":{"start":{"line":128,"column":0},"end":{"line":128,"column":44}},"128":{"start":{"line":129,"column":0},"end":{"line":129,"column":44}},"129":{"start":{"line":130,"column":0},"end":{"line":130,"column":0}},"130":{"start":{"line":131,"column":0},"end":{"line":131,"column":38}},"131":{"start":{"line":132,"column":0},"end":{"line":132,"column":17}},"132":{"start":{"line":133,"column":0},"end":{"line":133,"column":17}},"133":{"start":{"line":134,"column":0},"end":{"line":134,"column":18}},"134":{"start":{"line":135,"column":0},"end":{"line":135,"column":18}},"135":{"start":{"line":136,"column":0},"end":{"line":136,"column":22}},"136":{"start":{"line":137,"column":0},"end":{"line":137,"column":26}},"137":{"start":{"line":138,"column":0},"end":{"line":138,"column":0}},"138":{"start":{"line":139,"column":0},"end":{"line":139,"column":24}},"139":{"start":{"line":140,"column":0},"end":{"line":140,"column":0}},"140":{"start":{"line":141,"column":0},"end":{"line":141,"column":18}},"141":{"start":{"line":142,"column":0},"end":{"line":142,"column":18}},"142":{"start":{"line":143,"column":0},"end":{"line":143,"column":99}},"143":{"start":{"line":144,"column":0},"end":{"line":144,"column":0}},"144":{"start":{"line":145,"column":0},"end":{"line":145,"column":17}},"145":{"start":{"line":146,"column":0},"end":{"line":146,"column":17}},"146":{"start":{"line":147,"column":0},"end":{"line":147,"column":42}},"147":{"start":{"line":148,"column":0},"end":{"line":148,"column":0}},"148":{"start":{"line":149,"column":0},"end":{"line":149,"column":19}},"149":{"start":{"line":150,"column":0},"end":{"line":150,"column":21}},"150":{"start":{"line":151,"column":0},"end":{"line":151,"column":21}},"151":{"start":{"line":152,"column":0},"end":{"line":152,"column":0}},"152":{"start":{"line":153,"column":0},"end":{"line":153,"column":21}},"153":{"start":{"line":154,"column":0},"end":{"line":154,"column":6}},"154":{"start":{"line":155,"column":0},"end":{"line":155,"column":0}},"155":{"start":{"line":156,"column":0},"end":{"line":156,"column":61}},"156":{"start":{"line":157,"column":0},"end":{"line":157,"column":53}},"157":{"start":{"line":158,"column":0},"end":{"line":158,"column":53}},"158":{"start":{"line":159,"column":0},"end":{"line":159,"column":97}},"159":{"start":{"line":160,"column":0},"end":{"line":160,"column":97}},"160":{"start":{"line":161,"column":0},"end":{"line":161,"column":75}},"161":{"start":{"line":162,"column":0},"end":{"line":162,"column":0}},"162":{"start":{"line":163,"column":0},"end":{"line":163,"column":83}},"163":{"start":{"line":164,"column":0},"end":{"line":164,"column":99}},"164":{"start":{"line":165,"column":0},"end":{"line":165,"column":99}},"165":{"start":{"line":166,"column":0},"end":{"line":166,"column":70}},"166":{"start":{"line":167,"column":0},"end":{"line":167,"column":70}},"167":{"start":{"line":168,"column":0},"end":{"line":168,"column":44}},"168":{"start":{"line":169,"column":0},"end":{"line":169,"column":72}},"169":{"start":{"line":170,"column":0},"end":{"line":170,"column":72}},"170":{"start":{"line":171,"column":0},"end":{"line":171,"column":50}},"171":{"start":{"line":172,"column":0},"end":{"line":172,"column":50}},"172":{"start":{"line":173,"column":0},"end":{"line":173,"column":22}},"173":{"start":{"line":174,"column":0},"end":{"line":174,"column":21}},"174":{"start":{"line":175,"column":0},"end":{"line":175,"column":10}},"175":{"start":{"line":176,"column":0},"end":{"line":176,"column":0}},"176":{"start":{"line":177,"column":0},"end":{"line":177,"column":84}},"177":{"start":{"line":178,"column":0},"end":{"line":178,"column":52}},"178":{"start":{"line":179,"column":0},"end":{"line":179,"column":54}},"179":{"start":{"line":180,"column":0},"end":{"line":180,"column":0}},"180":{"start":{"line":181,"column":0},"end":{"line":181,"column":36}},"181":{"start":{"line":182,"column":0},"end":{"line":182,"column":19}},"182":{"start":{"line":183,"column":0},"end":{"line":183,"column":47}},"183":{"start":{"line":184,"column":0},"end":{"line":184,"column":38}},"184":{"start":{"line":185,"column":0},"end":{"line":185,"column":66}},"185":{"start":{"line":186,"column":0},"end":{"line":186,"column":51}},"186":{"start":{"line":187,"column":0},"end":{"line":187,"column":51}},"187":{"start":{"line":188,"column":0},"end":{"line":188,"column":71}},"188":{"start":{"line":189,"column":0},"end":{"line":189,"column":95}},"189":{"start":{"line":190,"column":0},"end":{"line":190,"column":65}},"190":{"start":{"line":191,"column":0},"end":{"line":191,"column":77}},"191":{"start":{"line":192,"column":0},"end":{"line":192,"column":142}},"192":{"start":{"line":193,"column":0},"end":{"line":193,"column":42}},"193":{"start":{"line":194,"column":0},"end":{"line":194,"column":46}},"194":{"start":{"line":195,"column":0},"end":{"line":195,"column":37}},"195":{"start":{"line":196,"column":0},"end":{"line":196,"column":16}},"196":{"start":{"line":197,"column":0},"end":{"line":197,"column":54}},"197":{"start":{"line":198,"column":0},"end":{"line":198,"column":9}},"198":{"start":{"line":199,"column":0},"end":{"line":199,"column":9}},"199":{"start":{"line":200,"column":0},"end":{"line":200,"column":0}},"200":{"start":{"line":201,"column":0},"end":{"line":201,"column":71}},"201":{"start":{"line":202,"column":0},"end":{"line":202,"column":95}},"202":{"start":{"line":203,"column":0},"end":{"line":203,"column":65}},"203":{"start":{"line":204,"column":0},"end":{"line":204,"column":77}},"204":{"start":{"line":205,"column":0},"end":{"line":205,"column":142}},"205":{"start":{"line":206,"column":0},"end":{"line":206,"column":42}},"206":{"start":{"line":207,"column":0},"end":{"line":207,"column":46}},"207":{"start":{"line":208,"column":0},"end":{"line":208,"column":37}},"208":{"start":{"line":209,"column":0},"end":{"line":209,"column":16}},"209":{"start":{"line":210,"column":0},"end":{"line":210,"column":54}},"210":{"start":{"line":211,"column":0},"end":{"line":211,"column":9}},"211":{"start":{"line":212,"column":0},"end":{"line":212,"column":9}},"212":{"start":{"line":213,"column":0},"end":{"line":213,"column":0}},"213":{"start":{"line":214,"column":0},"end":{"line":214,"column":101}},"214":{"start":{"line":215,"column":0},"end":{"line":215,"column":0}},"215":{"start":{"line":216,"column":0},"end":{"line":216,"column":48}},"216":{"start":{"line":217,"column":0},"end":{"line":217,"column":83}},"217":{"start":{"line":218,"column":0},"end":{"line":218,"column":83}},"218":{"start":{"line":219,"column":0},"end":{"line":219,"column":44}},"219":{"start":{"line":220,"column":0},"end":{"line":220,"column":84}},"220":{"start":{"line":221,"column":0},"end":{"line":221,"column":84}},"221":{"start":{"line":222,"column":0},"end":{"line":222,"column":22}},"222":{"start":{"line":223,"column":0},"end":{"line":223,"column":22}},"223":{"start":{"line":224,"column":0},"end":{"line":224,"column":22}},"224":{"start":{"line":225,"column":0},"end":{"line":225,"column":21}},"225":{"start":{"line":226,"column":0},"end":{"line":226,"column":10}},"226":{"start":{"line":227,"column":0},"end":{"line":227,"column":0}},"227":{"start":{"line":228,"column":0},"end":{"line":228,"column":42}},"228":{"start":{"line":229,"column":0},"end":{"line":229,"column":0}},"229":{"start":{"line":230,"column":0},"end":{"line":230,"column":84}},"230":{"start":{"line":231,"column":0},"end":{"line":231,"column":84}},"231":{"start":{"line":232,"column":0},"end":{"line":232,"column":86}},"232":{"start":{"line":233,"column":0},"end":{"line":233,"column":0}},"233":{"start":{"line":234,"column":0},"end":{"line":234,"column":32}},"234":{"start":{"line":235,"column":0},"end":{"line":235,"column":9}},"235":{"start":{"line":236,"column":0},"end":{"line":236,"column":0}},"236":{"start":{"line":237,"column":0},"end":{"line":237,"column":110}},"237":{"start":{"line":238,"column":0},"end":{"line":238,"column":110}},"238":{"start":{"line":239,"column":0},"end":{"line":239,"column":0}},"239":{"start":{"line":240,"column":0},"end":{"line":240,"column":136}},"240":{"start":{"line":241,"column":0},"end":{"line":241,"column":15}},"241":{"start":{"line":242,"column":0},"end":{"line":242,"column":31}},"242":{"start":{"line":243,"column":0},"end":{"line":243,"column":14}},"243":{"start":{"line":244,"column":0},"end":{"line":244,"column":136}},"244":{"start":{"line":245,"column":0},"end":{"line":245,"column":15}},"245":{"start":{"line":246,"column":0},"end":{"line":246,"column":31}},"246":{"start":{"line":247,"column":0},"end":{"line":247,"column":14}},"247":{"start":{"line":248,"column":0},"end":{"line":248,"column":0}},"248":{"start":{"line":249,"column":0},"end":{"line":249,"column":94}},"249":{"start":{"line":250,"column":0},"end":{"line":250,"column":51}},"250":{"start":{"line":251,"column":0},"end":{"line":251,"column":31}},"251":{"start":{"line":252,"column":0},"end":{"line":252,"column":22}},"252":{"start":{"line":253,"column":0},"end":{"line":253,"column":32}},"253":{"start":{"line":254,"column":0},"end":{"line":254,"column":64}},"254":{"start":{"line":255,"column":0},"end":{"line":255,"column":63}},"255":{"start":{"line":256,"column":0},"end":{"line":256,"column":12}},"256":{"start":{"line":257,"column":0},"end":{"line":257,"column":29}},"257":{"start":{"line":258,"column":0},"end":{"line":258,"column":32}},"258":{"start":{"line":259,"column":0},"end":{"line":259,"column":9}},"259":{"start":{"line":260,"column":0},"end":{"line":260,"column":36}},"260":{"start":{"line":261,"column":0},"end":{"line":261,"column":88}},"261":{"start":{"line":262,"column":0},"end":{"line":262,"column":9}},"262":{"start":{"line":263,"column":0},"end":{"line":263,"column":86}},"263":{"start":{"line":264,"column":0},"end":{"line":264,"column":8}},"264":{"start":{"line":265,"column":0},"end":{"line":265,"column":62}},"265":{"start":{"line":266,"column":0},"end":{"line":266,"column":124}},"266":{"start":{"line":267,"column":0},"end":{"line":267,"column":129}},"267":{"start":{"line":268,"column":0},"end":{"line":268,"column":129}},"268":{"start":{"line":269,"column":0},"end":{"line":269,"column":44}},"269":{"start":{"line":270,"column":0},"end":{"line":270,"column":104}},"270":{"start":{"line":271,"column":0},"end":{"line":271,"column":104}},"271":{"start":{"line":272,"column":0},"end":{"line":272,"column":32}},"272":{"start":{"line":273,"column":0},"end":{"line":273,"column":32}},"273":{"start":{"line":274,"column":0},"end":{"line":274,"column":32}},"274":{"start":{"line":275,"column":0},"end":{"line":275,"column":31}},"275":{"start":{"line":276,"column":0},"end":{"line":276,"column":10}},"276":{"start":{"line":277,"column":0},"end":{"line":277,"column":0}},"277":{"start":{"line":278,"column":0},"end":{"line":278,"column":84}},"278":{"start":{"line":279,"column":0},"end":{"line":279,"column":98}},"279":{"start":{"line":280,"column":0},"end":{"line":280,"column":100}},"280":{"start":{"line":281,"column":0},"end":{"line":281,"column":0}},"281":{"start":{"line":282,"column":0},"end":{"line":282,"column":50}},"282":{"start":{"line":283,"column":0},"end":{"line":283,"column":9}},"283":{"start":{"line":284,"column":0},"end":{"line":284,"column":0}},"284":{"start":{"line":285,"column":0},"end":{"line":285,"column":30}},"285":{"start":{"line":286,"column":0},"end":{"line":286,"column":27}},"286":{"start":{"line":287,"column":0},"end":{"line":287,"column":30}},"287":{"start":{"line":288,"column":0},"end":{"line":288,"column":8}},"288":{"start":{"line":289,"column":0},"end":{"line":289,"column":12}},"289":{"start":{"line":290,"column":0},"end":{"line":290,"column":58}},"290":{"start":{"line":291,"column":0},"end":{"line":291,"column":5}},"291":{"start":{"line":292,"column":0},"end":{"line":292,"column":70}},"292":{"start":{"line":293,"column":0},"end":{"line":293,"column":0}},"293":{"start":{"line":294,"column":0},"end":{"line":294,"column":49}},"294":{"start":{"line":295,"column":0},"end":{"line":295,"column":0}},"295":{"start":{"line":296,"column":0},"end":{"line":296,"column":23}},"296":{"start":{"line":297,"column":0},"end":{"line":297,"column":4}},"297":{"start":{"line":298,"column":0},"end":{"line":298,"column":0}},"298":{"start":{"line":299,"column":0},"end":{"line":299,"column":20}},"299":{"start":{"line":300,"column":0},"end":{"line":300,"column":7}},"300":{"start":{"line":301,"column":0},"end":{"line":301,"column":7}},"301":{"start":{"line":302,"column":0},"end":{"line":302,"column":9}},"302":{"start":{"line":303,"column":0},"end":{"line":303,"column":9}},"303":{"start":{"line":304,"column":0},"end":{"line":304,"column":11}},"304":{"start":{"line":305,"column":0},"end":{"line":305,"column":10}},"305":{"start":{"line":306,"column":0},"end":{"line":306,"column":4}},"306":{"start":{"line":307,"column":0},"end":{"line":307,"column":2}},"307":{"start":{"line":308,"column":0},"end":{"line":308,"column":0}},"308":{"start":{"line":309,"column":0},"end":{"line":309,"column":20}}},"s":{"0":1,"1":1,"2":1,"3":1,"4":1,"5":33,"6":33,"7":1,"8":1,"9":40,"10":40,"11":40,"12":40,"13":40,"14":40,"15":40,"16":40,"17":1,"18":1,"19":40,"20":40,"21":40,"22":40,"23":40,"24":40,"25":40,"26":40,"27":40,"28":40,"29":40,"30":40,"31":1,"32":1,"33":1,"34":1,"35":1,"36":369,"37":66,"38":66,"39":303,"40":303,"41":1,"42":1280,"43":309,"44":309,"45":309,"46":309,"47":1280,"48":1,"49":1,"50":1225,"51":1225,"52":304,"53":1225,"54":66,"55":1225,"56":404,"57":1225,"58":252,"59":1225,"60":46,"61":1225,"62":34,"63":1225,"64":119,"65":1225,"66":0,"67":1225,"68":1225,"69":1,"70":1,"71":1,"72":1,"73":1,"74":1,"75":1,"76":1,"77":1,"78":1,"79":1,"80":1,"81":1,"82":1,"83":1,"84":1,"85":1,"86":1,"87":1,"88":1,"89":1,"90":1,"91":1,"92":1,"93":1,"94":1,"95":1,"96":1,"97":1,"98":1,"99":1,"100":1,"101":1,"102":1,"103":108,"104":108,"105":100,"106":100,"107":8,"108":8,"109":1,"110":1,"111":105,"112":105,"113":105,"114":105,"115":105,"116":105,"117":369,"118":369,"119":369,"120":369,"121":369,"122":369,"123":369,"124":369,"125":369,"126":369,"127":369,"128":369,"129":369,"130":369,"131":369,"132":369,"133":369,"134":369,"135":369,"136":369,"137":369,"138":369,"139":369,"140":369,"141":369,"142":369,"143":369,"144":369,"145":369,"146":369,"147":369,"148":369,"149":369,"150":369,"151":369,"152":369,"153":369,"154":369,"155":369,"156":74,"157":74,"158":74,"159":74,"160":74,"161":74,"162":74,"163":158,"164":158,"165":158,"166":158,"167":158,"168":158,"169":158,"170":158,"171":158,"172":158,"173":158,"174":158,"175":158,"176":158,"177":158,"178":158,"179":158,"180":158,"181":158,"182":74,"183":74,"184":369,"185":33,"186":33,"187":33,"188":33,"189":33,"190":33,"191":90,"192":90,"193":50,"194":50,"195":90,"196":40,"197":40,"198":33,"199":33,"200":33,"201":33,"202":33,"203":33,"204":98,"205":98,"206":50,"207":50,"208":98,"209":48,"210":48,"211":33,"212":33,"213":33,"214":33,"215":33,"216":58,"217":58,"218":58,"219":58,"220":58,"221":58,"222":58,"223":58,"224":58,"225":58,"226":58,"227":58,"228":58,"229":58,"230":58,"231":58,"232":58,"233":58,"234":33,"235":33,"236":33,"237":33,"238":33,"239":33,"240":40,"241":40,"242":33,"243":33,"244":48,"245":48,"246":33,"247":33,"248":33,"249":33,"250":33,"251":48,"252":48,"253":48,"254":48,"255":48,"256":48,"257":30,"258":30,"259":48,"260":15,"261":15,"262":3,"263":33,"264":33,"265":48,"266":48,"267":48,"268":48,"269":48,"270":48,"271":48,"272":48,"273":48,"274":48,"275":48,"276":48,"277":48,"278":48,"279":48,"280":48,"281":48,"282":33,"283":33,"284":33,"285":33,"286":33,"287":33,"288":295,"289":262,"290":262,"291":369,"292":369,"293":369,"294":369,"295":369,"296":105,"297":105,"298":105,"299":105,"300":105,"301":105,"302":105,"303":105,"304":105,"305":105,"306":105,"307":1,"308":1},"branchMap":{"0":{"type":"branch","line":1,"loc":{"start":{"line":1,"column":9},"end":{"line":1,"column":53}},"locations":[{"start":{"line":1,"column":9},"end":{"line":1,"column":53}}]},"1":{"type":"branch","line":2,"loc":{"start":{"line":2,"column":9},"end":{"line":2,"column":65}},"locations":[{"start":{"line":2,"column":9},"end":{"line":2,"column":65}}]},"2":{"type":"branch","line":3,"loc":{"start":{"line":3,"column":9},"end":{"line":3,"column":33}},"locations":[{"start":{"line":3,"column":9},"end":{"line":3,"column":33}}]},"3":{"type":"branch","line":5,"loc":{"start":{"line":5,"column":16},"end":{"line":7,"column":72}},"locations":[{"start":{"line":5,"column":16},"end":{"line":7,"column":72}}]},"4":{"type":"branch","line":7,"loc":{"start":{"line":7,"column":4},"end":{"line":7,"column":72}},"locations":[{"start":{"line":7,"column":4},"end":{"line":7,"column":72}}]},"5":{"type":"branch","line":9,"loc":{"start":{"line":9,"column":25},"end":{"line":18,"column":2}},"locations":[{"start":{"line":9,"column":25},"end":{"line":18,"column":2}}]},"6":{"type":"branch","line":10,"loc":{"start":{"line":10,"column":23},"end":{"line":10,"column":54}},"locations":[{"start":{"line":10,"column":23},"end":{"line":10,"column":54}}]},"7":{"type":"branch","line":11,"loc":{"start":{"line":11,"column":23},"end":{"line":11,"column":54}},"locations":[{"start":{"line":11,"column":23},"end":{"line":11,"column":54}}]},"8":{"type":"branch","line":12,"loc":{"start":{"line":12,"column":28},"end":{"line":12,"column":48}},"locations":[{"start":{"line":12,"column":28},"end":{"line":12,"column":48}}]},"9":{"type":"branch","line":13,"loc":{"start":{"line":13,"column":29},"end":{"line":13,"column":50}},"locations":[{"start":{"line":13,"column":29},"end":{"line":13,"column":50}}]},"10":{"type":"branch","line":14,"loc":{"start":{"line":14,"column":21},"end":{"line":14,"column":41}},"locations":[{"start":{"line":14,"column":21},"end":{"line":14,"column":41}}]},"11":{"type":"branch","line":15,"loc":{"start":{"line":15,"column":26},"end":{"line":15,"column":51}},"locations":[{"start":{"line":15,"column":26},"end":{"line":15,"column":51}}]},"12":{"type":"branch","line":16,"loc":{"start":{"line":16,"column":23},"end":{"line":16,"column":49}},"locations":[{"start":{"line":16,"column":23},"end":{"line":16,"column":49}}]},"13":{"type":"branch","line":17,"loc":{"start":{"line":17,"column":22},"end":{"line":17,"column":48}},"locations":[{"start":{"line":17,"column":22},"end":{"line":17,"column":48}}]},"14":{"type":"branch","line":19,"loc":{"start":{"line":19,"column":18},"end":{"line":31,"column":1}},"locations":[{"start":{"line":19,"column":18},"end":{"line":31,"column":1}}]},"15":{"type":"branch","line":22,"loc":{"start":{"line":22,"column":27},"end":{"line":22,"column":48}},"locations":[{"start":{"line":22,"column":27},"end":{"line":22,"column":48}}]},"16":{"type":"branch","line":23,"loc":{"start":{"line":23,"column":27},"end":{"line":23,"column":91}},"locations":[{"start":{"line":23,"column":27},"end":{"line":23,"column":91}}]},"17":{"type":"branch","line":33,"loc":{"start":{"line":33,"column":13},"end":{"line":34,"column":54}},"locations":[{"start":{"line":33,"column":13},"end":{"line":34,"column":54}}]},"18":{"type":"branch","line":34,"loc":{"start":{"line":34,"column":13},"end":{"line":34,"column":53}},"locations":[{"start":{"line":34,"column":13},"end":{"line":34,"column":53}}]},"19":{"type":"branch","line":36,"loc":{"start":{"line":36,"column":20},"end":{"line":41,"column":2}},"locations":[{"start":{"line":36,"column":20},"end":{"line":41,"column":2}}]},"20":{"type":"branch","line":37,"loc":{"start":{"line":37,"column":27},"end":{"line":37,"column":52}},"locations":[{"start":{"line":37,"column":27},"end":{"line":37,"column":52}}]},"21":{"type":"branch","line":37,"loc":{"start":{"line":37,"column":54},"end":{"line":39,"column":3}},"locations":[{"start":{"line":37,"column":54},"end":{"line":39,"column":3}}]},"22":{"type":"branch","line":38,"loc":{"start":{"line":38,"column":18},"end":{"line":38,"column":42}},"locations":[{"start":{"line":38,"column":18},"end":{"line":38,"column":42}}]},"23":{"type":"branch","line":38,"loc":{"start":{"line":38,"column":30},"end":{"line":38,"column":41}},"locations":[{"start":{"line":38,"column":30},"end":{"line":38,"column":41}}]},"24":{"type":"branch","line":40,"loc":{"start":{"line":40,"column":-1},"end":{"line":41,"column":2}},"locations":[{"start":{"line":40,"column":-1},"end":{"line":41,"column":2}}]},"25":{"type":"branch","line":42,"loc":{"start":{"line":42,"column":29},"end":{"line":48,"column":3}},"locations":[{"start":{"line":42,"column":29},"end":{"line":48,"column":3}}]},"26":{"type":"branch","line":43,"loc":{"start":{"line":43,"column":61},"end":{"line":47,"column":5}},"locations":[{"start":{"line":43,"column":61},"end":{"line":47,"column":5}}]},"27":{"type":"branch","line":50,"loc":{"start":{"line":50,"column":23},"end":{"line":69,"column":2}},"locations":[{"start":{"line":50,"column":23},"end":{"line":69,"column":2}}]},"28":{"type":"branch","line":52,"loc":{"start":{"line":52,"column":4},"end":{"line":53,"column":22}},"locations":[{"start":{"line":52,"column":4},"end":{"line":53,"column":22}}]},"29":{"type":"branch","line":54,"loc":{"start":{"line":54,"column":4},"end":{"line":55,"column":21}},"locations":[{"start":{"line":54,"column":4},"end":{"line":55,"column":21}}]},"30":{"type":"branch","line":56,"loc":{"start":{"line":56,"column":4},"end":{"line":57,"column":22}},"locations":[{"start":{"line":56,"column":4},"end":{"line":57,"column":22}}]},"31":{"type":"branch","line":58,"loc":{"start":{"line":58,"column":4},"end":{"line":59,"column":22}},"locations":[{"start":{"line":58,"column":4},"end":{"line":59,"column":22}}]},"32":{"type":"branch","line":60,"loc":{"start":{"line":60,"column":4},"end":{"line":61,"column":23}},"locations":[{"start":{"line":60,"column":4},"end":{"line":61,"column":23}}]},"33":{"type":"branch","line":62,"loc":{"start":{"line":62,"column":4},"end":{"line":63,"column":20}},"locations":[{"start":{"line":62,"column":4},"end":{"line":63,"column":20}}]},"34":{"type":"branch","line":64,"loc":{"start":{"line":64,"column":4},"end":{"line":65,"column":25}},"locations":[{"start":{"line":64,"column":4},"end":{"line":65,"column":25}}]},"35":{"type":"branch","line":66,"loc":{"start":{"line":66,"column":4},"end":{"line":67,"column":23}},"locations":[{"start":{"line":66,"column":4},"end":{"line":67,"column":23}}]},"36":{"type":"branch","line":103,"loc":{"start":{"line":103,"column":40},"end":{"line":109,"column":2}},"locations":[{"start":{"line":103,"column":40},"end":{"line":109,"column":2}}]},"37":{"type":"branch","line":103,"loc":{"start":{"line":103,"column":82},"end":{"line":109,"column":2}},"locations":[{"start":{"line":103,"column":82},"end":{"line":109,"column":2}}]},"38":{"type":"branch","line":105,"loc":{"start":{"line":105,"column":64},"end":{"line":107,"column":3}},"locations":[{"start":{"line":105,"column":64},"end":{"line":107,"column":3}}]},"39":{"type":"branch","line":108,"loc":{"start":{"line":108,"column":-1},"end":{"line":109,"column":2}},"locations":[{"start":{"line":108,"column":-1},"end":{"line":109,"column":2}}]},"40":{"type":"branch","line":111,"loc":{"start":{"line":111,"column":20},"end":{"line":307,"column":2}},"locations":[{"start":{"line":111,"column":20},"end":{"line":307,"column":2}}]},"41":{"type":"branch","line":115,"loc":{"start":{"line":115,"column":19},"end":{"line":307,"column":2}},"locations":[{"start":{"line":115,"column":19},"end":{"line":307,"column":2}}]},"42":{"type":"branch","line":117,"loc":{"start":{"line":117,"column":21},"end":{"line":297,"column":3}},"locations":[{"start":{"line":117,"column":21},"end":{"line":297,"column":3}}]},"43":{"type":"branch","line":125,"loc":{"start":{"line":125,"column":33},"end":{"line":125,"column":76}},"locations":[{"start":{"line":125,"column":33},"end":{"line":125,"column":76}}]},"44":{"type":"branch","line":125,"loc":{"start":{"line":125,"column":77},"end":{"line":125,"column":98}},"locations":[{"start":{"line":125,"column":77},"end":{"line":125,"column":98}}]},"45":{"type":"branch","line":126,"loc":{"start":{"line":126,"column":33},"end":{"line":126,"column":76}},"locations":[{"start":{"line":126,"column":33},"end":{"line":126,"column":76}}]},"46":{"type":"branch","line":126,"loc":{"start":{"line":126,"column":77},"end":{"line":126,"column":98}},"locations":[{"start":{"line":126,"column":77},"end":{"line":126,"column":98}}]},"47":{"type":"branch","line":143,"loc":{"start":{"line":143,"column":37},"end":{"line":143,"column":61}},"locations":[{"start":{"line":143,"column":37},"end":{"line":143,"column":61}}]},"48":{"type":"branch","line":143,"loc":{"start":{"line":143,"column":62},"end":{"line":143,"column":68}},"locations":[{"start":{"line":143,"column":62},"end":{"line":143,"column":68}}]},"49":{"type":"branch","line":143,"loc":{"start":{"line":143,"column":69},"end":{"line":143,"column":98}},"locations":[{"start":{"line":143,"column":69},"end":{"line":143,"column":98}}]},"50":{"type":"branch","line":156,"loc":{"start":{"line":156,"column":31},"end":{"line":156,"column":58}},"locations":[{"start":{"line":156,"column":31},"end":{"line":156,"column":58}}]},"51":{"type":"branch","line":156,"loc":{"start":{"line":156,"column":60},"end":{"line":185,"column":11}},"locations":[{"start":{"line":156,"column":60},"end":{"line":185,"column":11}}]},"52":{"type":"branch","line":159,"loc":{"start":{"line":159,"column":40},"end":{"line":159,"column":89}},"locations":[{"start":{"line":159,"column":40},"end":{"line":159,"column":89}}]},"53":{"type":"branch","line":159,"loc":{"start":{"line":159,"column":90},"end":{"line":159,"column":96}},"locations":[{"start":{"line":159,"column":90},"end":{"line":159,"column":96}}]},"54":{"type":"branch","line":160,"loc":{"start":{"line":160,"column":40},"end":{"line":160,"column":89}},"locations":[{"start":{"line":160,"column":40},"end":{"line":160,"column":89}}]},"55":{"type":"branch","line":160,"loc":{"start":{"line":160,"column":90},"end":{"line":160,"column":96}},"locations":[{"start":{"line":160,"column":90},"end":{"line":160,"column":96}}]},"56":{"type":"branch","line":161,"loc":{"start":{"line":161,"column":42},"end":{"line":161,"column":48}},"locations":[{"start":{"line":161,"column":42},"end":{"line":161,"column":48}}]},"57":{"type":"branch","line":161,"loc":{"start":{"line":161,"column":65},"end":{"line":161,"column":71}},"locations":[{"start":{"line":161,"column":65},"end":{"line":161,"column":71}}]},"58":{"type":"branch","line":185,"loc":{"start":{"line":185,"column":5},"end":{"line":291,"column":5}},"locations":[{"start":{"line":185,"column":5},"end":{"line":291,"column":5}}]},"59":{"type":"branch","line":185,"loc":{"start":{"line":185,"column":37},"end":{"line":185,"column":63}},"locations":[{"start":{"line":185,"column":37},"end":{"line":185,"column":63}}]},"60":{"type":"branch","line":185,"loc":{"start":{"line":185,"column":65},"end":{"line":289,"column":11}},"locations":[{"start":{"line":185,"column":65},"end":{"line":289,"column":11}}]},"61":{"type":"branch","line":191,"loc":{"start":{"line":191,"column":44},"end":{"line":191,"column":48}},"locations":[{"start":{"line":191,"column":44},"end":{"line":191,"column":48}}]},"62":{"type":"branch","line":204,"loc":{"start":{"line":204,"column":44},"end":{"line":204,"column":48}},"locations":[{"start":{"line":204,"column":44},"end":{"line":204,"column":48}}]},"63":{"type":"branch","line":237,"loc":{"start":{"line":237,"column":49},"end":{"line":237,"column":84}},"locations":[{"start":{"line":237,"column":49},"end":{"line":237,"column":84}}]},"64":{"type":"branch","line":237,"loc":{"start":{"line":237,"column":85},"end":{"line":237,"column":109}},"locations":[{"start":{"line":237,"column":85},"end":{"line":237,"column":109}}]},"65":{"type":"branch","line":238,"loc":{"start":{"line":238,"column":49},"end":{"line":238,"column":84}},"locations":[{"start":{"line":238,"column":49},"end":{"line":238,"column":84}}]},"66":{"type":"branch","line":238,"loc":{"start":{"line":238,"column":85},"end":{"line":238,"column":109}},"locations":[{"start":{"line":238,"column":85},"end":{"line":238,"column":109}}]},"67":{"type":"branch","line":289,"loc":{"start":{"line":289,"column":5},"end":{"line":291,"column":5}},"locations":[{"start":{"line":289,"column":5},"end":{"line":291,"column":5}}]},"68":{"type":"branch","line":163,"loc":{"start":{"line":163,"column":68},"end":{"line":183,"column":7}},"locations":[{"start":{"line":163,"column":68},"end":{"line":183,"column":7}}]},"69":{"type":"branch","line":164,"loc":{"start":{"line":164,"column":43},"end":{"line":164,"column":86}},"locations":[{"start":{"line":164,"column":43},"end":{"line":164,"column":86}}]},"70":{"type":"branch","line":164,"loc":{"start":{"line":164,"column":87},"end":{"line":164,"column":98}},"locations":[{"start":{"line":164,"column":87},"end":{"line":164,"column":98}}]},"71":{"type":"branch","line":165,"loc":{"start":{"line":165,"column":43},"end":{"line":165,"column":86}},"locations":[{"start":{"line":165,"column":43},"end":{"line":165,"column":86}}]},"72":{"type":"branch","line":165,"loc":{"start":{"line":165,"column":87},"end":{"line":165,"column":98}},"locations":[{"start":{"line":165,"column":87},"end":{"line":165,"column":98}}]},"73":{"type":"branch","line":166,"loc":{"start":{"line":166,"column":39},"end":{"line":166,"column":64}},"locations":[{"start":{"line":166,"column":39},"end":{"line":166,"column":64}}]},"74":{"type":"branch","line":166,"loc":{"start":{"line":166,"column":65},"end":{"line":166,"column":69}},"locations":[{"start":{"line":166,"column":65},"end":{"line":166,"column":69}}]},"75":{"type":"branch","line":167,"loc":{"start":{"line":167,"column":39},"end":{"line":167,"column":64}},"locations":[{"start":{"line":167,"column":39},"end":{"line":167,"column":64}}]},"76":{"type":"branch","line":167,"loc":{"start":{"line":167,"column":65},"end":{"line":167,"column":69}},"locations":[{"start":{"line":167,"column":65},"end":{"line":167,"column":69}}]},"77":{"type":"branch","line":169,"loc":{"start":{"line":169,"column":21},"end":{"line":169,"column":64}},"locations":[{"start":{"line":169,"column":21},"end":{"line":169,"column":64}}]},"78":{"type":"branch","line":169,"loc":{"start":{"line":169,"column":65},"end":{"line":169,"column":71}},"locations":[{"start":{"line":169,"column":65},"end":{"line":169,"column":71}}]},"79":{"type":"branch","line":170,"loc":{"start":{"line":170,"column":21},"end":{"line":170,"column":64}},"locations":[{"start":{"line":170,"column":21},"end":{"line":170,"column":64}}]},"80":{"type":"branch","line":170,"loc":{"start":{"line":170,"column":65},"end":{"line":170,"column":71}},"locations":[{"start":{"line":170,"column":65},"end":{"line":170,"column":71}}]},"81":{"type":"branch","line":171,"loc":{"start":{"line":171,"column":29},"end":{"line":171,"column":35}},"locations":[{"start":{"line":171,"column":29},"end":{"line":171,"column":35}}]},"82":{"type":"branch","line":171,"loc":{"start":{"line":171,"column":36},"end":{"line":171,"column":49}},"locations":[{"start":{"line":171,"column":36},"end":{"line":171,"column":49}}]},"83":{"type":"branch","line":172,"loc":{"start":{"line":172,"column":29},"end":{"line":172,"column":35}},"locations":[{"start":{"line":172,"column":29},"end":{"line":172,"column":35}}]},"84":{"type":"branch","line":172,"loc":{"start":{"line":172,"column":36},"end":{"line":172,"column":49}},"locations":[{"start":{"line":172,"column":36},"end":{"line":172,"column":49}}]},"85":{"type":"branch","line":177,"loc":{"start":{"line":177,"column":53},"end":{"line":177,"column":83}},"locations":[{"start":{"line":177,"column":53},"end":{"line":177,"column":83}}]},"86":{"type":"branch","line":191,"loc":{"start":{"line":191,"column":58},"end":{"line":199,"column":7}},"locations":[{"start":{"line":191,"column":58},"end":{"line":199,"column":7}}]},"87":{"type":"branch","line":192,"loc":{"start":{"line":192,"column":64},"end":{"line":192,"column":134}},"locations":[{"start":{"line":192,"column":64},"end":{"line":192,"column":134}}]},"88":{"type":"branch","line":192,"loc":{"start":{"line":192,"column":127},"end":{"line":192,"column":133}},"locations":[{"start":{"line":192,"column":127},"end":{"line":192,"column":133}}]},"89":{"type":"branch","line":192,"loc":{"start":{"line":192,"column":135},"end":{"line":192,"column":141}},"locations":[{"start":{"line":192,"column":135},"end":{"line":192,"column":141}}]},"90":{"type":"branch","line":193,"loc":{"start":{"line":193,"column":14},"end":{"line":193,"column":26}},"locations":[{"start":{"line":193,"column":14},"end":{"line":193,"column":26}}]},"91":{"type":"branch","line":193,"loc":{"start":{"line":193,"column":26},"end":{"line":193,"column":39}},"locations":[{"start":{"line":193,"column":26},"end":{"line":193,"column":39}}]},"92":{"type":"branch","line":193,"loc":{"start":{"line":193,"column":41},"end":{"line":196,"column":15}},"locations":[{"start":{"line":193,"column":41},"end":{"line":196,"column":15}}]},"93":{"type":"branch","line":196,"loc":{"start":{"line":196,"column":9},"end":{"line":198,"column":9}},"locations":[{"start":{"line":196,"column":9},"end":{"line":198,"column":9}}]},"94":{"type":"branch","line":204,"loc":{"start":{"line":204,"column":58},"end":{"line":212,"column":7}},"locations":[{"start":{"line":204,"column":58},"end":{"line":212,"column":7}}]},"95":{"type":"branch","line":205,"loc":{"start":{"line":205,"column":64},"end":{"line":205,"column":134}},"locations":[{"start":{"line":205,"column":64},"end":{"line":205,"column":134}}]},"96":{"type":"branch","line":205,"loc":{"start":{"line":205,"column":127},"end":{"line":205,"column":133}},"locations":[{"start":{"line":205,"column":127},"end":{"line":205,"column":133}}]},"97":{"type":"branch","line":205,"loc":{"start":{"line":205,"column":135},"end":{"line":205,"column":141}},"locations":[{"start":{"line":205,"column":135},"end":{"line":205,"column":141}}]},"98":{"type":"branch","line":206,"loc":{"start":{"line":206,"column":14},"end":{"line":206,"column":26}},"locations":[{"start":{"line":206,"column":14},"end":{"line":206,"column":26}}]},"99":{"type":"branch","line":206,"loc":{"start":{"line":206,"column":26},"end":{"line":206,"column":39}},"locations":[{"start":{"line":206,"column":26},"end":{"line":206,"column":39}}]},"100":{"type":"branch","line":206,"loc":{"start":{"line":206,"column":41},"end":{"line":209,"column":15}},"locations":[{"start":{"line":206,"column":41},"end":{"line":209,"column":15}}]},"101":{"type":"branch","line":209,"loc":{"start":{"line":209,"column":9},"end":{"line":211,"column":9}},"locations":[{"start":{"line":209,"column":9},"end":{"line":211,"column":9}}]},"102":{"type":"branch","line":216,"loc":{"start":{"line":216,"column":41},"end":{"line":235,"column":7}},"locations":[{"start":{"line":216,"column":41},"end":{"line":235,"column":7}}]},"103":{"type":"branch","line":217,"loc":{"start":{"line":217,"column":61},"end":{"line":217,"column":82}},"locations":[{"start":{"line":217,"column":61},"end":{"line":217,"column":82}}]},"104":{"type":"branch","line":218,"loc":{"start":{"line":218,"column":61},"end":{"line":218,"column":82}},"locations":[{"start":{"line":218,"column":61},"end":{"line":218,"column":82}}]},"105":{"type":"branch","line":220,"loc":{"start":{"line":220,"column":30},"end":{"line":220,"column":45}},"locations":[{"start":{"line":220,"column":30},"end":{"line":220,"column":45}}]},"106":{"type":"branch","line":220,"loc":{"start":{"line":220,"column":46},"end":{"line":220,"column":52}},"locations":[{"start":{"line":220,"column":46},"end":{"line":220,"column":52}}]},"107":{"type":"branch","line":220,"loc":{"start":{"line":220,"column":53},"end":{"line":220,"column":83}},"locations":[{"start":{"line":220,"column":53},"end":{"line":220,"column":83}}]},"108":{"type":"branch","line":221,"loc":{"start":{"line":221,"column":30},"end":{"line":221,"column":45}},"locations":[{"start":{"line":221,"column":30},"end":{"line":221,"column":45}}]},"109":{"type":"branch","line":221,"loc":{"start":{"line":221,"column":46},"end":{"line":221,"column":52}},"locations":[{"start":{"line":221,"column":46},"end":{"line":221,"column":52}}]},"110":{"type":"branch","line":221,"loc":{"start":{"line":221,"column":53},"end":{"line":221,"column":83}},"locations":[{"start":{"line":221,"column":53},"end":{"line":221,"column":83}}]},"111":{"type":"branch","line":230,"loc":{"start":{"line":230,"column":53},"end":{"line":230,"column":83}},"locations":[{"start":{"line":230,"column":53},"end":{"line":230,"column":83}}]},"112":{"type":"branch","line":231,"loc":{"start":{"line":231,"column":60},"end":{"line":231,"column":82}},"locations":[{"start":{"line":231,"column":60},"end":{"line":231,"column":82}}]},"113":{"type":"branch","line":232,"loc":{"start":{"line":232,"column":61},"end":{"line":232,"column":84}},"locations":[{"start":{"line":232,"column":61},"end":{"line":232,"column":84}}]},"114":{"type":"branch","line":240,"loc":{"start":{"line":240,"column":101},"end":{"line":243,"column":8}},"locations":[{"start":{"line":240,"column":101},"end":{"line":243,"column":8}}]},"115":{"type":"branch","line":244,"loc":{"start":{"line":244,"column":101},"end":{"line":247,"column":8}},"locations":[{"start":{"line":244,"column":101},"end":{"line":247,"column":8}}]},"116":{"type":"branch","line":251,"loc":{"start":{"line":251,"column":30},"end":{"line":264,"column":7}},"locations":[{"start":{"line":251,"column":30},"end":{"line":264,"column":7}}]},"117":{"type":"branch","line":257,"loc":{"start":{"line":257,"column":28},"end":{"line":259,"column":9}},"locations":[{"start":{"line":257,"column":28},"end":{"line":259,"column":9}}]},"118":{"type":"branch","line":260,"loc":{"start":{"line":260,"column":-1},"end":{"line":260,"column":35}},"locations":[{"start":{"line":260,"column":-1},"end":{"line":260,"column":35}}]},"119":{"type":"branch","line":260,"loc":{"start":{"line":260,"column":35},"end":{"line":262,"column":9}},"locations":[{"start":{"line":260,"column":35},"end":{"line":262,"column":9}}]},"120":{"type":"branch","line":263,"loc":{"start":{"line":263,"column":-1},"end":{"line":264,"column":7}},"locations":[{"start":{"line":263,"column":-1},"end":{"line":264,"column":7}}]},"121":{"type":"branch","line":265,"loc":{"start":{"line":265,"column":47},"end":{"line":283,"column":7}},"locations":[{"start":{"line":265,"column":47},"end":{"line":283,"column":7}}]},"122":{"type":"branch","line":267,"loc":{"start":{"line":267,"column":48},"end":{"line":267,"column":69}},"locations":[{"start":{"line":267,"column":48},"end":{"line":267,"column":69}}]},"123":{"type":"branch","line":267,"loc":{"start":{"line":267,"column":70},"end":{"line":267,"column":106}},"locations":[{"start":{"line":267,"column":70},"end":{"line":267,"column":106}}]},"124":{"type":"branch","line":267,"loc":{"start":{"line":267,"column":107},"end":{"line":267,"column":128}},"locations":[{"start":{"line":267,"column":107},"end":{"line":267,"column":128}}]},"125":{"type":"branch","line":268,"loc":{"start":{"line":268,"column":48},"end":{"line":268,"column":69}},"locations":[{"start":{"line":268,"column":48},"end":{"line":268,"column":69}}]},"126":{"type":"branch","line":268,"loc":{"start":{"line":268,"column":107},"end":{"line":268,"column":128}},"locations":[{"start":{"line":268,"column":107},"end":{"line":268,"column":128}}]},"127":{"type":"branch","line":270,"loc":{"start":{"line":270,"column":40},"end":{"line":270,"column":55}},"locations":[{"start":{"line":270,"column":40},"end":{"line":270,"column":55}}]},"128":{"type":"branch","line":270,"loc":{"start":{"line":270,"column":56},"end":{"line":270,"column":62}},"locations":[{"start":{"line":270,"column":56},"end":{"line":270,"column":62}}]},"129":{"type":"branch","line":270,"loc":{"start":{"line":270,"column":63},"end":{"line":270,"column":103}},"locations":[{"start":{"line":270,"column":63},"end":{"line":270,"column":103}}]},"130":{"type":"branch","line":271,"loc":{"start":{"line":271,"column":56},"end":{"line":271,"column":62}},"locations":[{"start":{"line":271,"column":56},"end":{"line":271,"column":62}}]},"131":{"type":"branch","line":278,"loc":{"start":{"line":278,"column":53},"end":{"line":278,"column":83}},"locations":[{"start":{"line":278,"column":53},"end":{"line":278,"column":83}}]},"132":{"type":"branch","line":279,"loc":{"start":{"line":279,"column":63},"end":{"line":279,"column":97}},"locations":[{"start":{"line":279,"column":63},"end":{"line":279,"column":97}}]},"133":{"type":"branch","line":280,"loc":{"start":{"line":280,"column":65},"end":{"line":280,"column":99}},"locations":[{"start":{"line":280,"column":65},"end":{"line":280,"column":99}}]}},"b":{"0":[27],"1":[26],"2":[26],"3":[33],"4":[41],"5":[40],"6":[55],"7":[55],"8":[55],"9":[55],"10":[55],"11":[55],"12":[55],"13":[55],"14":[40],"15":[5],"16":[45],"17":[107],"18":[360],"19":[369],"20":[82],"21":[66],"22":[8],"23":[0],"24":[303],"25":[1280],"26":[309],"27":[1225],"28":[304],"29":[66],"30":[404],"31":[252],"32":[46],"33":[34],"34":[119],"35":[0],"36":[105],"37":[108],"38":[100],"39":[8],"40":[105],"41":[105],"42":[369],"43":[9],"44":[360],"45":[9],"46":[360],"47":[153],"48":[105],"49":[264],"50":[311],"51":[74],"52":[58],"53":[16],"54":[66],"55":[8],"56":[16],"57":[8],"58":[295],"59":[262],"60":[33],"61":[0],"62":[0],"63":[20],"64":[13],"65":[20],"66":[13],"67":[262],"68":[158],"69":[134],"70":[24],"71":[142],"72":[16],"73":[134],"74":[24],"75":[142],"76":[16],"77":[142],"78":[16],"79":[142],"80":[16],"81":[32],"82":[126],"83":[24],"84":[134],"85":[126],"86":[90],"87":[50],"88":[0],"89":[40],"90":[56],"91":[40],"92":[50],"93":[40],"94":[98],"95":[58],"96":[0],"97":[40],"98":[64],"99":[48],"100":[50],"101":[48],"102":[58],"103":[8],"104":[8],"105":[50],"106":[8],"107":[50],"108":[50],"109":[8],"110":[50],"111":[34],"112":[8],"113":[50],"114":[40],"115":[48],"116":[48],"117":[30],"118":[18],"119":[15],"120":[3],"121":[48],"122":[19],"123":[45],"124":[8],"125":[16],"126":[0],"127":[40],"128":[8],"129":[40],"130":[0],"131":[34],"132":[8],"133":[40]},"fnMap":{"0":{"name":"get","decl":{"start":{"line":1,"column":9},"end":{"line":1,"column":53}},"loc":{"start":{"line":1,"column":9},"end":{"line":1,"column":53}},"line":1},"1":{"name":"get","decl":{"start":{"line":2,"column":9},"end":{"line":2,"column":65}},"loc":{"start":{"line":2,"column":9},"end":{"line":2,"column":65}},"line":2},"2":{"name":"get","decl":{"start":{"line":3,"column":9},"end":{"line":3,"column":33}},"loc":{"start":{"line":3,"column":9},"end":{"line":3,"column":33}},"line":3},"3":{"name":"get","decl":{"start":{"line":3,"column":33},"end":{"line":3,"column":95}},"loc":{"start":{"line":3,"column":33},"end":{"line":3,"column":95}},"line":3},"4":{"name":"sortIds","decl":{"start":{"line":5,"column":16},"end":{"line":7,"column":72}},"loc":{"start":{"line":5,"column":16},"end":{"line":7,"column":72}},"line":5},"5":{"name":"groupArrayByType","decl":{"start":{"line":9,"column":25},"end":{"line":18,"column":2}},"loc":{"start":{"line":9,"column":25},"end":{"line":18,"column":2}},"line":9},"6":{"name":"sortArray","decl":{"start":{"line":19,"column":18},"end":{"line":31,"column":1}},"loc":{"start":{"line":19,"column":18},"end":{"line":31,"column":1}},"line":19},"7":{"name":"uniq","decl":{"start":{"line":33,"column":13},"end":{"line":34,"column":54}},"loc":{"start":{"line":33,"column":13},"end":{"line":34,"column":54}},"line":33},"8":{"name":"isEqualZero","decl":{"start":{"line":36,"column":20},"end":{"line":41,"column":2}},"loc":{"start":{"line":36,"column":20},"end":{"line":41,"column":2}},"line":36},"9":{"name":"isPlainObject","decl":{"start":{"line":42,"column":29},"end":{"line":48,"column":3}},"loc":{"start":{"line":42,"column":29},"end":{"line":48,"column":3}},"line":42},"10":{"name":"getType","decl":{"start":{"line":50,"column":23},"end":{"line":69,"column":2}},"loc":{"start":{"line":50,"column":23},"end":{"line":69,"column":2}},"line":50},"11":{"name":"getArrayElementIdWrapper","decl":{"start":{"line":103,"column":40},"end":{"line":109,"column":2}},"loc":{"start":{"line":103,"column":40},"end":{"line":109,"column":2}},"line":103},"12":{"name":"diff","decl":{"start":{"line":111,"column":20},"end":{"line":307,"column":2}},"loc":{"start":{"line":111,"column":20},"end":{"line":307,"column":2}},"line":111},"13":{"name":"createDiff","decl":{"start":{"line":117,"column":21},"end":{"line":297,"column":3}},"loc":{"start":{"line":117,"column":21},"end":{"line":297,"column":3}},"line":117},"14":{"name":"getCurrentIndex","decl":{"start":{"line":251,"column":30},"end":{"line":264,"column":7}},"loc":{"start":{"line":251,"column":30},"end":{"line":264,"column":7}},"line":251}},"f":{"0":27,"1":26,"2":26,"3":0,"4":33,"5":40,"6":40,"7":107,"8":369,"9":1280,"10":1225,"11":105,"12":105,"13":369,"14":48}}
,"/Users/lukasz/Dev/_NEW/diff/differrer/src/diffChangesView/customString.ts": {"path":"/Users/lukasz/Dev/_NEW/diff/differrer/src/diffChangesView/customString.ts","all":false,"statementMap":{"0":{"start":{"line":1,"column":0},"end":{"line":1,"column":48}},"1":{"start":{"line":2,"column":0},"end":{"line":2,"column":28}},"2":{"start":{"line":3,"column":0},"end":{"line":3,"column":17}},"3":{"start":{"line":4,"column":0},"end":{"line":4,"column":19}},"4":{"start":{"line":5,"column":0},"end":{"line":5,"column":17}},"5":{"start":{"line":6,"column":0},"end":{"line":6,"column":25}},"6":{"start":{"line":7,"column":0},"end":{"line":7,"column":46}},"7":{"start":{"line":8,"column":0},"end":{"line":8,"column":63}},"8":{"start":{"line":9,"column":0},"end":{"line":9,"column":32}},"9":{"start":{"line":10,"column":0},"end":{"line":10,"column":24}},"10":{"start":{"line":11,"column":0},"end":{"line":11,"column":15}},"11":{"start":{"line":12,"column":0},"end":{"line":12,"column":2}},"12":{"start":{"line":13,"column":0},"end":{"line":13,"column":109}},"13":{"start":{"line":14,"column":0},"end":{"line":14,"column":64}},"14":{"start":{"line":15,"column":0},"end":{"line":15,"column":10}},"15":{"start":{"line":16,"column":0},"end":{"line":16,"column":28}},"16":{"start":{"line":17,"column":0},"end":{"line":17,"column":13}},"17":{"start":{"line":18,"column":0},"end":{"line":18,"column":11}},"18":{"start":{"line":19,"column":0},"end":{"line":19,"column":27}},"19":{"start":{"line":20,"column":0},"end":{"line":20,"column":67}},"20":{"start":{"line":21,"column":0},"end":{"line":21,"column":50}},"21":{"start":{"line":22,"column":0},"end":{"line":22,"column":64}},"22":{"start":{"line":23,"column":0},"end":{"line":23,"column":66}},"23":{"start":{"line":24,"column":0},"end":{"line":24,"column":81}},"24":{"start":{"line":25,"column":0},"end":{"line":25,"column":74}},"25":{"start":{"line":26,"column":0},"end":{"line":26,"column":6}},"26":{"start":{"line":27,"column":0},"end":{"line":27,"column":22}},"27":{"start":{"line":28,"column":0},"end":{"line":28,"column":51}},"28":{"start":{"line":29,"column":0},"end":{"line":29,"column":47}},"29":{"start":{"line":30,"column":0},"end":{"line":30,"column":76}},"30":{"start":{"line":31,"column":0},"end":{"line":31,"column":6}},"31":{"start":{"line":32,"column":0},"end":{"line":32,"column":21}},"32":{"start":{"line":33,"column":0},"end":{"line":33,"column":27}},"33":{"start":{"line":34,"column":0},"end":{"line":34,"column":3}},"34":{"start":{"line":35,"column":0},"end":{"line":35,"column":2}},"35":{"start":{"line":36,"column":0},"end":{"line":36,"column":100}},"36":{"start":{"line":37,"column":0},"end":{"line":37,"column":107}},"37":{"start":{"line":38,"column":0},"end":{"line":38,"column":103}},"38":{"start":{"line":39,"column":0},"end":{"line":39,"column":40}},"39":{"start":{"line":40,"column":0},"end":{"line":40,"column":2}},"40":{"start":{"line":41,"column":0},"end":{"line":41,"column":102}}},"s":{"0":1,"1":1,"2":1,"3":1,"4":1,"5":1,"6":1,"7":1,"8":1,"9":1,"10":1,"11":1,"12":1,"13":386,"14":386,"15":386,"16":386,"17":386,"18":386,"19":386,"20":386,"21":102,"22":102,"23":102,"24":102,"25":386,"26":386,"27":34,"28":34,"29":34,"30":386,"31":386,"32":386,"33":386,"34":386,"35":1,"36":122,"37":122,"38":122,"39":122,"40":1},"branchMap":{"0":{"type":"branch","line":13,"loc":{"start":{"line":13,"column":28},"end":{"line":35,"column":2}},"locations":[{"start":{"line":13,"column":28},"end":{"line":35,"column":2}}]},"1":{"type":"branch","line":14,"loc":{"start":{"line":14,"column":41},"end":{"line":14,"column":51}},"locations":[{"start":{"line":14,"column":41},"end":{"line":14,"column":51}}]},"2":{"type":"branch","line":14,"loc":{"start":{"line":14,"column":52},"end":{"line":14,"column":63}},"locations":[{"start":{"line":14,"column":52},"end":{"line":14,"column":63}}]},"3":{"type":"branch","line":19,"loc":{"start":{"line":19,"column":14},"end":{"line":19,"column":26}},"locations":[{"start":{"line":19,"column":14},"end":{"line":19,"column":26}}]},"4":{"type":"branch","line":20,"loc":{"start":{"line":20,"column":12},"end":{"line":20,"column":66}},"locations":[{"start":{"line":20,"column":12},"end":{"line":20,"column":66}}]},"5":{"type":"branch","line":21,"loc":{"start":{"line":21,"column":12},"end":{"line":26,"column":5}},"locations":[{"start":{"line":21,"column":12},"end":{"line":26,"column":5}}]},"6":{"type":"branch","line":27,"loc":{"start":{"line":27,"column":15},"end":{"line":31,"column":5}},"locations":[{"start":{"line":27,"column":15},"end":{"line":31,"column":5}}]},"7":{"type":"branch","line":36,"loc":{"start":{"line":36,"column":20},"end":{"line":40,"column":2}},"locations":[{"start":{"line":36,"column":20},"end":{"line":40,"column":2}}]},"8":{"type":"branch","line":37,"loc":{"start":{"line":37,"column":40},"end":{"line":37,"column":89}},"locations":[{"start":{"line":37,"column":40},"end":{"line":37,"column":89}}]},"9":{"type":"branch","line":37,"loc":{"start":{"line":37,"column":71},"end":{"line":37,"column":75}},"locations":[{"start":{"line":37,"column":71},"end":{"line":37,"column":75}}]},"10":{"type":"branch","line":37,"loc":{"start":{"line":37,"column":76},"end":{"line":37,"column":89}},"locations":[{"start":{"line":37,"column":76},"end":{"line":37,"column":89}}]},"11":{"type":"branch","line":38,"loc":{"start":{"line":38,"column":38},"end":{"line":38,"column":85}},"locations":[{"start":{"line":38,"column":38},"end":{"line":38,"column":85}}]},"12":{"type":"branch","line":38,"loc":{"start":{"line":38,"column":69},"end":{"line":38,"column":73}},"locations":[{"start":{"line":38,"column":69},"end":{"line":38,"column":73}}]},"13":{"type":"branch","line":38,"loc":{"start":{"line":38,"column":74},"end":{"line":38,"column":85}},"locations":[{"start":{"line":38,"column":74},"end":{"line":38,"column":85}}]},"14":{"type":"branch","line":41,"loc":{"start":{"line":41,"column":30},"end":{"line":41,"column":101}},"locations":[{"start":{"line":41,"column":30},"end":{"line":41,"column":101}}]}},"b":{"0":[386],"1":[40],"2":[346],"3":[102],"4":[20],"5":[102],"6":[34],"7":[122],"8":[236],"9":[108],"10":[128],"11":[236],"12":[108],"13":[128],"14":[428]},"fnMap":{"0":{"name":"customString","decl":{"start":{"line":13,"column":28},"end":{"line":35,"column":2}},"loc":{"start":{"line":13,"column":28},"end":{"line":35,"column":2}},"line":13},"1":{"name":"toString","decl":{"start":{"line":19,"column":14},"end":{"line":19,"column":26}},"loc":{"start":{"line":19,"column":14},"end":{"line":19,"column":26}},"line":19},"2":{"name":"search","decl":{"start":{"line":20,"column":12},"end":{"line":20,"column":66}},"loc":{"start":{"line":20,"column":12},"end":{"line":20,"column":66}},"line":20},"3":{"name":"padEnd","decl":{"start":{"line":21,"column":12},"end":{"line":26,"column":5}},"loc":{"start":{"line":21,"column":12},"end":{"line":26,"column":5}},"line":21},"4":{"name":"trimStart","decl":{"start":{"line":27,"column":15},"end":{"line":31,"column":5}},"loc":{"start":{"line":27,"column":15},"end":{"line":31,"column":5}},"line":27},"5":{"name":"join","decl":{"start":{"line":36,"column":20},"end":{"line":40,"column":2}},"loc":{"start":{"line":36,"column":20},"end":{"line":40,"column":2}},"line":36},"6":{"name":"isCustomString","decl":{"start":{"line":41,"column":30},"end":{"line":41,"column":101}},"loc":{"start":{"line":41,"column":30},"end":{"line":41,"column":101}},"line":41}},"f":{"0":386,"1":102,"2":20,"3":102,"4":34,"5":122,"6":428}}
,"/Users/lukasz/Dev/_NEW/diff/differrer/src/diffChangesView/diffChangesView.ts": {"path":"/Users/lukasz/Dev/_NEW/diff/differrer/src/diffChangesView/diffChangesView.ts","all":false,"statementMap":{"0":{"start":{"line":1,"column":0},"end":{"line":1,"column":38}},"1":{"start":{"line":2,"column":0},"end":{"line":2,"column":82}},"2":{"start":{"line":3,"column":0},"end":{"line":3,"column":0}},"3":{"start":{"line":4,"column":0},"end":{"line":4,"column":22}},"4":{"start":{"line":5,"column":0},"end":{"line":5,"column":0}},"5":{"start":{"line":6,"column":0},"end":{"line":6,"column":38}},"6":{"start":{"line":7,"column":0},"end":{"line":7,"column":30}},"7":{"start":{"line":8,"column":0},"end":{"line":8,"column":0}},"8":{"start":{"line":9,"column":0},"end":{"line":9,"column":14}},"9":{"start":{"line":10,"column":0},"end":{"line":10,"column":35}},"10":{"start":{"line":11,"column":0},"end":{"line":11,"column":29}},"11":{"start":{"line":12,"column":0},"end":{"line":12,"column":32}},"12":{"start":{"line":13,"column":0},"end":{"line":13,"column":0}},"13":{"start":{"line":14,"column":0},"end":{"line":14,"column":47}},"14":{"start":{"line":15,"column":0},"end":{"line":15,"column":26}},"15":{"start":{"line":16,"column":0},"end":{"line":16,"column":24}},"16":{"start":{"line":17,"column":0},"end":{"line":17,"column":56}},"17":{"start":{"line":18,"column":0},"end":{"line":18,"column":55}},"18":{"start":{"line":19,"column":0},"end":{"line":19,"column":11}},"19":{"start":{"line":20,"column":0},"end":{"line":20,"column":6}},"20":{"start":{"line":21,"column":0},"end":{"line":21,"column":3}},"21":{"start":{"line":22,"column":0},"end":{"line":22,"column":94}},"22":{"start":{"line":23,"column":0},"end":{"line":23,"column":22}},"23":{"start":{"line":24,"column":0},"end":{"line":24,"column":12}},"24":{"start":{"line":25,"column":0},"end":{"line":25,"column":12}},"25":{"start":{"line":26,"column":0},"end":{"line":26,"column":10}},"26":{"start":{"line":27,"column":0},"end":{"line":27,"column":4}},"27":{"start":{"line":28,"column":0},"end":{"line":28,"column":2}},"28":{"start":{"line":29,"column":0},"end":{"line":29,"column":0}},"29":{"start":{"line":30,"column":0},"end":{"line":30,"column":0}},"30":{"start":{"line":31,"column":0},"end":{"line":31,"column":60}},"31":{"start":{"line":32,"column":0},"end":{"line":32,"column":32}},"32":{"start":{"line":33,"column":0},"end":{"line":33,"column":35}},"33":{"start":{"line":34,"column":0},"end":{"line":34,"column":39}},"34":{"start":{"line":35,"column":0},"end":{"line":35,"column":3}},"35":{"start":{"line":36,"column":0},"end":{"line":36,"column":27}},"36":{"start":{"line":37,"column":0},"end":{"line":37,"column":28}},"37":{"start":{"line":38,"column":0},"end":{"line":38,"column":3}},"38":{"start":{"line":39,"column":0},"end":{"line":39,"column":32}},"39":{"start":{"line":40,"column":0},"end":{"line":40,"column":28}},"40":{"start":{"line":41,"column":0},"end":{"line":41,"column":3}},"41":{"start":{"line":42,"column":0},"end":{"line":42,"column":39}},"42":{"start":{"line":43,"column":0},"end":{"line":43,"column":45}},"43":{"start":{"line":44,"column":0},"end":{"line":44,"column":3}},"44":{"start":{"line":45,"column":0},"end":{"line":45,"column":41}},"45":{"start":{"line":46,"column":0},"end":{"line":46,"column":2}},"46":{"start":{"line":47,"column":0},"end":{"line":47,"column":0}},"47":{"start":{"line":48,"column":0},"end":{"line":48,"column":63}},"48":{"start":{"line":49,"column":0},"end":{"line":49,"column":21}},"49":{"start":{"line":50,"column":0},"end":{"line":50,"column":0}},"50":{"start":{"line":51,"column":0},"end":{"line":51,"column":37}},"51":{"start":{"line":52,"column":0},"end":{"line":52,"column":37}},"52":{"start":{"line":53,"column":0},"end":{"line":53,"column":21}},"53":{"start":{"line":54,"column":0},"end":{"line":54,"column":32}},"54":{"start":{"line":55,"column":0},"end":{"line":55,"column":5}},"55":{"start":{"line":56,"column":0},"end":{"line":56,"column":17}},"56":{"start":{"line":57,"column":0},"end":{"line":57,"column":37}},"57":{"start":{"line":58,"column":0},"end":{"line":58,"column":5}},"58":{"start":{"line":59,"column":0},"end":{"line":59,"column":18}},"59":{"start":{"line":60,"column":0},"end":{"line":60,"column":30}},"60":{"start":{"line":61,"column":0},"end":{"line":61,"column":6}},"61":{"start":{"line":62,"column":0},"end":{"line":62,"column":2}},"62":{"start":{"line":63,"column":0},"end":{"line":63,"column":35}},"63":{"start":{"line":64,"column":0},"end":{"line":64,"column":63}},"64":{"start":{"line":65,"column":0},"end":{"line":65,"column":2}},"65":{"start":{"line":66,"column":0},"end":{"line":66,"column":98}},"66":{"start":{"line":67,"column":0},"end":{"line":67,"column":0}},"67":{"start":{"line":68,"column":0},"end":{"line":68,"column":189}},"68":{"start":{"line":69,"column":0},"end":{"line":69,"column":100}},"69":{"start":{"line":70,"column":0},"end":{"line":70,"column":35}},"70":{"start":{"line":71,"column":0},"end":{"line":71,"column":15}},"71":{"start":{"line":72,"column":0},"end":{"line":72,"column":29}},"72":{"start":{"line":73,"column":0},"end":{"line":73,"column":46}},"73":{"start":{"line":74,"column":0},"end":{"line":74,"column":12}},"74":{"start":{"line":75,"column":0},"end":{"line":75,"column":54}},"75":{"start":{"line":76,"column":0},"end":{"line":76,"column":74}},"76":{"start":{"line":77,"column":0},"end":{"line":77,"column":5}},"77":{"start":{"line":78,"column":0},"end":{"line":78,"column":39}},"78":{"start":{"line":79,"column":0},"end":{"line":79,"column":28}},"79":{"start":{"line":80,"column":0},"end":{"line":80,"column":2}},"80":{"start":{"line":81,"column":0},"end":{"line":81,"column":100}},"81":{"start":{"line":82,"column":0},"end":{"line":82,"column":50}},"82":{"start":{"line":83,"column":0},"end":{"line":83,"column":35}},"83":{"start":{"line":84,"column":0},"end":{"line":84,"column":15}},"84":{"start":{"line":85,"column":0},"end":{"line":85,"column":29}},"85":{"start":{"line":86,"column":0},"end":{"line":86,"column":80}},"86":{"start":{"line":87,"column":0},"end":{"line":87,"column":12}},"87":{"start":{"line":88,"column":0},"end":{"line":88,"column":96}},"88":{"start":{"line":89,"column":0},"end":{"line":89,"column":5}},"89":{"start":{"line":90,"column":0},"end":{"line":90,"column":39}},"90":{"start":{"line":91,"column":0},"end":{"line":91,"column":28}},"91":{"start":{"line":92,"column":0},"end":{"line":92,"column":2}},"92":{"start":{"line":93,"column":0},"end":{"line":93,"column":0}},"93":{"start":{"line":94,"column":0},"end":{"line":94,"column":73}},"94":{"start":{"line":95,"column":0},"end":{"line":95,"column":23}},"95":{"start":{"line":96,"column":0},"end":{"line":96,"column":35}},"96":{"start":{"line":97,"column":0},"end":{"line":97,"column":3}},"97":{"start":{"line":98,"column":0},"end":{"line":98,"column":22}},"98":{"start":{"line":99,"column":0},"end":{"line":99,"column":61}},"99":{"start":{"line":100,"column":0},"end":{"line":100,"column":76}},"100":{"start":{"line":101,"column":0},"end":{"line":101,"column":76}},"101":{"start":{"line":102,"column":0},"end":{"line":102,"column":44}},"102":{"start":{"line":103,"column":0},"end":{"line":103,"column":7}},"103":{"start":{"line":104,"column":0},"end":{"line":104,"column":41}},"104":{"start":{"line":105,"column":0},"end":{"line":105,"column":108}},"105":{"start":{"line":106,"column":0},"end":{"line":106,"column":134}},"106":{"start":{"line":107,"column":0},"end":{"line":107,"column":92}},"107":{"start":{"line":108,"column":0},"end":{"line":108,"column":92}},"108":{"start":{"line":109,"column":0},"end":{"line":109,"column":14}},"109":{"start":{"line":110,"column":0},"end":{"line":110,"column":78}},"110":{"start":{"line":111,"column":0},"end":{"line":111,"column":159}},"111":{"start":{"line":112,"column":0},"end":{"line":112,"column":8}},"112":{"start":{"line":113,"column":0},"end":{"line":113,"column":5}},"113":{"start":{"line":114,"column":0},"end":{"line":114,"column":14}},"114":{"start":{"line":115,"column":0},"end":{"line":115,"column":3}},"115":{"start":{"line":116,"column":0},"end":{"line":116,"column":11}},"116":{"start":{"line":117,"column":0},"end":{"line":117,"column":80}},"117":{"start":{"line":118,"column":0},"end":{"line":118,"column":30}},"118":{"start":{"line":119,"column":0},"end":{"line":119,"column":30}},"119":{"start":{"line":120,"column":0},"end":{"line":120,"column":5}},"120":{"start":{"line":121,"column":0},"end":{"line":121,"column":1}},"121":{"start":{"line":122,"column":0},"end":{"line":122,"column":0}},"122":{"start":{"line":123,"column":0},"end":{"line":123,"column":0}},"123":{"start":{"line":124,"column":0},"end":{"line":124,"column":62}},"124":{"start":{"line":125,"column":0},"end":{"line":125,"column":39}},"125":{"start":{"line":126,"column":0},"end":{"line":126,"column":85}},"126":{"start":{"line":127,"column":0},"end":{"line":127,"column":45}},"127":{"start":{"line":128,"column":0},"end":{"line":128,"column":42}},"128":{"start":{"line":129,"column":0},"end":{"line":129,"column":36}},"129":{"start":{"line":130,"column":0},"end":{"line":130,"column":12}},"130":{"start":{"line":131,"column":0},"end":{"line":131,"column":121}},"131":{"start":{"line":132,"column":0},"end":{"line":132,"column":69}},"132":{"start":{"line":133,"column":0},"end":{"line":133,"column":36}},"133":{"start":{"line":134,"column":0},"end":{"line":134,"column":70}},"134":{"start":{"line":135,"column":0},"end":{"line":135,"column":70}},"135":{"start":{"line":136,"column":0},"end":{"line":136,"column":0}},"136":{"start":{"line":137,"column":0},"end":{"line":137,"column":57}},"137":{"start":{"line":138,"column":0},"end":{"line":138,"column":5}},"138":{"start":{"line":139,"column":0},"end":{"line":139,"column":16}},"139":{"start":{"line":140,"column":0},"end":{"line":140,"column":2}},"140":{"start":{"line":141,"column":0},"end":{"line":141,"column":0}},"141":{"start":{"line":142,"column":0},"end":{"line":142,"column":58}},"142":{"start":{"line":143,"column":0},"end":{"line":143,"column":39}},"143":{"start":{"line":144,"column":0},"end":{"line":144,"column":45}},"144":{"start":{"line":145,"column":0},"end":{"line":145,"column":42}},"145":{"start":{"line":146,"column":0},"end":{"line":146,"column":38}},"146":{"start":{"line":147,"column":0},"end":{"line":147,"column":12}},"147":{"start":{"line":148,"column":0},"end":{"line":148,"column":63}},"148":{"start":{"line":149,"column":0},"end":{"line":149,"column":73}},"149":{"start":{"line":150,"column":0},"end":{"line":150,"column":5}},"150":{"start":{"line":151,"column":0},"end":{"line":151,"column":22}},"151":{"start":{"line":152,"column":0},"end":{"line":152,"column":1}}},"s":{"0":1,"1":1,"2":1,"3":1,"4":1,"5":1,"6":1,"7":1,"8":1,"9":1,"10":1,"11":1,"12":1,"13":1,"14":88,"15":88,"16":88,"17":88,"18":88,"19":88,"20":88,"21":88,"22":88,"23":88,"24":88,"25":88,"26":88,"27":88,"28":1,"29":1,"30":1,"31":40,"32":20,"33":20,"34":20,"35":40,"36":0,"37":0,"38":40,"39":0,"40":0,"41":40,"42":0,"43":0,"44":20,"45":20,"46":1,"47":1,"48":34,"49":34,"50":34,"51":40,"52":20,"53":20,"54":20,"55":40,"56":0,"57":0,"58":20,"59":20,"60":34,"61":34,"62":1,"63":78,"64":78,"65":1,"66":1,"67":1,"68":1,"69":60,"70":150,"71":150,"72":30,"73":150,"74":120,"75":120,"76":120,"77":150,"78":60,"79":60,"80":1,"81":26,"82":26,"83":54,"84":54,"85":20,"86":54,"87":34,"88":34,"89":54,"90":26,"91":26,"92":1,"93":1,"94":78,"95":24,"96":24,"97":78,"98":20,"99":20,"100":20,"101":52,"102":20,"103":20,"104":20,"105":20,"106":20,"107":20,"108":20,"109":20,"110":20,"111":20,"112":20,"113":0,"114":0,"115":34,"116":78,"117":78,"118":78,"119":78,"120":78,"121":1,"122":1,"123":1,"124":26,"125":26,"126":26,"127":54,"128":20,"129":54,"130":34,"131":34,"132":34,"133":34,"134":34,"135":34,"136":34,"137":34,"138":26,"139":26,"140":1,"141":1,"142":0,"143":0,"144":0,"145":0,"146":0,"147":0,"148":0,"149":0,"150":0,"151":0},"branchMap":{"0":{"type":"branch","line":14,"loc":{"start":{"line":14,"column":16},"end":{"line":28,"column":2}},"locations":[{"start":{"line":14,"column":16},"end":{"line":28,"column":2}}]},"1":{"type":"branch","line":22,"loc":{"start":{"line":22,"column":-1},"end":{"line":22,"column":80}},"locations":[{"start":{"line":22,"column":-1},"end":{"line":22,"column":80}}]},"2":{"type":"branch","line":22,"loc":{"start":{"line":22,"column":81},"end":{"line":22,"column":93}},"locations":[{"start":{"line":22,"column":81},"end":{"line":22,"column":93}}]},"3":{"type":"branch","line":31,"loc":{"start":{"line":31,"column":18},"end":{"line":46,"column":2}},"locations":[{"start":{"line":31,"column":18},"end":{"line":46,"column":2}}]},"4":{"type":"branch","line":32,"loc":{"start":{"line":32,"column":31},"end":{"line":36,"column":14}},"locations":[{"start":{"line":32,"column":31},"end":{"line":36,"column":14}}]},"5":{"type":"branch","line":36,"loc":{"start":{"line":36,"column":10},"end":{"line":36,"column":24}},"locations":[{"start":{"line":36,"column":10},"end":{"line":36,"column":24}}]},"6":{"type":"branch","line":36,"loc":{"start":{"line":36,"column":26},"end":{"line":38,"column":3}},"locations":[{"start":{"line":36,"column":26},"end":{"line":38,"column":3}}]},"7":{"type":"branch","line":39,"loc":{"start":{"line":39,"column":-1},"end":{"line":39,"column":31}},"locations":[{"start":{"line":39,"column":-1},"end":{"line":39,"column":31}}]},"8":{"type":"branch","line":39,"loc":{"start":{"line":39,"column":31},"end":{"line":41,"column":3}},"locations":[{"start":{"line":39,"column":31},"end":{"line":41,"column":3}}]},"9":{"type":"branch","line":42,"loc":{"start":{"line":42,"column":-1},"end":{"line":42,"column":36}},"locations":[{"start":{"line":42,"column":-1},"end":{"line":42,"column":36}}]},"10":{"type":"branch","line":42,"loc":{"start":{"line":42,"column":38},"end":{"line":44,"column":3}},"locations":[{"start":{"line":42,"column":38},"end":{"line":44,"column":3}}]},"11":{"type":"branch","line":45,"loc":{"start":{"line":45,"column":-1},"end":{"line":46,"column":2}},"locations":[{"start":{"line":45,"column":-1},"end":{"line":46,"column":2}}]},"12":{"type":"branch","line":48,"loc":{"start":{"line":48,"column":19},"end":{"line":62,"column":2}},"locations":[{"start":{"line":48,"column":19},"end":{"line":62,"column":2}}]},"13":{"type":"branch","line":51,"loc":{"start":{"line":51,"column":23},"end":{"line":61,"column":3}},"locations":[{"start":{"line":51,"column":23},"end":{"line":61,"column":3}}]},"14":{"type":"branch","line":52,"loc":{"start":{"line":52,"column":36},"end":{"line":56,"column":16}},"locations":[{"start":{"line":52,"column":36},"end":{"line":56,"column":16}}]},"15":{"type":"branch","line":56,"loc":{"start":{"line":56,"column":16},"end":{"line":58,"column":5}},"locations":[{"start":{"line":56,"column":16},"end":{"line":58,"column":5}}]},"16":{"type":"branch","line":59,"loc":{"start":{"line":59,"column":-1},"end":{"line":61,"column":3}},"locations":[{"start":{"line":59,"column":-1},"end":{"line":61,"column":3}}]},"17":{"type":"branch","line":63,"loc":{"start":{"line":63,"column":15},"end":{"line":65,"column":2}},"locations":[{"start":{"line":63,"column":15},"end":{"line":65,"column":2}}]},"18":{"type":"branch","line":64,"loc":{"start":{"line":64,"column":27},"end":{"line":64,"column":38}},"locations":[{"start":{"line":64,"column":27},"end":{"line":64,"column":38}}]},"19":{"type":"branch","line":64,"loc":{"start":{"line":64,"column":39},"end":{"line":64,"column":46}},"locations":[{"start":{"line":64,"column":39},"end":{"line":64,"column":46}}]},"20":{"type":"branch","line":66,"loc":{"start":{"line":66,"column":23},"end":{"line":66,"column":97}},"locations":[{"start":{"line":66,"column":23},"end":{"line":66,"column":97}}]},"21":{"type":"branch","line":66,"loc":{"start":{"line":66,"column":91},"end":{"line":66,"column":97}},"locations":[{"start":{"line":66,"column":91},"end":{"line":66,"column":97}}]},"22":{"type":"branch","line":69,"loc":{"start":{"line":69,"column":25},"end":{"line":80,"column":2}},"locations":[{"start":{"line":69,"column":25},"end":{"line":80,"column":2}}]},"23":{"type":"branch","line":70,"loc":{"start":{"line":70,"column":21},"end":{"line":79,"column":3}},"locations":[{"start":{"line":70,"column":21},"end":{"line":79,"column":3}}]},"24":{"type":"branch","line":72,"loc":{"start":{"line":72,"column":28},"end":{"line":74,"column":11}},"locations":[{"start":{"line":72,"column":28},"end":{"line":74,"column":11}}]},"25":{"type":"branch","line":73,"loc":{"start":{"line":73,"column":30},"end":{"line":73,"column":41}},"locations":[{"start":{"line":73,"column":30},"end":{"line":73,"column":41}}]},"26":{"type":"branch","line":74,"loc":{"start":{"line":74,"column":5},"end":{"line":77,"column":5}},"locations":[{"start":{"line":74,"column":5},"end":{"line":77,"column":5}}]},"27":{"type":"branch","line":75,"loc":{"start":{"line":75,"column":47},"end":{"line":75,"column":53}},"locations":[{"start":{"line":75,"column":47},"end":{"line":75,"column":53}}]},"28":{"type":"branch","line":76,"loc":{"start":{"line":76,"column":70},"end":{"line":76,"column":73}},"locations":[{"start":{"line":76,"column":70},"end":{"line":76,"column":73}}]},"29":{"type":"branch","line":78,"loc":{"start":{"line":78,"column":24},"end":{"line":78,"column":32}},"locations":[{"start":{"line":78,"column":24},"end":{"line":78,"column":32}}]},"30":{"type":"branch","line":78,"loc":{"start":{"line":78,"column":33},"end":{"line":78,"column":38}},"locations":[{"start":{"line":78,"column":33},"end":{"line":78,"column":38}}]},"31":{"type":"branch","line":81,"loc":{"start":{"line":81,"column":25},"end":{"line":92,"column":2}},"locations":[{"start":{"line":81,"column":25},"end":{"line":92,"column":2}}]},"32":{"type":"branch","line":83,"loc":{"start":{"line":83,"column":21},"end":{"line":91,"column":3}},"locations":[{"start":{"line":83,"column":21},"end":{"line":91,"column":3}}]},"33":{"type":"branch","line":85,"loc":{"start":{"line":85,"column":28},"end":{"line":87,"column":11}},"locations":[{"start":{"line":85,"column":28},"end":{"line":87,"column":11}}]},"34":{"type":"branch","line":86,"loc":{"start":{"line":86,"column":76},"end":{"line":86,"column":79}},"locations":[{"start":{"line":86,"column":76},"end":{"line":86,"column":79}}]},"35":{"type":"branch","line":87,"loc":{"start":{"line":87,"column":5},"end":{"line":89,"column":5}},"locations":[{"start":{"line":87,"column":5},"end":{"line":89,"column":5}}]},"36":{"type":"branch","line":88,"loc":{"start":{"line":88,"column":34},"end":{"line":88,"column":95}},"locations":[{"start":{"line":88,"column":34},"end":{"line":88,"column":95}}]},"37":{"type":"branch","line":90,"loc":{"start":{"line":90,"column":24},"end":{"line":90,"column":32}},"locations":[{"start":{"line":90,"column":24},"end":{"line":90,"column":32}}]},"38":{"type":"branch","line":94,"loc":{"start":{"line":94,"column":19},"end":{"line":121,"column":1}},"locations":[{"start":{"line":94,"column":19},"end":{"line":121,"column":1}}]},"39":{"type":"branch","line":95,"loc":{"start":{"line":95,"column":22},"end":{"line":97,"column":3}},"locations":[{"start":{"line":95,"column":22},"end":{"line":97,"column":3}}]},"40":{"type":"branch","line":98,"loc":{"start":{"line":98,"column":-1},"end":{"line":98,"column":21}},"locations":[{"start":{"line":98,"column":-1},"end":{"line":98,"column":21}}]},"41":{"type":"branch","line":98,"loc":{"start":{
[...]
,"line":42,"loc":{"start":{"line":42,"column":88},"end":{"line":55,"column":11}},"locations":[{"start":{"line":42,"column":88},"end":{"line":55,"column":11}}]},"24":{"type":"branch","line":43,"loc":{"start":{"line":43,"column":40},"end":{"line":45,"column":13}},"locations":[{"start":{"line":43,"column":40},"end":{"line":45,"column":13}}]},"25":{"type":"branch","line":45,"loc":{"start":{"line":45,"column":7},"end":{"line":47,"column":7}},"locations":[{"start":{"line":45,"column":7},"end":{"line":47,"column":7}}]},"26":{"type":"branch","line":48,"loc":{"start":{"line":48,"column":22},"end":{"line":50,"column":13}},"locations":[{"start":{"line":48,"column":22},"end":{"line":50,"column":13}}]},"27":{"type":"branch","line":50,"loc":{"start":{"line":50,"column":7},"end":{"line":54,"column":7}},"locations":[{"start":{"line":50,"column":7},"end":{"line":54,"column":7}}]},"28":{"type":"branch","line":50,"loc":{"start":{"line":50,"column":31},"end":{"line":52,"column":13}},"locations":[{"start":{"line":50,"column":31},"end":{"line":52,"column":13}}]},"29":{"type":"branch","line":52,"loc":{"start":{"line":52,"column":7},"end":{"line":54,"column":7}},"locations":[{"start":{"line":52,"column":7},"end":{"line":54,"column":7}}]},"30":{"type":"branch","line":52,"loc":{"start":{"line":52,"column":31},"end":{"line":54,"column":7}},"locations":[{"start":{"line":52,"column":31},"end":{"line":54,"column":7}}]},"31":{"type":"branch","line":53,"loc":{"start":{"line":53,"column":52},"end":{"line":53,"column":94}},"locations":[{"start":{"line":53,"column":52},"end":{"line":53,"column":94}}]},"32":{"type":"branch","line":55,"loc":{"start":{"line":55,"column":5},"end":{"line":70,"column":5}},"locations":[{"start":{"line":55,"column":5},"end":{"line":70,"column":5}}]},"33":{"type":"branch","line":56,"loc":{"start":{"line":56,"column":22},"end":{"line":59,"column":13}},"locations":[{"start":{"line":56,"column":22},"end":{"line":59,"column":13}}]},"34":{"type":"branch","line":58,"loc":{"start":{"line":58,"column":83},"end":{"line":58,"column":124}},"locations":[{"start":{"line":58,"column":83},"end":{"line":58,"column":124}}]},"35":{"type":"branch","line":59,"loc":{"start":{"line":59,"column":7},"end":{"line":61,"column":7}},"locations":[{"start":{"line":59,"column":7},"end":{"line":61,"column":7}}]},"36":{"type":"branch","line":63,"loc":{"start":{"line":63,"column":24},"end":{"line":65,"column":7}},"locations":[{"start":{"line":63,"column":24},"end":{"line":65,"column":7}}]},"37":{"type":"branch","line":67,"loc":{"start":{"line":67,"column":23},"end":{"line":67,"column":38}},"locations":[{"start":{"line":67,"column":23},"end":{"line":67,"column":38}}]},"38":{"type":"branch","line":67,"loc":{"start":{"line":67,"column":38},"end":{"line":67,"column":54}},"locations":[{"start":{"line":67,"column":38},"end":{"line":67,"column":54}}]},"39":{"type":"branch","line":67,"loc":{"start":{"line":67,"column":56},"end":{"line":69,"column":7}},"locations":[{"start":{"line":67,"column":56},"end":{"line":69,"column":7}}]},"40":{"type":"branch","line":44,"loc":{"start":{"line":44,"column":40},"end":{"line":44,"column":114}},"locations":[{"start":{"line":44,"column":40},"end":{"line":44,"column":114}}]},"41":{"type":"branch","line":46,"loc":{"start":{"line":46,"column":56},"end":{"line":46,"column":146}},"locations":[{"start":{"line":46,"column":56},"end":{"line":46,"column":146}}]}},"b":{"0":[97],"1":[90],"2":[50],"3":[40],"4":[2],"5":[38],"6":[97],"7":[28],"8":[69],"9":[27],"10":[27],"11":[42],"12":[0],"13":[42],"14":[0],"15":[42],"16":[27],"17":[97],"18":[36],"19":[70],"20":[27],"21":[29],"22":[4],"23":[27],"24":[9],"25":[18],"26":[2],"27":[25],"28":[2],"29":[23],"30":[14],"31":[0],"32":[70],"33":[8],"34":[0],"35":[62],"36":[6],"37":[64],"38":[56],"39":[20],"40":[28],"41":[42]},"fnMap":{"0":{"name":"getIndent","decl":{"start":{"line":5,"column":18},"end":{"line":5,"column":70}},"loc":{"start":{"line":5,"column":18},"end":{"line":5,"column":70}},"line":5},"1":{"name":"renderValue","decl":{"start":{"line":7,"column":27},"end":{"line":16,"column":1}},"loc":{"start":{"line":7,"column":27},"end":{"line":16,"column":1}},"line":7},"2":{"name":"renderKey","decl":{"start":{"line":19,"column":25},"end":{"line":33,"column":1}},"loc":{"start":{"line":19,"column":25},"end":{"line":33,"column":1}},"line":19},"3":{"name":"diffJsView","decl":{"start":{"line":35,"column":26},"end":{"line":75,"column":2}},"loc":{"start":{"line":35,"column":26},"end":{"line":75,"column":2}},"line":35},"4":{"name":"createDiffView","decl":{"start":{"line":36,"column":25},"end":{"line":72,"column":3}},"loc":{"start":{"line":36,"column":25},"end":{"line":72,"column":3}},"line":36}},"f":{"0":97,"1":90,"2":97,"3":27,"4":97}}
,"/Users/lukasz/Dev/_NEW/diff/differrer/src/diffSortedView/diffSortedView.ts": {"path":"/Users/lukasz/Dev/_NEW/diff/differrer/src/diffSortedView/diffSortedView.ts","all":false,"statementMap":{"0":{"start":{"line":1,"column":0},"end":{"line":1,"column":47}},"1":{"start":{"line":2,"column":0},"end":{"line":2,"column":0}},"2":{"start":{"line":3,"column":0},"end":{"line":3,"column":22}},"3":{"start":{"line":4,"column":0},"end":{"line":4,"column":0}},"4":{"start":{"line":5,"column":0},"end":{"line":5,"column":71}},"5":{"start":{"line":6,"column":0},"end":{"line":6,"column":0}},"6":{"start":{"line":7,"column":0},"end":{"line":7,"column":37}},"7":{"start":{"line":8,"column":0},"end":{"line":8,"column":35}},"8":{"start":{"line":9,"column":0},"end":{"line":9,"column":31}},"9":{"start":{"line":10,"column":0},"end":{"line":10,"column":46}},"10":{"start":{"line":11,"column":0},"end":{"line":11,"column":3}},"11":{"start":{"line":12,"column":0},"end":{"line":12,"column":48}},"12":{"start":{"line":13,"column":0},"end":{"line":13,"column":33}},"13":{"start":{"line":14,"column":0},"end":{"line":14,"column":3}},"14":{"start":{"line":15,"column":0},"end":{"line":15,"column":20}},"15":{"start":{"line":16,"column":0},"end":{"line":16,"column":1}},"16":{"start":{"line":17,"column":0},"end":{"line":17,"column":0}},"17":{"start":{"line":18,"column":0},"end":{"line":18,"column":53}},"18":{"start":{"line":19,"column":0},"end":{"line":19,"column":32}},"19":{"start":{"line":20,"column":0},"end":{"line":20,"column":14}},"20":{"start":{"line":21,"column":0},"end":{"line":21,"column":3}},"21":{"start":{"line":22,"column":0},"end":{"line":22,"column":27}},"22":{"start":{"line":23,"column":0},"end":{"line":23,"column":14}},"23":{"start":{"line":24,"column":0},"end":{"line":24,"column":3}},"24":{"start":{"line":25,"column":0},"end":{"line":25,"column":32}},"25":{"start":{"line":26,"column":0},"end":{"line":26,"column":14}},"26":{"start":{"line":27,"column":0},"end":{"line":27,"column":3}},"27":{"start":{"line":28,"column":0},"end":{"line":28,"column":39}},"28":{"start":{"line":29,"column":0},"end":{"line":29,"column":24}},"29":{"start":{"line":30,"column":0},"end":{"line":30,"column":3}},"30":{"start":{"line":31,"column":0},"end":{"line":31,"column":20}},"31":{"start":{"line":32,"column":0},"end":{"line":32,"column":1}},"32":{"start":{"line":33,"column":0},"end":{"line":33,"column":0}},"33":{"start":{"line":34,"column":0},"end":{"line":34,"column":54}},"34":{"start":{"line":35,"column":0},"end":{"line":35,"column":185}},"35":{"start":{"line":36,"column":0},"end":{"line":36,"column":79}},"36":{"start":{"line":37,"column":0},"end":{"line":37,"column":81}},"37":{"start":{"line":38,"column":0},"end":{"line":38,"column":78}},"38":{"start":{"line":39,"column":0},"end":{"line":39,"column":0}},"39":{"start":{"line":40,"column":0},"end":{"line":40,"column":0}},"40":{"start":{"line":41,"column":0},"end":{"line":41,"column":47}},"41":{"start":{"line":42,"column":0},"end":{"line":42,"column":54}},"42":{"start":{"line":43,"column":0},"end":{"line":43,"column":18}},"43":{"start":{"line":44,"column":0},"end":{"line":44,"column":0}},"44":{"start":{"line":45,"column":0},"end":{"line":45,"column":109}},"45":{"start":{"line":46,"column":0},"end":{"line":46,"column":158}},"46":{"start":{"line":47,"column":0},"end":{"line":47,"column":26}},"47":{"start":{"line":48,"column":0},"end":{"line":48,"column":43}},"48":{"start":{"line":49,"column":0},"end":{"line":49,"column":172}},"49":{"start":{"line":50,"column":0},"end":{"line":50,"column":16}},"50":{"start":{"line":51,"column":0},"end":{"line":51,"column":204}},"51":{"start":{"line":52,"column":0},"end":{"line":52,"column":9}},"52":{"start":{"line":53,"column":0},"end":{"line":53,"column":7}},"53":{"start":{"line":54,"column":0},"end":{"line":54,"column":18}},"54":{"start":{"line":55,"column":0},"end":{"line":55,"column":5}},"55":{"start":{"line":56,"column":0},"end":{"line":56,"column":0}},"56":{"start":{"line":57,"column":0},"end":{"line":57,"column":0}},"57":{"start":{"line":58,"column":0},"end":{"line":58,"column":24}},"58":{"start":{"line":59,"column":0},"end":{"line":59,"column":41}},"59":{"start":{"line":60,"column":0},"end":{"line":60,"column":173}},"60":{"start":{"line":61,"column":0},"end":{"line":61,"column":14}},"61":{"start":{"line":62,"column":0},"end":{"line":62,"column":205}},"62":{"start":{"line":63,"column":0},"end":{"line":63,"column":7}},"63":{"start":{"line":64,"column":0},"end":{"line":64,"column":12}},"64":{"start":{"line":65,"column":0},"end":{"line":65,"column":63}},"65":{"start":{"line":66,"column":0},"end":{"line":66,"column":5}},"66":{"start":{"line":67,"column":0},"end":{"line":67,"column":47}},"67":{"start":{"line":68,"column":0},"end":{"line":68,"column":4}},"68":{"start":{"line":69,"column":0},"end":{"line":69,"column":0}},"69":{"start":{"line":70,"column":0},"end":{"line":70,"column":10}},"70":{"start":{"line":71,"column":0},"end":{"line":71,"column":52}},"71":{"start":{"line":72,"column":0},"end":{"line":72,"column":52}},"72":{"start":{"line":73,"column":0},"end":{"line":73,"column":4}},"73":{"start":{"line":74,"column":0},"end":{"line":74,"column":2}}},"s":{"0":1,"1":1,"2":1,"3":1,"4":1,"5":1,"6":1,"7":112,"8":112,"9":58,"10":58,"11":112,"12":0,"13":0,"14":54,"15":54,"16":1,"17":1,"18":158,"19":44,"20":44,"21":158,"22":52,"23":52,"24":158,"25":0,"26":0,"27":158,"28":0,"29":0,"30":62,"31":62,"32":1,"33":1,"34":26,"35":180,"36":180,"37":180,"38":180,"39":180,"40":180,"41":180,"42":180,"43":180,"44":180,"45":22,"46":22,"47":6,"48":0,"49":6,"50":6,"51":6,"52":6,"53":22,"54":22,"55":158,"56":158,"57":180,"58":46,"59":16,"60":46,"61":30,"62":30,"63":180,"64":112,"65":112,"66":158,"67":26,"68":26,"69":26,"70":26,"71":26,"72":26,"73":26},"branchMap":{"0":{"type":"branch","line":5,"loc":{"start":{"line":5,"column":18},"end":{"line":5,"column":70}},"locations":[{"start":{"line":5,"column":18},"end":{"line":5,"column":70}}]},"1":{"type":"branch","line":7,"loc":{"start":{"line":7,"column":20},"end":{"line":16,"column":1}},"locations":[{"start":{"line":7,"column":20},"end":{"line":16,"column":1}}]},"2":{"type":"branch","line":9,"loc":{"start":{"line":9,"column":30},"end":{"line":11,"column":3}},"locations":[{"start":{"line":9,"column":30},"end":{"line":11,"column":3}}]},"3":{"type":"branch","line":12,"loc":{"start":{"line":12,"column":-1},"end":{"line":12,"column":47}},"locations":[{"start":{"line":12,"column":-1},"end":{"line":12,"column":47}}]},"4":{"type":"branch","line":12,"loc":{"start":{"line":12,"column":47},"end":{"line":14,"column":3}},"locations":[{"start":{"line":12,"column":47},"end":{"line":14,"column":3}}]},"5":{"type":"branch","line":15,"loc":{"start":{"line":15,"column":-1},"end":{"line":16,"column":1}},"locations":[{"start":{"line":15,"column":-1},"end":{"line":16,"column":1}}]},"6":{"type":"branch","line":18,"loc":{"start":{"line":18,"column":18},"end":{"line":32,"column":1}},"locations":[{"start":{"line":18,"column":18},"end":{"line":32,"column":1}}]},"7":{"type":"branch","line":19,"loc":{"start":{"line":19,"column":31},"end":{"line":21,"column":3}},"locations":[{"start":{"line":19,"column":31},"end":{"line":21,"column":3}}]},"8":{"type":"branch","line":22,"loc":{"start":{"line":22,"column":-1},"end":{"line":22,"column":14}},"locations":[{"start":{"line":22,"column":-1},"end":{"line":22,"column":14}}]},"9":{"type":"branch","line":22,"loc":{"start":{"line":22,"column":10},"end":{"line":22,"column":24}},"locations":[{"start":{"line":22,"column":10},"end":{"line":22,"column":24}}]},"10":{"type":"branch","line":22,"loc":{"start":{"line":22,"column":26},"end":{"line":24,"column":3}},"locations":[{"start":{"line":22,"column":26},"end":{"line":24,"column":3}}]},"11":{"type":"branch","line":25,"loc":{"start":{"line":25,"column":-1},"end":{"line":25,"column":31}},"locations":[{"start":{"line":25,"column":-1},"end":{"line":25,"column":31}}]},"12":{"type":"branch","line":25,"loc":{"start":{"line":25,"column":31},"end":{"line":27,"column":3}},"locations":[{"start":{"line":25,"column":31},"end":{"line":27,"column":3}}]},"13":{"type":"branch","line":28,"loc":{"start":{"line":28,"column":-1},"end":{"line":28,"column":36}},"locations":[{"start":{"line":28,"column":-1},"end":{"line":28,"column":36}}]},"14":{"type":"branch","line":28,"loc":{"start":{"line":28,"column":38},"end":{"line":30,"column":3}},"locations":[{"start":{"line":28,"column":38},"end":{"line":30,"column":3}}]},"15":{"type":"branch","line":31,"loc":{"start":{"line":31,"column":-1},"end":{"line":32,"column":1}},"locations":[{"start":{"line":31,"column":-1},"end":{"line":32,"column":1}}]},"16":{"type":"branch","line":34,"loc":{"start":{"line":34,"column":30},"end":{"line":74,"column":2}},"locations":[{"start":{"line":34,"column":30},"end":{"line":74,"column":2}}]},"17":{"type":"branch","line":35,"loc":{"start":{"line":35,"column":25},"end":{"line":68,"column":3}},"locations":[{"start":{"line":35,"column":25},"end":{"line":68,"column":3}}]},"18":{"type":"branch","line":36,"loc":{"start":{"line":36,"column":57},"end":{"line":36,"column":66}},"locations":[{"start":{"line":36,"column":57},"end":{"line":36,"column":66}}]},"19":{"type":"branch","line":36,"loc":{"start":{"line":36,"column":67},"end":{"line":36,"column":78}},"locations":[{"start":{"line":36,"column":67},"end":{"line":36,"column":78}}]},"20":{"type":"branch","line":37,"loc":{"start":{"line":37,"column":49},"end":{"line":37,"column":64}},"locations":[{"start":{"line":37,"column":49},"end":{"line":37,"column":64}}]},"21":{"type":"branch","line":37,"loc":{"start":{"line":37,"column":65},"end":{"line":37,"column":80}},"locations":[{"start":{"line":37,"column":65},"end":{"line":37,"column":80}}]},"22":{"type":"branch","line":38,"loc":{"start":{"line":38,"column":48},"end":{"line":38,"column":62}},"locations":[{"start":{"line":38,"column":48},"end":{"line":38,"column":62}}]},"23":{"type":"branch","line":38,"loc":{"start":{"line":38,"column":63},"end":{"line":38,"column":77}},"locations":[{"start":{"line":38,"column":63},"end":{"line":38,"column":77}}]},"24":{"type":"branch","line":42,"loc":{"start":{"line":42,"column":29},"end":{"line":42,"column":42}},"locations":[{"start":{"line":42,"column":29},"end":{"line":42,"column":42}}]},"25":{"type":"branch","line":42,"loc":{"start":{"line":42,"column":43},"end":{"line":42,"column":48}},"locations":[{"start":{"line":42,"column":43},"end":{"line":42,"column":48}}]},"26":{"type":"branch","line":42,"loc":{"start":{"line":42,"column":49},"end":{"line":42,"column":53}},"locations":[{"start":{"line":42,"column":49},"end":{"line":42,"column":53}}]},"27":{"type":"branch","line":45,"loc":{"start":{"line":45,"column":30},"end":{"line":45,"column":39}},"locations":[{"start":{"line":45,"column":30},"end":{"line":45,"column":39}}]},"28":{"type":"branch","line":45,"loc":{"start":{"line":45,"column":39},"end":{"line":45,"column":106}},"locations":[{"start":{"line":45,"column":39},"end":{"line":45,"column":106}}]},"29":{"type":"branch","line":45,"loc":{"start":{"line":45,"column":57},"end":{"line":45,"column":105}},"locations":[{"start":{"line":45,"column":57},"end":{"line":45,"column":105}}]},"30":{"type":"branch","line":45,"loc":{"start":{"line":45,"column":108},"end":{"line":55,"column":5}},"locations":[{"start":{"line":45,"column":108},"end":{"line":55,"column":5}}]},"31":{"type":"branch","line":46,"loc":{"start":{"line":46,"column":43},"end":{"line":46,"column":104}},"locations":[{"start":{"line":46,"column":43},"end":{"line":46,"column":104}}]},"32":{"type":"branch","line":46,"loc":{"start":{"line":46,"column":106},"end":{"line":46,"column":152}},"locations":[{"start":{"line":46,"column":106},"end":{"line":46,"column":152}}]},"33":{"type":"branch","line":46,"loc":{"start":{"line":46,"column":153},"end":{"line":46,"column":157}},"locations":[{"start":{"line":46,"column":153},"end":{"line":46,"column":157}}]},"34":{"type":"branch","line":47,"loc":{"start":{"line":47,"column":25},"end":{"line":53,"column":7}},"locations":[{"start":{"line":47,"column":25},"end":{"line":53,"column":7}}]},"35":{"type":"branch","line":48,"loc":{"start":{"line":48,"column":42},"end":{"line":50,"column":15}},"locations":[{"start":{"line":48,"column":42},"end":{"line":50,"column":15}}]},"36":{"type":"branch","line":56,"loc":{"start":{"line":56,"column":-1},"end":{"line":58,"column":23}},"locations":[{"start":{"line":56,"column":-1},"end":{"line":58,"column":23}}]},"37":{"type":"branch","line":58,"loc":{"start":{"line":58,"column":23},"end":{"line":64,"column":11}},"locations":[{"start":{"line":58,"column":23},"end":{"line":64,"column":11}}]},"38":{"type":"branch","line":59,"loc":{"start":{"line":59,"column":40},"end":{"line":61,"column":13}},"locations":[{"start":{"line":59,"column":40},"end":{"line":61,"column":13}}]},"39":{"type":"branch","line":61,"loc":{"start":{"line":61,"column":7},"end":{"line":63,"column":7}},"locations":[{"start":{"line":61,"column":7},"end":{"line":63,"column":7}}]},"40":{"type":"branch","line":64,"loc":{"start":{"line":64,"column":5},"end":{"line":66,"column":5}},"locations":[{"start":{"line":64,"column":5},"end":{"line":66,"column":5}}]},"41":{"type":"branch","line":67,"loc":{"start":{"line":67,"column":-1},"end":{"line":68,"column":3}},"locations":[{"start":{"line":67,"column":-1},"end":{"line":68,"column":3}}]},"42":{"type":"branch","line":51,"loc":{"start":{"line":51,"column":74},"end":{"line":51,"column":187}},"locations":[{"start":{"line":51,"column":74},"end":{"line":51,"column":187}}]},"43":{"type":"branch","line":60,"loc":{"start":{"line":60,"column":40},"end":{"line":60,"column":130}},"locations":[{"start":{"line":60,"column":40},"end":{"line":60,"column":130}}]},"44":{"type":"branch","line":62,"loc":{"start":{"line":62,"column":56},"end":{"line":62,"column":162}},"locations":[{"start":{"line":62,"column":56},"end":{"line":62,"column":162}}]}},"b":{"0":[180],"1":[112],"2":[58],"3":[54],"4":[0],"5":[54],"6":[158],"7":[44],"8":[114],"9":[52],"10":[52],"11":[62],"12":[0],"13":[62],"14":[0],"15":[62],"16":[26],"17":[180],"18":[90],"19":[90],"20":[90],"21":[90],"22":[90],"23":[90],"24":[68],"25":[128],"26":[52],"27":[160],"28":[160],"29":[48],"30":[22],"31":[6],"32":[2],"33":[20],"34":[6],"35":[0],"36":[158],"37":[46],"38":[16],"39":[30],"40":[112],"41":[158],"42":[10],"43":[52],"44":[66]},"fnMap":{"0":{"name":"getIndent","decl":{"start":{"line":5,"column":18},"end":{"line":5,"column":70}},"loc":{"start":{"line":5,"column":18},"end":{"line":5,"column":70}},"line":5},"1":{"name":"renderValue","decl":{"start":{"line":7,"column":20},"end":{"line":16,"column":1}},"loc":{"start":{"line":7,"column":20},"end":{"line":16,"column":1}},"line":7},"2":{"name":"renderKey","decl":{"start":{"line":18,"column":18},"end":{"line":32,"column":1}},"loc":{"start":{"line":18,"column":18},"end":{"line":32,"column":1}},"line":18},"3":{"name":"diffSortedView","decl":{"start":{"line":34,"column":30},"end":{"line":74,"column":2}},"loc":{"start":{"line":34,"column":30},"end":{"line":74,"column":2}},"line":34},"4":{"name":"createDiffView","decl":{"start":{"line":35,"column":25},"end":{"line":68,"column":3}},"loc":{"start":{"line":35,"column":25},"end":{"line":68,"column":3}},"line":35}},"f":{"0":180,"1":112,"2":158,"3":26,"4":180}}
}
