{"/Users/lukasz/Dev/_NEW/diff/smart-diff/src/diffJsView.ts": {"path":"/Users/lukasz/Dev/_NEW/diff/smart-diff/src/diffJsView.ts","all":false,"statementMap":{"0":{"start":{"line":1,"column":0},"end":{"line":1,"column":46}},"1":{"start":{"line":2,"column":0},"end":{"line":2,"column":0}},"2":{"start":{"line":3,"column":0},"end":{"line":3,"column":22}},"3":{"start":{"line":4,"column":0},"end":{"line":4,"column":0}},"4":{"start":{"line":5,"column":0},"end":{"line":5,"column":71}},"5":{"start":{"line":6,"column":0},"end":{"line":6,"column":0}},"6":{"start":{"line":7,"column":0},"end":{"line":7,"column":37}},"7":{"start":{"line":8,"column":0},"end":{"line":8,"column":35}},"8":{"start":{"line":9,"column":0},"end":{"line":9,"column":31}},"9":{"start":{"line":10,"column":0},"end":{"line":10,"column":47}},"10":{"start":{"line":11,"column":0},"end":{"line":11,"column":3}},"11":{"start":{"line":12,"column":0},"end":{"line":12,"column":48}},"12":{"start":{"line":13,"column":0},"end":{"line":13,"column":33}},"13":{"start":{"line":14,"column":0},"end":{"line":14,"column":3}},"14":{"start":{"line":15,"column":0},"end":{"line":15,"column":20}},"15":{"start":{"line":16,"column":0},"end":{"line":16,"column":1}},"16":{"start":{"line":17,"column":0},"end":{"line":17,"column":0}},"17":{"start":{"line":18,"column":0},"end":{"line":18,"column":0}},"18":{"start":{"line":19,"column":0},"end":{"line":19,"column":53}},"19":{"start":{"line":20,"column":0},"end":{"line":20,"column":32}},"20":{"start":{"line":21,"column":0},"end":{"line":21,"column":14}},"21":{"start":{"line":22,"column":0},"end":{"line":22,"column":3}},"22":{"start":{"line":23,"column":0},"end":{"line":23,"column":27}},"23":{"start":{"line":24,"column":0},"end":{"line":24,"column":14}},"24":{"start":{"line":25,"column":0},"end":{"line":25,"column":3}},"25":{"start":{"line":26,"column":0},"end":{"line":26,"column":32}},"26":{"start":{"line":27,"column":0},"end":{"line":27,"column":14}},"27":{"start":{"line":28,"column":0},"end":{"line":28,"column":3}},"28":{"start":{"line":29,"column":0},"end":{"line":29,"column":39}},"29":{"start":{"line":30,"column":0},"end":{"line":30,"column":24}},"30":{"start":{"line":31,"column":0},"end":{"line":31,"column":3}},"31":{"start":{"line":32,"column":0},"end":{"line":32,"column":20}},"32":{"start":{"line":33,"column":0},"end":{"line":33,"column":1}},"33":{"start":{"line":34,"column":0},"end":{"line":34,"column":0}},"34":{"start":{"line":35,"column":0},"end":{"line":35,"column":58}},"35":{"start":{"line":36,"column":0},"end":{"line":36,"column":130}},"36":{"start":{"line":37,"column":0},"end":{"line":37,"column":18}},"37":{"start":{"line":38,"column":0},"end":{"line":38,"column":47}},"38":{"start":{"line":39,"column":0},"end":{"line":39,"column":54}},"39":{"start":{"line":40,"column":0},"end":{"line":40,"column":39}},"40":{"start":{"line":41,"column":0},"end":{"line":41,"column":0}},"41":{"start":{"line":42,"column":0},"end":{"line":42,"column":89}},"42":{"start":{"line":43,"column":0},"end":{"line":43,"column":41}},"43":{"start":{"line":44,"column":0},"end":{"line":44,"column":157}},"44":{"start":{"line":45,"column":0},"end":{"line":45,"column":14}},"45":{"start":{"line":46,"column":0},"end":{"line":46,"column":189}},"46":{"start":{"line":47,"column":0},"end":{"line":47,"column":7}},"47":{"start":{"line":48,"column":0},"end":{"line":48,"column":23}},"48":{"start":{"line":49,"column":0},"end":{"line":49,"column":92}},"49":{"start":{"line":50,"column":0},"end":{"line":50,"column":32}},"50":{"start":{"line":51,"column":0},"end":{"line":51,"column":95}},"51":{"start":{"line":52,"column":0},"end":{"line":52,"column":32}},"52":{"start":{"line":53,"column":0},"end":{"line":53,"column":177}},"53":{"start":{"line":54,"column":0},"end":{"line":54,"column":7}},"54":{"start":{"line":55,"column":0},"end":{"line":55,"column":12}},"55":{"start":{"line":56,"column":0},"end":{"line":56,"column":23}},"56":{"start":{"line":57,"column":0},"end":{"line":57,"column":81}},"57":{"start":{"line":58,"column":0},"end":{"line":58,"column":125}},"58":{"start":{"line":59,"column":0},"end":{"line":59,"column":14}},"59":{"start":{"line":60,"column":0},"end":{"line":60,"column":67}},"60":{"start":{"line":61,"column":0},"end":{"line":61,"column":7}},"61":{"start":{"line":62,"column":0},"end":{"line":62,"column":0}},"62":{"start":{"line":63,"column":0},"end":{"line":63,"column":25}},"63":{"start":{"line":64,"column":0},"end":{"line":64,"column":74}},"64":{"start":{"line":65,"column":0},"end":{"line":65,"column":7}},"65":{"start":{"line":66,"column":0},"end":{"line":66,"column":0}},"66":{"start":{"line":67,"column":0},"end":{"line":67,"column":57}},"67":{"start":{"line":68,"column":0},"end":{"line":68,"column":122}},"68":{"start":{"line":69,"column":0},"end":{"line":69,"column":7}},"69":{"start":{"line":70,"column":0},"end":{"line":70,"column":5}},"70":{"start":{"line":71,"column":0},"end":{"line":71,"column":47}},"71":{"start":{"line":72,"column":0},"end":{"line":72,"column":4}},"72":{"start":{"line":73,"column":0},"end":{"line":73,"column":0}},"73":{"start":{"line":74,"column":0},"end":{"line":74,"column":39}},"74":{"start":{"line":75,"column":0},"end":{"line":75,"column":2}}},"s":{"0":1,"1":1,"2":1,"3":1,"4":1,"5":1,"6":1,"7":41,"8":41,"9":22,"10":22,"11":41,"12":1,"13":1,"14":18,"15":18,"16":1,"17":1,"18":1,"19":44,"20":13,"21":13,"22":44,"23":13,"24":13,"25":44,"26":0,"27":0,"28":44,"29":0,"30":0,"31":18,"32":18,"33":1,"34":1,"35":13,"36":44,"37":44,"38":44,"39":44,"40":44,"41":44,"42":12,"43":4,"44":12,"45":8,"46":8,"47":12,"48":1,"49":12,"50":1,"51":11,"52":7,"53":7,"54":44,"55":32,"56":4,"57":4,"58":32,"59":28,"60":28,"61":32,"62":32,"63":3,"64":3,"65":32,"66":32,"67":9,"68":9,"69":32,"70":44,"71":13,"72":13,"73":13,"74":13},"branchMap":{"0":{"type":"branch","line":5,"loc":{"start":{"line":5,"column":18},"end":{"line":5,"column":70}},"locations":[{"start":{"line":5,"column":18},"end":{"line":5,"column":70}}]},"1":{"type":"branch","line":7,"loc":{"start":{"line":7,"column":20},"end":{"line":16,"column":1}},"locations":[{"start":{"line":7,"column":20},"end":{"line":16,"column":1}}]},"2":{"type":"branch","line":9,"loc":{"start":{"line":9,"column":30},"end":{"line":11,"column":3}},"locations":[{"start":{"line":9,"column":30},"end":{"line":11,"column":3}}]},"3":{"type":"branch","line":12,"loc":{"start":{"line":12,"column":-1},"end":{"line":12,"column":47}},"locations":[{"start":{"line":12,"column":-1},"end":{"line":12,"column":47}}]},"4":{"type":"branch","line":12,"loc":{"start":{"line":12,"column":47},"end":{"line":14,"column":3}},"locations":[{"start":{"line":12,"column":47},"end":{"line":14,"column":3}}]},"5":{"type":"branch","line":15,"loc":{"start":{"line":15,"column":-1},"end":{"line":16,"column":1}},"locations":[{"start":{"line":15,"column":-1},"end":{"line":16,"column":1}}]},"6":{"type":"branch","line":19,"loc":{"start":{"line":19,"column":18},"end":{"line":33,"column":1}},"locations":[{"start":{"line":19,"column":18},"end":{"line":33,"column":1}}]},"7":{"type":"branch","line":20,"loc":{"start":{"line":20,"column":31},"end":{"line":22,"column":3}},"locations":[{"start":{"line":20,"column":31},"end":{"line":22,"column":3}}]},"8":{"type":"branch","line":23,"loc":{"start":{"line":23,"column":-1},"end":{"line":23,"column":14}},"locations":[{"start":{"line":23,"column":-1},"end":{"line":23,"column":14}}]},"9":{"type":"branch","line":23,"loc":{"start":{"line":23,"column":10},"end":{"line":23,"column":24}},"locations":[{"start":{"line":23,"column":10},"end":{"line":23,"column":24}}]},"10":{"type":"branch","line":23,"loc":{"start":{"line":23,"column":26},"end":{"line":25,"column":3}},"locations":[{"start":{"line":23,"column":26},"end":{"line":25,"column":3}}]},"11":{"type":"branch","line":26,"loc":{"start":{"line":26,"column":-1},"end":{"line":26,"column":31}},"locations":[{"start":{"line":26,"column":-1},"end":{"line":26,"column":31}}]},"12":{"type":"branch","line":26,"loc":{"start":{"line":26,"column":31},"end":{"line":28,"column":3}},"locations":[{"start":{"line":26,"column":31},"end":{"line":28,"column":3}}]},"13":{"type":"branch","line":29,"loc":{"start":{"line":29,"column":-1},"end":{"line":29,"column":36}},"locations":[{"start":{"line":29,"column":-1},"end":{"line":29,"column":36}}]},"14":{"type":"branch","line":29,"loc":{"start":{"line":29,"column":38},"end":{"line":31,"column":3}},"locations":[{"start":{"line":29,"column":38},"end":{"line":31,"column":3}}]},"15":{"type":"branch","line":32,"loc":{"start":{"line":32,"column":-1},"end":{"line":33,"column":1}},"locations":[{"start":{"line":32,"column":-1},"end":{"line":33,"column":1}}]},"16":{"type":"branch","line":35,"loc":{"start":{"line":35,"column":26},"end":{"line":75,"column":2}},"locations":[{"start":{"line":35,"column":26},"end":{"line":75,"column":2}}]},"17":{"type":"branch","line":36,"loc":{"start":{"line":36,"column":25},"end":{"line":72,"column":3}},"locations":[{"start":{"line":36,"column":25},"end":{"line":72,"column":3}}]},"18":{"type":"branch","line":39,"loc":{"start":{"line":39,"column":29},"end":{"line":39,"column":42}},"locations":[{"start":{"line":39,"column":29},"end":{"line":39,"column":42}}]},"19":{"type":"branch","line":39,"loc":{"start":{"line":39,"column":43},"end":{"line":39,"column":48}},"locations":[{"start":{"line":39,"column":43},"end":{"line":39,"column":48}}]},"20":{"type":"branch","line":39,"loc":{"start":{"line":39,"column":49},"end":{"line":39,"column":53}},"locations":[{"start":{"line":39,"column":49},"end":{"line":39,"column":53}}]},"21":{"type":"branch","line":42,"loc":{"start":{"line":42,"column":21},"end":{"line":42,"column":86}},"locations":[{"start":{"line":42,"column":21},"end":{"line":42,"column":86}}]},"22":{"type":"branch","line":42,"loc":{"start":{"line":42,"column":71},"end":{"line":42,"column":85}},"locations":[{"start":{"line":42,"column":71},"end":{"line":42,"column":85}}]},"23":{"type":"branch","line":42,"loc":{"start":{"line":42,"column":88},"end":{"line":55,"column":11}},"locations":[{"start":{"line":42,"column":88},"end":{"line":55,"column":11}}]},"24":{"type":"branch","line":43,"loc":{"start":{"line":43,"column":40},"end":{"line":45,"column":13}},"locations":[{"start":{"line":43,"column":40},"end":{"line":45,"column":13}}]},"25":{"type":"branch","line":45,"loc":{"start":{"line":45,"column":7},"end":{"line":47,"column":7}},"locations":[{"start":{"line":45,"column":7},"end":{"line":47,"column":7}}]},"26":{"type":"branch","line":48,"loc":{"start":{"line":48,"column":22},"end":{"line":50,"column":13}},"locations":[{"start":{"line":48,"column":22},"end":{"line":50,"column":13}}]},"27":{"type":"branch","line":50,"loc":{"start":{"line":50,"column":7},"end":{"line":54,"column":7}},"locations":[{"start":{"line":50,"column":7},"end":{"line":54,"column":7}}]},"28":{"type":"branch","line":50,"loc":{"start":{"line":50,"column":31},"end":{"line":52,"column":13}},"locations":[{"start":{"line":50,"column":31},"end":{"line":52,"column":13}}]},"29":{"type":"branch","line":52,"loc":{"start":{"line":52,"column":7},"end":{"line":54,"column":7}},"locations":[{"start":{"line":52,"column":7},"end":{"line":54,"column":7}}]},"30":{"type":"branch","line":52,"loc":{"start":{"line":52,"column":31},"end":{"line":54,"column":7}},"locations":[{"start":{"line":52,"column":31},"end":{"line":54,"column":7}}]},"31":{"type":"branch","line":53,"loc":{"start":{"line":53,"column":52},"end":{"line":53,"column":94}},"locations":[{"start":{"line":53,"column":52},"end":{"line":53,"column":94}}]},"32":{"type":"branch","line":55,"loc":{"start":{"line":55,"column":5},"end":{"line":70,"column":5}},"locations":[{"start":{"line":55,"column":5},"end":{"line":70,"column":5}}]},"33":{"type":"branch","line":56,"loc":{"start":{"line":56,"column":22},"end":{"line":59,"column":13}},"locations":[{"start":{"line":56,"column":22},"end":{"line":59,"column":13}}]},"34":{"type":"branch","line":58,"loc":{"start":{"line":58,"column":83},"end":{"line":58,"column":124}},"locations":[{"start":{"line":58,"column":83},"end":{"line":58,"column":124}}]},"35":{"type":"branch","line":59,"loc":{"start":{"line":59,"column":7},"end":{"line":61,"column":7}},"locations":[{"start":{"line":59,"column":7},"end":{"line":61,"column":7}}]},"36":{"type":"branch","line":63,"loc":{"start":{"line":63,"column":24},"end":{"line":65,"column":7}},"locations":[{"start":{"line":63,"column":24},"end":{"line":65,"column":7}}]},"37":{"type":"branch","line":67,"loc":{"start":{"line":67,"column":23},"end":{"line":67,"column":38}},"locations":[{"start":{"line":67,"column":23},"end":{"line":67,"column":38}}]},"38":{"type":"branch","line":67,"loc":{"start":{"line":67,"column":38},"end":{"line":67,"column":54}},"locations":[{"start":{"line":67,"column":38},"end":{"line":67,"column":54}}]},"39":{"type":"branch","line":67,"loc":{"start":{"line":67,"column":56},"end":{"line":69,"column":7}},"locations":[{"start":{"line":67,"column":56},"end":{"line":69,"column":7}}]},"40":{"type":"branch","line":44,"loc":{"start":{"line":44,"column":40},"end":{"line":44,"column":114}},"locations":[{"start":{"line":44,"column":40},"end":{"line":44,"column":114}}]},"41":{"type":"branch","line":46,"loc":{"start":{"line":46,"column":56},"end":{"line":46,"column":146}},"locations":[{"start":{"line":46,"column":56},"end":{"line":46,"column":146}}]}},"b":{"0":[44],"1":[41],"2":[22],"3":[19],"4":[1],"5":[18],"6":[44],"7":[13],"8":[31],"9":[13],"10":[13],"11":[18],"12":[0],"13":[18],"14":[0],"15":[18],"16":[13],"17":[44],"18":[17],"19":[31],"20":[13],"21":[13],"22":[2],"23":[12],"24":[4],"25":[8],"26":[1],"27":[11],"28":[1],"29":[10],"30":[7],"31":[0],"32":[32],"33":[4],"34":[0],"35":[28],"36":[3],"37":[29],"38":[25],"39":[9],"40":[13],"41":[18]},"fnMap":{"0":{"name":"getIndent","decl":{"start":{"line":5,"column":18},"end":{"line":5,"column":70}},"loc":{"start":{"line":5,"column":18},"end":{"line":5,"column":70}},"line":5},"1":{"name":"renderValue","decl":{"start":{"line":7,"column":20},"end":{"line":16,"column":1}},"loc":{"start":{"line":7,"column":20},"end":{"line":16,"column":1}},"line":7},"2":{"name":"renderKey","decl":{"start":{"line":19,"column":18},"end":{"line":33,"column":1}},"loc":{"start":{"line":19,"column":18},"end":{"line":33,"column":1}},"line":19},"3":{"name":"diffJsView","decl":{"start":{"line":35,"column":26},"end":{"line":75,"column":2}},"loc":{"start":{"line":35,"column":26},"end":{"line":75,"column":2}},"line":35},"4":{"name":"createDiffView","decl":{"start":{"line":36,"column":25},"end":{"line":72,"column":3}},"loc":{"start":{"line":36,"column":25},"end":{"line":72,"column":3}},"line":36}},"f":{"0":44,"1":41,"2":44,"3":13,"4":44}}
,"/Users/lukasz/Dev/_NEW/diff/smart-diff/src/diffSortedView.ts": {"path":"/Users/lukasz/Dev/_NEW/diff/smart-diff/src/diffSortedView.ts","all":false,"statementMap":{"0":{"start":{"line":1,"column":0},"end":{"line":1,"column":46}},"1":{"start":{"line":2,"column":0},"end":{"line":2,"column":0}},"2":{"start":{"line":3,"column":0},"end":{"line":3,"column":22}},"3":{"start":{"line":4,"column":0},"end":{"line":4,"column":0}},"4":{"start":{"line":5,"column":0},"end":{"line":5,"column":71}},"5":{"start":{"line":6,"column":0},"end":{"line":6,"column":0}},"6":{"start":{"line":7,"column":0},"end":{"line":7,"column":37}},"7":{"start":{"line":8,"column":0},"end":{"line":8,"column":35}},"8":{"start":{"line":9,"column":0},"end":{"line":9,"column":31}},"9":{"start":{"line":10,"column":0},"end":{"line":10,"column":47}},"10":{"start":{"line":11,"column":0},"end":{"line":11,"column":3}},"11":{"start":{"line":12,"column":0},"end":{"line":12,"column":48}},"12":{"start":{"line":13,"column":0},"end":{"line":13,"column":33}},"13":{"start":{"line":14,"column":0},"end":{"line":14,"column":3}},"14":{"start":{"line":15,"column":0},"end":{"line":15,"column":20}},"15":{"start":{"line":16,"column":0},"end":{"line":16,"column":1}},"16":{"start":{"line":17,"column":0},"end":{"line":17,"column":0}},"17":{"start":{"line":18,"column":0},"end":{"line":18,"column":53}},"18":{"start":{"line":19,"column":0},"end":{"line":19,"column":32}},"19":{"start":{"line":20,"column":0},"end":{"line":20,"column":14}},"20":{"start":{"line":21,"column":0},"end":{"line":21,"column":3}},"21":{"start":{"line":22,"column":0},"end":{"line":22,"column":27}},"22":{"start":{"line":23,"column":0},"end":{"line":23,"column":14}},"23":{"start":{"line":24,"column":0},"end":{"line":24,"column":3}},"24":{"start":{"line":25,"column":0},"end":{"line":25,"column":32}},"25":{"start":{"line":26,"column":0},"end":{"line":26,"column":14}},"26":{"start":{"line":27,"column":0},"end":{"line":27,"column":3}},"27":{"start":{"line":28,"column":0},"end":{"line":28,"column":39}},"28":{"start":{"line":29,"column":0},"end":{"line":29,"column":24}},"29":{"start":{"line":30,"column":0},"end":{"line":30,"column":3}},"30":{"start":{"line":31,"column":0},"end":{"line":31,"column":20}},"31":{"start":{"line":32,"column":0},"end":{"line":32,"column":1}},"32":{"start":{"line":33,"column":0},"end":{"line":33,"column":0}},"33":{"start":{"line":34,"column":0},"end":{"line":34,"column":54}},"34":{"start":{"line":35,"column":0},"end":{"line":35,"column":185}},"35":{"start":{"line":36,"column":0},"end":{"line":36,"column":79}},"36":{"start":{"line":37,"column":0},"end":{"line":37,"column":81}},"37":{"start":{"line":38,"column":0},"end":{"line":38,"column":78}},"38":{"start":{"line":39,"column":0},"end":{"line":39,"column":0}},"39":{"start":{"line":40,"column":0},"end":{"line":40,"column":0}},"40":{"start":{"line":41,"column":0},"end":{"line":41,"column":47}},"41":{"start":{"line":42,"column":0},"end":{"line":42,"column":54}},"42":{"start":{"line":43,"column":0},"end":{"line":43,"column":18}},"43":{"start":{"line":44,"column":0},"end":{"line":44,"column":0}},"44":{"start":{"line":45,"column":0},"end":{"line":45,"column":109}},"45":{"start":{"line":46,"column":0},"end":{"line":46,"column":158}},"46":{"start":{"line":47,"column":0},"end":{"line":47,"column":26}},"47":{"start":{"line":48,"column":0},"end":{"line":48,"column":43}},"48":{"start":{"line":49,"column":0},"end":{"line":49,"column":172}},"49":{"start":{"line":50,"column":0},"end":{"line":50,"column":16}},"50":{"start":{"line":51,"column":0},"end":{"line":51,"column":204}},"51":{"start":{"line":52,"column":0},"end":{"line":52,"column":9}},"52":{"start":{"line":53,"column":0},"end":{"line":53,"column":7}},"53":{"start":{"line":54,"column":0},"end":{"line":54,"column":18}},"54":{"start":{"line":55,"column":0},"end":{"line":55,"column":5}},"55":{"start":{"line":56,"column":0},"end":{"line":56,"column":0}},"56":{"start":{"line":57,"column":0},"end":{"line":57,"column":0}},"57":{"start":{"line":58,"column":0},"end":{"line":58,"column":24}},"58":{"start":{"line":59,"column":0},"end":{"line":59,"column":41}},"59":{"start":{"line":60,"column":0},"end":{"line":60,"column":173}},"60":{"start":{"line":61,"column":0},"end":{"line":61,"column":14}},"61":{"start":{"line":62,"column":0},"end":{"line":62,"column":205}},"62":{"start":{"line":63,"column":0},"end":{"line":63,"column":7}},"63":{"start":{"line":64,"column":0},"end":{"line":64,"column":12}},"64":{"start":{"line":65,"column":0},"end":{"line":65,"column":63}},"65":{"start":{"line":66,"column":0},"end":{"line":66,"column":5}},"66":{"start":{"line":67,"column":0},"end":{"line":67,"column":47}},"67":{"start":{"line":68,"column":0},"end":{"line":68,"column":4}},"68":{"start":{"line":69,"column":0},"end":{"line":69,"column":0}},"69":{"start":{"line":70,"column":0},"end":{"line":70,"column":10}},"70":{"start":{"line":71,"column":0},"end":{"line":71,"column":52}},"71":{"start":{"line":72,"column":0},"end":{"line":72,"column":52}},"72":{"start":{"line":73,"column":0},"end":{"line":73,"column":4}},"73":{"start":{"line":74,"column":0},"end":{"line":74,"column":2}}},"s":{"0":1,"1":1,"2":1,"3":1,"4":1,"5":1,"6":1,"7":56,"8":56,"9":29,"10":29,"11":56,"12":0,"13":0,"14":27,"15":27,"16":1,"17":1,"18":79,"19":22,"20":22,"21":79,"22":26,"23":26,"24":79,"25":0,"26":0,"27":79,"28":0,"29":0,"30":31,"31":31,"32":1,"33":1,"34":13,"35":90,"36":90,"37":90,"38":90,"39":90,"40":90,"41":90,"42":90,"43":90,"44":90,"45":11,"46":11,"47":3,"48":0,"49":3,"50":3,"51":3,"52":3,"53":11,"54":11,"55":79,"56":79,"57":90,"58":23,"59":8,"60":23,"61":15,"62":15,"63":90,"64":56,"65":56,"66":79,"67":13,"68":13,"69":13,"70":13,"71":13,"72":13,"73":13},"branchMap":{"0":{"type":"branch","line":5,"loc":{"start":{"line":5,"column":18},"end":{"line":5,"column":70}},"locations":[{"start":{"line":5,"column":18},"end":{"line":5,"column":70}}]},"1":{"type":"branch","line":7,"loc":{"start":{"line":7,"column":20},"end":{"line":16,"column":1}},"locations":[{"start":{"line":7,"column":20},"end":{"line":16,"column":1}}]},"2":{"type":"branch","line":9,"loc":{"start":{"line":9,"column":30},"end":{"line":11,"column":3}},"locations":[{"start":{"line":9,"column":30},"end":{"line":11,"column":3}}]},"3":{"type":"branch","line":12,"loc":{"start":{"line":12,"column":-1},"end":{"line":12,"column":47}},"locations":[{"start":{"line":12,"column":-1},"end":{"line":12,"column":47}}]},"4":{"type":"branch","line":12,"loc":{"start":{"line":12,"column":47},"end":{"line":14,"column":3}},"locations":[{"start":{"line":12,"column":47},"end":{"line":14,"column":3}}]},"5":{"type":"branch","line":15,"loc":{"start":{"line":15,"column":-1},"end":{"line":16,"column":1}},"locations":[{"start":{"line":15,"column":-1},"end":{"line":16,"column":1}}]},"6":{"type":"branch","line":18,"loc":{"start":{"line":18,"column":18},"end":{"line":32,"column":1}},"locations":[{"start":{"line":18,"column":18},"end":{"line":32,"column":1}}]},"7":{"type":"branch","line":19,"loc":{"start":{"line":19,"column":31},"end":{"line":21,"column":3}},"locations":[{"start":{"line":19,"column":31},"end":{"line":21,"column":3}}]},"8":{"type":"branch","line":22,"loc":{"start":{"line":22,"column":-1},"end":{"line":22,"column":14}},"locations":[{"start":{"line":22,"column":-1},"end":{"line":22,"column":14}}]},"9":{"type":"branch","line":22,"loc":{"start":{"line":22,"column":10},"end":{"line":22,"column":24}},"locations":[{"start":{"line":22,"column":10},"end":{"line":22,"column":24}}]},"10":{"type":"branch","line":22,"loc":{"start":{"line":22,"column":26},"end":{"line":24,"column":3}},"locations":[{"start":{"line":22,"column":26},"end":{"line":24,"column":3}}]},"11":{"type":"branch","line":25,"loc":{"start":{"line":25,"column":-1},"end":{"line":25,"column":31}},"locations":[{"start":{"line":25,"column":-1},"end":{"line":25,"column":31}}]},"12":{"type":"branch","line":25,"loc":{"start":{"line":25,"column":31},"end":{"line":27,"column":3}},"locations":[{"start":{"line":25,"column":31},"end":{"line":27,"column":3}}]},"13":{"type":"branch","line":28,"loc":{"start":{"line":28,"column":-1},"end":{"line":28,"column":36}},"locations":[{"start":{"line":28,"column":-1},"end":{"line":28,"column":36}}]},"14":{"type":"branch","line":28,"loc":{"start":{"line":28,"column":38},"end":{"line":30,"column":3}},"locations":[{"start":{"line":28,"column":38},"end":{"line":30,"column":3}}]},"15":{"type":"branch","line":31,"loc":{"start":{"line":31,"column":-1},"end":{"line":32,"column":1}},"locations":[{"start":{"line":31,"column":-1},"end":{"line":32,"column":1}}]},"16":{"type":"branch","line":34,"loc":{"start":{"line":34,"column":30},"end":{"line":74,"column":2}},"locations":[{"start":{"line":34,"column":30},"end":{"line":74,"column":2}}]},"17":{"type":"branch","line":35,"loc":{"start":{"line":35,"column":25},"end":{"line":68,"column":3}},"locations":[{"start":{"line":35,"column":25},"end":{"line":68,"column":3}}]},"18":{"type":"branch","line":36,"loc":{"start":{"line":36,"column":57},"end":{"line":36,"column":66}},"locations":[{"start":{"line":36,"column":57},"end":{"line":36,"column":66}}]},"19":{"type":"branch","line":36,"loc":{"start":{"line":36,"column":67},"end":{"line":36,"column":78}},"locations":[{"start":{"line":36,"column":67},"end":{"line":36,"column":78}}]},"20":{"type":"branch","line":37,"loc":{"start":{"line":37,"column":49},"end":{"line":37,"column":64}},"locations":[{"start":{"line":37,"column":49},"end":{"line":37,"column":64}}]},"21":{"type":"branch","line":37,"loc":{"start":{"line":37,"column":65},"end":{"line":37,"column":80}},"locations":[{"start":{"line":37,"column":65},"end":{"line":37,"column":80}}]},"22":{"type":"branch","line":38,"loc":{"start":{"line":38,"column":48},"end":{"line":38,"column":62}},"locations":[{"start":{"line":38,"column":48},"end":{"line":38,"column":62}}]},"23":{"type":"branch","line":38,"loc":{"start":{"line":38,"column":63},"end":{"line":38,"column":77}},"locations":[{"start":{"line":38,"column":63},"end":{"line":38,"column":77}}]},"24":{"type":"branch","line":42,"loc":{"start":{"line":42,"column":29},"end":{"line":42,"column":42}},"locations":[{"start":{"line":42,"column":29},"end":{"line":42,"column":42}}]},"25":{"type":"branch","line":42,"loc":{"start":{"line":42,"column":43},"end":{"line":42,"column":48}},"locations":[{"start":{"line":42,"column":43},"end":{"line":42,"column":48}}]},"26":{"type":"branch","line":42,"loc":{"start":{"line":42,"column":49},"end":{"line":42,"column":53}},"locations":[{"start":{"line":42,"column":49},"end":{"line":42,"column":53}}]},"27":{"type":"branch","line":45,"loc":{"start":{"line":45,"column":30},"end":{"line":45,"column":39}},"locations":[{"start":{"line":45,"column":30},"end":{"line":45,"column":39}}]},"28":{"type":"branch","line":45,"loc":{"start":{"line":45,"column":39},"end":{"line":45,"column":106}},"locations":[{"start":{"line":45,"column":39},"end":{"line":45,"column":106}}]},"29":{"type":"branch","line":45,"loc":{"start":{"line":45,"column":57},"end":{"line":45,"column":105}},"locations":[{"start":{"line":45,"column":57},"end":{"line":45,"column":105}}]},"30":{"type":"branch","line":45,"loc":{"start":{"line":45,"column":108},"end":{"line":55,"column":5}},"locations":[{"start":{"line":45,"column":108},"end":{"line":55,"column":5}}]},"31":{"type":"branch","line":46,"loc":{"start":{"line":46,"column":43},"end":{"line":46,"column":104}},"locations":[{"start":{"line":46,"column":43},"end":{"line":46,"column":104}}]},"32":{"type":"branch","line":46,"loc":{"start":{"line":46,"column":106},"end":{"line":46,"column":152}},"locations":[{"start":{"line":46,"column":106},"end":{"line":46,"column":152}}]},"33":{"type":"branch","line":46,"loc":{"start":{"line":46,"column":153},"end":{"line":46,"column":157}},"locations":[{"start":{"line":46,"column":153},"end":{"line":46,"column":157}}]},"34":{"type":"branch","line":47,"loc":{"start":{"line":47,"column":25},"end":{"line":53,"column":7}},"locations":[{"start":{"line":47,"column":25},"end":{"line":53,"column":7}}]},"35":{"type":"branch","line":48,"loc":{"start":{"line":48,"column":42},"end":{"line":50,"column":15}},"locations":[{"start":{"line":48,"column":42},"end":{"line":50,"column":15}}]},"36":{"type":"branch","line":56,"loc":{"start":{"line":56,"column":-1},"end":{"line":58,"column":23}},"locations":[{"start":{"line":56,"column":-1},"end":{"line":58,"column":23}}]},"37":{"type":"branch","line":58,"loc":{"start":{"line":58,"column":23},"end":{"line":64,"column":11}},"locations":[{"start":{"line":58,"column":23},"end":{"line":64,"column":11}}]},"38":{"type":"branch","line":59,"loc":{"start":{"line":59,"column":40},"end":{"line":61,"column":13}},"locations":[{"start":{"line":59,"column":40},"end":{"line":61,"column":13}}]},"39":{"type":"branch","line":61,"loc":{"start":{"line":61,"column":7},"end":{"line":63,"column":7}},"locations":[{"start":{"line":61,"column":7},"end":{"line":63,"column":7}}]},"40":{"type":"branch","line":64,"loc":{"start":{"line":64,"column":5},"end":{"line":66,"column":5}},"locations":[{"start":{"line":64,"column":5},"end":{"line":66,"column":5}}]},"41":{"type":"branch","line":67,"loc":{"start":{"line":67,"column":-1},"end":{"line":68,"column":3}},"locations":[{"start":{"line":67,"column":-1},"end":{"line":68,"column":3}}]},"42":{"type":"branch","line":51,"loc":{"start":{"line":51,"column":74},"end":{"line":51,"column":187}},"locations":[{"start":{"line":51,"column":74},"end":{"line":51,"column":187}}]},"43":{"type":"branch","line":60,"loc":{"start":{"line":60,"column":40},"end":{"line":60,"column":130}},"locations":[{"start":{"line":60,"column":40},"end":{"line":60,"column":130}}]},"44":{"type":"branch","line":62,"loc":{"start":{"line":62,"column":56},"end":{"line":62,"column":162}},"locations":[{"start":{"line":62,"column":56},"end":{"line":62,"column":162}}]}},"b":{"0":[90],"1":[56],"2":[29],"3":[27],"4":[0],"5":[27],"6":[79],"7":[22],"8":[57],"9":[26],"10":[26],"11":[31],"12":[0],"13":[31],"14":[0],"15":[31],"16":[13],"17":[90],"18":[45],"19":[45],"20":[45],"21":[45],"22":[45],"23":[45],"24":[34],"25":[64],"26":[26],"27":[80],"28":[80],"29":[24],"30":[11],"31":[3],"32":[1],"33":[10],"34":[3],"35":[0],"36":[79],"37":[23],"38":[8],"39":[15],"40":[56],"41":[79],"42":[5],"43":[26],"44":[33]},"fnMap":{"0":{"name":"getIndent","decl":{"start":{"line":5,"column":18},"end":{"line":5,"column":70}},"loc":{"start":{"line":5,"column":18},"end":{"line":5,"column":70}},"line":5},"1":{"name":"renderValue","decl":{"start":{"line":7,"column":20},"end":{"line":16,"column":1}},"loc":{"start":{"line":7,"column":20},"end":{"line":16,"column":1}},"line":7},"2":{"name":"renderKey","decl":{"start":{"line":18,"column":18},"end":{"line":32,"column":1}},"loc":{"start":{"line":18,"column":18},"end":{"line":32,"column":1}},"line":18},"3":{"name":"diffSortedView","decl":{"start":{"line":34,"column":30},"end":{"line":74,"column":2}},"loc":{"start":{"line":34,"column":30},"end":{"line":74,"column":2}},"line":34},"4":{"name":"createDiffView","decl":{"start":{"line":35,"column":25},"end":{"line":68,"column":3}},"loc":{"start":{"line":35,"column":25},"end":{"line":68,"column":3}},"line":35}},"f":{"0":90,"1":56,"2":79,"3":13,"4":90}}
,"/Users/lukasz/Dev/_NEW/diff/smart-diff/src/main.ts": {"path":"/Users/lukasz/Dev/_NEW/diff/smart-diff/src/main.ts","all":false,"statementMap":{"0":{"start":{"line":1,"column":0},"end":{"line":1,"column":42}},"1":{"start":{"line":2,"column":0},"end":{"line":2,"column":50}},"2":{"start":{"line":3,"column":0},"end":{"line":3,"column":0}},"3":{"start":{"line":4,"column":0},"end":{"line":4,"column":43}},"4":{"start":{"line":5,"column":0},"end":{"line":5,"column":11}},"5":{"start":{"line":6,"column":0},"end":{"line":6,"column":72}},"6":{"start":{"line":7,"column":0},"end":{"line":7,"column":4}},"7":{"start":{"line":8,"column":0},"end":{"line":8,"column":119}},"8":{"start":{"line":9,"column":0},"end":{"line":9,"column":78}},"9":{"start":{"line":10,"column":0},"end":{"line":10,"column":78}},"10":{"start":{"line":11,"column":0},"end":{"line":11,"column":73}},"11":{"start":{"line":12,"column":0},"end":{"line":12,"column":75}},"12":{"start":{"line":13,"column":0},"end":{"line":13,"column":63}},"13":{"start":{"line":14,"column":0},"end":{"line":14,"column":78}},"14":{"start":{"line":15,"column":0},"end":{"line":15,"column":73}},"15":{"start":{"line":16,"column":0},"end":{"line":16,"column":75}},"16":{"start":{"line":17,"column":0},"end":{"line":17,"column":3}},"17":{"start":{"line":18,"column":0},"end":{"line":18,"column":192}},"18":{"start":{"line":19,"column":0},"end":{"line":19,"column":42}},"19":{"start":{"line":20,"column":0},"end":{"line":20,"column":10}},"20":{"start":{"line":21,"column":0},"end":{"line":21,"column":50}},"21":{"start":{"line":22,"column":0},"end":{"line":22,"column":93}},"22":{"start":{"line":23,"column":0},"end":{"line":23,"column":27}},"23":{"start":{"line":24,"column":0},"end":{"line":24,"column":28}},"24":{"start":{"line":25,"column":0},"end":{"line":25,"column":20}},"25":{"start":{"line":26,"column":0},"end":{"line":26,"column":25}},"26":{"start":{"line":27,"column":0},"end":{"line":27,"column":22}},"27":{"start":{"line":28,"column":0},"end":{"line":28,"column":21}},"28":{"start":{"line":29,"column":0},"end":{"line":29,"column":4}},"29":{"start":{"line":30,"column":0},"end":{"line":30,"column":1}},"30":{"start":{"line":31,"column":0},"end":{"line":31,"column":0}},"31":{"start":{"line":32,"column":0},"end":{"line":32,"column":50}},"32":{"start":{"line":33,"column":0},"end":{"line":33,"column":55}},"33":{"start":{"line":34,"column":0},"end":{"line":34,"column":0}},"34":{"start":{"line":35,"column":0},"end":{"line":35,"column":41}},"35":{"start":{"line":36,"column":0},"end":{"line":36,"column":55}},"36":{"start":{"line":37,"column":0},"end":{"line":37,"column":43}},"37":{"start":{"line":38,"column":0},"end":{"line":38,"column":3}},"38":{"start":{"line":39,"column":0},"end":{"line":39,"column":17}},"39":{"start":{"line":40,"column":0},"end":{"line":40,"column":2}},"40":{"start":{"line":41,"column":0},"end":{"line":41,"column":80}},"41":{"start":{"line":42,"column":0},"end":{"line":42,"column":66}},"42":{"start":{"line":43,"column":0},"end":{"line":43,"column":40}},"43":{"start":{"line":44,"column":0},"end":{"line":44,"column":87}},"44":{"start":{"line":45,"column":0},"end":{"line":45,"column":68}},"45":{"start":{"line":46,"column":0},"end":{"line":46,"column":5}},"46":{"start":{"line":47,"column":0},"end":{"line":47,"column":3}},"47":{"start":{"line":48,"column":0},"end":{"line":48,"column":2}},"48":{"start":{"line":49,"column":0},"end":{"line":49,"column":40}},"49":{"start":{"line":50,"column":0},"end":{"line":50,"column":17}},"50":{"start":{"line":51,"column":0},"end":{"line":51,"column":30}},"51":{"start":{"line":52,"column":0},"end":{"line":52,"column":22}},"52":{"start":{"line":53,"column":0},"end":{"line":53,"column":30}},"53":{"start":{"line":54,"column":0},"end":{"line":54,"column":21}},"54":{"start":{"line":55,"column":0},"end":{"line":55,"column":35}},"55":{"start":{"line":56,"column":0},"end":{"line":56,"column":22}},"56":{"start":{"line":57,"column":0},"end":{"line":57,"column":35}},"57":{"start":{"line":58,"column":0},"end":{"line":58,"column":22}},"58":{"start":{"line":59,"column":0},"end":{"line":59,"column":36}},"59":{"start":{"line":60,"column":0},"end":{"line":60,"column":23}},"60":{"start":{"line":61,"column":0},"end":{"line":61,"column":24}},"61":{"start":{"line":62,"column":0},"end":{"line":62,"column":20}},"62":{"start":{"line":63,"column":0},"end":{"line":63,"column":29}},"63":{"start":{"line":64,"column":0},"end":{"line":64,"column":25}},"64":{"start":{"line":65,"column":0},"end":{"line":65,"column":12}},"65":{"start":{"line":66,"column":0},"end":{"line":66,"column":23}},"66":{"start":{"line":67,"column":0},"end":{"line":67,"column":3}},"67":{"start":{"line":68,"column":0},"end":{"line":68,"column":2}},"68":{"start":{"line":69,"column":0},"end":{"line":69,"column":0}},"69":{"start":{"line":70,"column":0},"end":{"line":70,"column":110}},"70":{"start":{"line":71,"column":0},"end":{"line":71,"column":123}},"71":{"start":{"line":72,"column":0},"end":{"line":72,"column":27}},"72":{"start":{"line":73,"column":0},"end":{"line":73,"column":39}},"73":{"start":{"line":74,"column":0},"end":{"line":74,"column":39}},"74":{"start":{"line":75,"column":0},"end":{"line":75,"column":28}},"75":{"start":{"line":76,"column":0},"end":{"line":76,"column":28}},"76":{"start":{"line":77,"column":0},"end":{"line":77,"column":21}},"77":{"start":{"line":78,"column":0},"end":{"line":78,"column":25}},"78":{"start":{"line":79,"column":0},"end":{"line":79,"column":0}},"79":{"start":{"line":80,"column":0},"end":{"line":80,"column":38}},"80":{"start":{"line":81,"column":0},"end":{"line":81,"column":0}},"81":{"start":{"line":82,"column":0},"end":{"line":82,"column":38}},"82":{"start":{"line":83,"column":0},"end":{"line":83,"column":38}},"83":{"start":{"line":84,"column":0},"end":{"line":84,"column":28}},"84":{"start":{"line":85,"column":0},"end":{"line":85,"column":0}},"85":{"start":{"line":86,"column":0},"end":{"line":86,"column":21}},"86":{"start":{"line":87,"column":0},"end":{"line":87,"column":21}},"87":{"start":{"line":88,"column":0},"end":{"line":88,"column":20}},"88":{"start":{"line":89,"column":0},"end":{"line":89,"column":0}},"89":{"start":{"line":90,"column":0},"end":{"line":90,"column":17}},"90":{"start":{"line":91,"column":0},"end":{"line":91,"column":19}},"91":{"start":{"line":92,"column":0},"end":{"line":92,"column":19}},"92":{"start":{"line":93,"column":0},"end":{"line":93,"column":0}},"93":{"start":{"line":94,"column":0},"end":{"line":94,"column":66}},"94":{"start":{"line":95,"column":0},"end":{"line":95,"column":2}},"95":{"start":{"line":96,"column":0},"end":{"line":96,"column":27}},"96":{"start":{"line":97,"column":0},"end":{"line":97,"column":27}},"97":{"start":{"line":98,"column":0},"end":{"line":98,"column":39}},"98":{"start":{"line":99,"column":0},"end":{"line":99,"column":2}},"99":{"start":{"line":100,"column":0},"end":{"line":100,"column":0}},"100":{"start":{"line":101,"column":0},"end":{"line":101,"column":153}},"101":{"start":{"line":102,"column":0},"end":{"line":102,"column":56}},"102":{"start":{"line":103,"column":0},"end":{"line":103,"column":65}},"103":{"start":{"line":104,"column":0},"end":{"line":104,"column":18}},"104":{"start":{"line":105,"column":0},"end":{"line":105,"column":3}},"105":{"start":{"line":106,"column":0},"end":{"line":106,"column":14}},"106":{"start":{"line":107,"column":0},"end":{"line":107,"column":2}},"107":{"start":{"line":108,"column":0},"end":{"line":108,"column":0}},"108":{"start":{"line":109,"column":0},"end":{"line":109,"column":22}},"109":{"start":{"line":110,"column":0},"end":{"line":110,"column":25}},"110":{"start":{"line":111,"column":0},"end":{"line":111,"column":42}},"111":{"start":{"line":112,"column":0},"end":{"line":112,"column":81}},"112":{"start":{"line":113,"column":0},"end":{"line":113,"column":75}},"113":{"start":{"line":114,"column":0},"end":{"line":114,"column":22}},"114":{"start":{"line":115,"column":0},"end":{"line":115,"column":46}},"115":{"start":{"line":116,"column":0},"end":{"line":116,"column":46}},"116":{"start":{"line":117,"column":0},"end":{"line":117,"column":47}},"117":{"start":{"line":118,"column":0},"end":{"line":118,"column":47}},"118":{"start":{"line":119,"column":0},"end":{"line":119,"column":30}},"119":{"start":{"line":120,"column":0},"end":{"line":120,"column":29}},"120":{"start":{"line":121,"column":0},"end":{"line":121,"column":21}},"121":{"start":{"line":122,"column":0},"end":{"line":122,"column":44}},"122":{"start":{"line":123,"column":0},"end":{"line":123,"column":44}},"123":{"start":{"line":124,"column":0},"end":{"line":124,"column":0}},"124":{"start":{"line":125,"column":0},"end":{"line":125,"column":38}},"125":{"start":{"line":126,"column":0},"end":{"line":126,"column":17}},"126":{"start":{"line":127,"column":0},"end":{"line":127,"column":17}},"127":{"start":{"line":128,"column":0},"end":{"line":128,"column":18}},"128":{"start":{"line":129,"column":0},"end":{"line":129,"column":18}},"129":{"start":{"line":130,"column":0},"end":{"line":130,"column":22}},"130":{"start":{"line":131,"column":0},"end":{"line":131,"column":26}},"131":{"start":{"line":132,"column":0},"end":{"line":132,"column":0}},"132":{"start":{"line":133,"column":0},"end":{"line":133,"column":24}},"133":{"start":{"line":134,"column":0},"end":{"line":134,"column":0}},"134":{"start":{"line":135,"column":0},"end":{"line":135,"column":18}},"135":{"start":{"line":136,"column":0},"end":{"line":136,"column":18}},"136":{"start":{"line":137,"column":0},"end":{"line":137,"column":99}},"137":{"start":{"line":138,"column":0},"end":{"line":138,"column":0}},"138":{"start":{"line":139,"column":0},"end":{"line":139,"column":17}},"139":{"start":{"line":140,"column":0},"end":{"line":140,"column":17}},"140":{"start":{"line":141,"column":0},"end":{"line":141,"column":42}},"141":{"start":{"line":142,"column":0},"end":{"line":142,"column":0}},"142":{"start":{"line":143,"column":0},"end":{"line":143,"column":19}},"143":{"start":{"line":144,"column":0},"end":{"line":144,"column":21}},"144":{"start":{"line":145,"column":0},"end":{"line":145,"column":21}},"145":{"start":{"line":146,"column":0},"end":{"line":146,"column":0}},"146":{"start":{"line":147,"column":0},"end":{"line":147,"column":21}},"147":{"start":{"line":148,"column":0},"end":{"line":148,"column":6}},"148":{"start":{"line":149,"column":0},"end":{"line":149,"column":0}},"149":{"start":{"line":150,"column":0},"end":{"line":150,"column":61}},"150":{"start":{"line":151,"column":0},"end":{"line":151,"column":53}},"151":{"start":{"line":152,"column":0},"end":{"line":152,"column":53}},"152":{"start":{"line":153,"column":0},"end":{"line":153,"column":97}},"153":{"start":{"line":154,"column":0},"end":{"line":154,"column":97}},"154":{"start":{"line":155,"column":0},"end":{"line":155,"column":75}},"155":{"start":{"line":156,"column":0},"end":{"line":156,"column":0}},"156":{"start":{"line":157,"column":0},"end":{"line":157,"column":83}},"157":{"start":{"line":158,"column":0},"end":{"line":158,"column":99}},"158":{"start":{"line":159,"column":0},"end":{"line":159,"column":99}},"159":{"start":{"line":160,"column":0},"end":{"line":160,"column":70}},"160":{"start":{"line":161,"column":0},"end":{"line":161,"column":70}},"161":{"start":{"line":162,"column":0},"end":{"line":162,"column":44}},"162":{"start":{"line":163,"column":0},"end":{"line":163,"column":72}},"163":{"start":{"line":164,"column":0},"end":{"line":164,"column":72}},"164":{"start":{"line":165,"column":0},"end":{"line":165,"column":50}},"165":{"start":{"line":166,"column":0},"end":{"line":166,"column":50}},"166":{"start":{"line":167,"column":0},"end":{"line":167,"column":22}},"167":{"start":{"line":168,"column":0},"end":{"line":168,"column":21}},"168":{"start":{"line":169,"column":0},"end":{"line":169,"column":10}},"169":{"start":{"line":170,"column":0},"end":{"line":170,"column":0}},"170":{"start":{"line":171,"column":0},"end":{"line":171,"column":84}},"171":{"start":{"line":172,"column":0},"end":{"line":172,"column":52}},"172":{"start":{"line":173,"column":0},"end":{"line":173,"column":54}},"173":{"start":{"line":174,"column":0},"end":{"line":174,"column":0}},"174":{"start":{"line":175,"column":0},"end":{"line":175,"column":36}},"175":{"start":{"line":176,"column":0},"end":{"line":176,"column":19}},"176":{"start":{"line":177,"column":0},"end":{"line":177,"column":47}},"177":{"start":{"line":178,"column":0},"end":{"line":178,"column":38}},"178":{"start":{"line":179,"column":0},"end":{"line":179,"column":66}},"179":{"start":{"line":180,"column":0},"end":{"line":180,"column":51}},"180":{"start":{"line":181,"column":0},"end":{"line":181,"column":51}},"181":{"start":{"line":182,"column":0},"end":{"line":182,"column":71}},"182":{"start":{"line":183,"column":0},"end":{"line":183,"column":95}},"183":{"start":{"line":184,"column":0},"end":{"line":184,"column":65}},"184":{"start":{"line":185,"column":0},"end":{"line":185,"column":77}},"185":{"start":{"line":186,"column":0},"end":{"line":186,"column":142}},"186":{"start":{"line":187,"column":0},"end":{"line":187,"column":42}},"187":{"start":{"line":188,"column":0},"end":{"line":188,"column":46}},"188":{"start":{"line":189,"column":0},"end":{"line":189,"column":37}},"189":{"start":{"line":190,"column":0},"end":{"line":190,"column":16}},"190":{"start":{"line":191,"column":0},"end":{"line":191,"column":54}},"191":{"start":{"line":192,"column":0},"end":{"line":192,"column":9}},"192":{"start":{"line":193,"column":0},"end":{"line":193,"column":9}},"193":{"start":{"line":194,"column":0},"end":{"line":194,"column":0}},"194":{"start":{"line":195,"column":0},"end":{"line":195,"column":71}},"195":{"start":{"line":196,"column":0},"end":{"line":196,"column":95}},"196":{"start":{"line":197,"column":0},"end":{"line":197,"column":65}},"197":{"start":{"line":198,"column":0},"end":{"line":198,"column":77}},"198":{"start":{"line":199,"column":0},"end":{"line":199,"column":142}},"199":{"start":{"line":200,"column":0},"end":{"line":200,"column":42}},"200":{"start":{"line":201,"column":0},"end":{"line":201,"column":46}},"201":{"start":{"line":202,"column":0},"end":{"line":202,"column":37}},"202":{"start":{"line":203,"column":0},"end":{"line":203,"column":16}},"203":{"start":{"line":204,"column":0},"end":{"line":204,"column":54}},"204":{"start":{"line":205,"column":0},"end":{"line":205,"column":9}},"205":{"start":{"line":206,"column":0},"end":{"line":206,"column":9}},"206":{"start":{"line":207,"column":0},"end":{"line":207,"column":0}},"207":{"start":{"line":208,"column":0},"end":{"line":208,"column":101}},"208":{"start":{"line":209,"column":0},"end":{"line":209,"column":0}},"209":{"start":{"line":210,"column":0},"end":{"line":210,"column":48}},"210":{"start":{"line":211,"column":0},"end":{"line":211,"column":83}},"211":{"start":{"line":212,"column":0},"end":{"line":212,"column":83}},"212":{"start":{"line":213,"column":0},"end":{"line":213,"column":44}},"213":{"start":{"line":214,"column":0},"end":{"line":214,"column":84}},"214":{"start":{"line":215,"column":0},"end":{"line":215,"column":84}},"215":{"start":{"line":216,"column":0},"end":{"line":216,"column":22}},"216":{"start":{"line":217,"column":0},"end":{"line":217,"column":22}},"217":{"start":{"line":218,"column":0},"end":{"line":218,"column":22}},"218":{"start":{"line":219,"column":0},"end":{"line":219,"column":21}},"219":{"start":{"line":220,"column":0},"end":{"line":220,"column":10}},"220":{"start":{"line":221,"column":0},"end":{"line":221,"column":0}},"221":{"start":{"line":222,"column":0},"end":{"line":222,"column":42}},"222":{"start":{"line":223,"column":0},"end":{"line":223,"column":0}},"223":{"start":{"line":224,"column":0},"end":{"line":224,"column":84}},"224":{"start":{"line":225,"column":0},"end":{"line":225,"column":84}},"225":{"start":{"line":226,"column":0},"end":{"line":226,"column":86}},"226":{"start":{"line":227,"column":0},"end":{"line":227,"column":0}},"227":{"start":{"line":228,"column":0},"end":{"line":228,"column":32}},"228":{"start":{"line":229,"column":0},"end":{"line":229,"column":9}},"229":{"start":{"line":230,"column":0},"end":{"line":230,"column":0}},"230":{"start":{"line":231,"column":0},"end":{"line":231,"column":110}},"231":{"start":{"line":232,"column":0},"end":{"line":232,"column":110}},"232":{"start":{"line":233,"column":0},"end":{"line":233,"column":0}},"233":{"start":{"line":234,"column":0},"end":{"line":234,"column":136}},"234":{"start":{"line":235,"column":0},"end":{"line":235,"column":15}},"235":{"start":{"line":236,"column":0},"end":{"line":236,"column":31}},"236":{"start":{"line":237,"column":0},"end":{"line":237,"column":14}},"237":{"start":{"line":238,"column":0},"end":{"line":238,"column":136}},"238":{"start":{"line":239,"column":0},"end":{"line":239,"column":15}},"239":{"start":{"line":240,"column":0},"end":{"line":240,"column":31}},"240":{"start":{"line":241,"column":0},"end":{"line":241,"column":14}},"241":{"start":{"line":242,"column":0},"end":{"line":242,"column":0}},"242":{"start":{"line":243,"column":0},"end":{"line":243,"column":94}},"243":{"start":{"line":244,"column":0},"end":{"line":244,"column":51}},"244":{"start":{"line":245,"column":0},"end":{"line":245,"column":31}},"245":{"start":{"line":246,"column":0},"end":{"line":246,"column":22}},"246":{"start":{"line":247,"column":0},"end":{"line":247,"column":32}},"247":{"start":{"line":248,"column":0},"end":{"line":248,"column":64}},"248":{"start":{"line":249,"column":0},"end":{"line":249,"column":63}},"249":{"start":{"line":250,"column":0},"end":{"line":250,"column":12}},"250":{"start":{"line":251,"column":0},"end":{"line":251,"column":29}},"251":{"start":{"line":252,"column":0},"end":{"line":252,"column":32}},"252":{"start":{"line":253,"column":0},"end":{"line":253,"column":9}},"253":{"start":{"line":254,"column":0},"end":{"line":254,"column":36}},"254":{"start":{"line":255,"column":0},"end":{"line":255,"column":88}},"255":{"start":{"line":256,"column":0},"end":{"line":256,"column":9}},"256":{"start":{"line":257,"column":0},"end":{"line":257,"column":86}},"257":{"start":{"line":258,"column":0},"end":{"line":258,"column":8}},"258":{"start":{"line":259,"column":0},"end":{"line":259,"column":62}},"259":{"start":{"line":260,"column":0},"end":{"line":260,"column":124}},"260":{"start":{"line":261,"column":0},"end":{"line":261,"column":129}},"261":{"start":{"line":262,"column":0},"end":{"line":262,"column":129}},"262":{"start":{"line":263,"column":0},"end":{"line":263,"column":44}},"263":{"start":{"line":264,"column":0},"end":{"line":264,"column":104}},"264":{"start":{"line":265,"column":0},"end":{"line":265,"column":104}},"265":{"start":{"line":266,"column":0},"end":{"line":266,"column":32}},"266":{"start":{"line":267,"column":0},"end":{"line":267,"column":32}},"267":{"start":{"line":268,"column":0},"end":{"line":268,"column":32}},"268":{"start":{"line":269,"column":0},"end":{"line":269,"column":31}},"269":{"start":{"line":270,"column":0},"end":{"line":270,"column":10}},"270":{"start":{"line":271,"column":0},"end":{"line":271,"column":0}},"271":{"start":{"line":272,"column":0},"end":{"line":272,"column":84}},"272":{"start":{"line":273,"column":0},"end":{"line":273,"column":98}},"273":{"start":{"line":274,"column":0},"end":{"line":274,"column":100}},"274":{"start":{"line":275,"column":0},"end":{"line":275,"column":0}},"275":{"start":{"line":276,"column":0},"end":{"line":276,"column":50}},"276":{"start":{"line":277,"column":0},"end":{"line":277,"column":9}},"277":{"start":{"line":278,"column":0},"end":{"line":278,"column":0}},"278":{"start":{"line":279,"column":0},"end":{"line":279,"column":30}},"279":{"start":{"line":280,"column":0},"end":{"line":280,"column":27}},"280":{"start":{"line":281,"column":0},"end":{"line":281,"column":30}},"281":{"start":{"line":282,"column":0},"end":{"line":282,"column":8}},"282":{"start":{"line":283,"column":0},"end":{"line":283,"column":12}},"283":{"start":{"line":284,"column":0},"end":{"line":284,"column":58}},"284":{"start":{"line":285,"column":0},"end":{"line":285,"column":5}},"285":{"start":{"line":286,"column":0},"end":{"line":286,"column":70}},"286":{"start":{"line":287,"column":0},"end":{"line":287,"column":0}},"287":{"start":{"line":288,"column":0},"end":{"line":288,"column":49}},"288":{"start":{"line":289,"column":0},"end":{"line":289,"column":0}},"289":{"start":{"line":290,"column":0},"end":{"line":290,"column":23}},"290":{"start":{"line":291,"column":0},"end":{"line":291,"column":4}},"291":{"start":{"line":292,"column":0},"end":{"line":292,"column":0}},"292":{"start":{"line":293,"column":0},"end":{"line":293,"column":20}},"293":{"start":{"line":294,"column":0},"end":{"line":294,"column":7}},"294":{"start":{"line":295,"column":0},"end":{"line":295,"column":7}},"295":{"start":{"line":296,"column":0},"end":{"line":296,"column":9}},"296":{"start":{"line":297,"column":0},"end":{"line":297,"column":9}},"297":{"start":{"line":298,"column":0},"end":{"line":298,"column":11}},"298":{"start":{"line":299,"column":0},"end":{"line":299,"column":10}},"299":{"start":{"line":300,"column":0},"end":{"line":300,"column":4}},"300":{"start":{"line":301,"column":0},"end":{"line":301,"column":2}},"301":{"start":{"line":302,"column":0},"end":{"line":302,"column":0}},"302":{"start":{"line":303,"column":0},"end":{"line":303,"column":20}}},"s":{"0":1,"1":1,"2":1,"3":1,"4":12,"5":12,"6":1,"7":1,"8":24,"9":24,"10":24,"11":24,"12":24,"13":24,"14":24,"15":24,"16":1,"17":1,"18":24,"19":24,"20":24,"21":24,"22":24,"23":24,"24":24,"25":24,"26":24,"27":24,"28":24,"29":24,"30":1,"31":1,"32":1,"33":1,"34":1,"35":135,"36":24,"37":24,"38":111,"39":111,"40":1,"41":513,"42":119,"43":119,"44":119,"45":119,"46":513,"47":1,"48":1,"49":480,"50":480,"51":116,"52":480,"53":24,"54":480,"55":159,"56":480,"57":100,"58":480,"59":19,"60":480,"61":14,"62":480,"63":48,"64":480,"65":0,"66":480,"67":480,"68":1,"69":1,"70":1,"71":1,"72":1,"73":1,"74":1,"75":1,"76":1,"77":1,"78":1,"79":1,"80":1,"81":1,"82":1,"83":1,"84":1,"85":1,"86":1,"87":1,"88":1,"89":1,"90":1,"91":1,"92":1,"93":1,"94":1,"95":1,"96":1,"97":1,"98":1,"99":1,"100":1,"101":39,"102":39,"103":36,"104":36,"105":3,"106":3,"107":1,"108":1,"109":39,"110":39,"111":39,"112":39,"113":39,"114":135,"115":135,"116":135,"117":135,"118":135,"119":135,"120":135,"121":135,"122":135,"123":135,"124":135,"125":135,"126":135,"127":135,"128":135,"129":135,"130":135,"131":135,"132":135,"133":135,"134":135,"135":135,"136":135,"137":135,"138":135,"139":135,"140":135,"141":135,"142":135,"143":135,"144":135,"145":135,"146":135,"147":135,"148":135,"149":135,"150":27,"151":27,"152":27,"153":27,"154":27,"155":27,"156":27,"157":57,"158":57,"159":57,"160":57,"161":57,"162":57,"163":57,"164":57,"165":57,"166":57,"167":57,"168":57,"169":57,"170":57,"171":57,"172":57,"173":57,"174":57,"175":57,"176":27,"177":27,"178":135,"179":12,"180":12,"181":12,"182":12,"183":12,"184":12,"185":33,"186":33,"187":18,"188":18,"189":33,"190":15,"191":15,"192":12,"193":12,"194":12,"195":12,"196":12,"197":12,"198":36,"199":36,"200":18,"201":18,"202":18,"203":18,"204":18,"205":12,"206":12,"207":12,"208":12,"209":12,"210":21,"211":21,"212":21,"213":21,"214":21,"215":21,"216":21,"217":21,"218":21,"219":21,"220":21,"221":21,"222":21,"223":21,"224":21,"225":21,"226":21,"227":21,"228":12,"229":12,"230":12,"231":12,"232":12,"233":12,"234":15,"235":15,"236":12,"237":12,"238":18,"239":18,"240":12,"241":12,"242":12,"243":12,"244":12,"245":18,"246":18,"247":18,"248":18,"249":18,"250":18,"251":18,"252":18,"253":0,"254":0,"255":0,"256":0,"257":12,"258":12,"259":18,"260":18,"261":18,"262":18,"263":18,"264":18,"265":18,"266":18,"267":18,"268":18,"269":18,"270":18,"271":18,"272":18,"273":18,"274":18,"275":18,"276":12,"277":12,"278":12,"279":12,"280":12,"281":12,"282":108,"283":96,"284":96,"285":135,"286":135,"287":135,"288":135,"289":135,"290":39,"291":39,"292":39,"293":39,"294":39,"295":39,"296":39,"297":39,"298":39,"299":39,"300":39,"301":1,"302":1},"branchMap":{"0":{"type":"branch","line":1,"loc":{"start":{"line":1,"column":9},"end":{"line":1,"column":42}},"locations":[{"start":{"line":1,"column":9},"end":{"line":1,"column":42}}]},"1":{"type":"branch","line":2,"loc":{"start":{"line":2,"column":9},"end":{"line":2,"column":50}},"locations":[{"start":{"line":2,"column":9},"end":{"line":2,"column":50}}]},"2":{"type":"branch","line":4,"loc":{"start":{"line":4,"column":16},"end":{"line":6,"column":72}},"locations":[{"start":{"line":4,"column":16},"end":{"line":6,"column":72}}]},"3":{"type":"branch","line":6,"loc":{"start":{"line":6,"column":4},"end":{"line":6,"column":72}},"locations":[{"start":{"line":6,"column":4},"end":{"line":6,"column":72}}]},"4":{"type":"branch","line":8,"loc":{"start":{"line":8,"column":25},"end":{"line":17,"column":2}},"locations":[{"start":{"line":8,"column":25},"end":{"line":17,"column":2}}]},"5":{"type":"branch","line":9,"loc":{"start":{"line":9,"column":23},"end":{"line":9,"column":54}},"locations":[{"start":{"line":9,"column":23},"end":{"line":9,"column":54}}]},"6":{"type":"branch","line":10,"loc":{"start":{"line":10,"column":23},"end":{"line":10,"column":54}},"locations":[{"start":{"line":10,"column":23},"end":{"line":10,"column":54}}]},"7":{"type":"branch","line":11,"loc":{"start":{"line":11,"column":28},"end":{"line":11,"column":48}},"locations":[{"start":{"line":11,"column":28},"end":{"line":11,"column":48}}]},"8":{"type":"branch","line":12,"loc":{"start":{"line":12,"column":29},"end":{"line":12,"column":50}},"locations":[{"start":{"line":12,"column":29},"end":{"line":12,"column":50}}]},"9":{"type":"branch","line":13,"loc":{"start":{"line":13,"column":21},"end":{"line":13,"column":41}},"locations":[{"start":{"line":13,"column":21},"end":{"line":13,"column":41}}]},"10":{"type":"branch","line":14,"loc":{"start":{"line":14,"column":26},"end":{"line":14,"column":51}},"locations":[{"start":{"line":14,"column":26},"end":{"line":14,"column":51}}]},"11":{"type":"branch","line":15,"loc":{"start":{"line":15,"column":23},"end":{"line":15,"column":49}},"locations":[{"start":{"line":15,"column":23},"end":{"line":15,"column":49}}]},"12":{"type":"branch","line":16,"loc":{"start":{"line":16,"column":22},"end":{"line":16,"column":48}},"locations":[{"start":{"line":16,"column":22},"end":{"line":16,"column":48}}]},"13":{"type":"branch","line":18,"loc":{"start":{"line":18,"column":18},"end":{"line":30,"column":1}},"locations":[{"start":{"line":18,"column":18},"end":{"line":30,"column":1}}]},"14":{"type":"branch","line":21,"loc":{"start":{"line":21,"column":27},"end":{"line":21,"column":48}},"locations":[{"start":{"line":21,"column":27},"end":{"line":21,"column":48}}]},"15":{"type":"branch","line":22,"loc":{"start":{"line":22,"column":27},"end":{"line":22,"column":91}},"locations":[{"start":{"line":22,"column":27},"end":{"line":22,"column":91}}]},"16":{"type":"branch","line":32,"loc":{"start":{"line":32,"column":13},"end":{"line":33,"column":54}},"locations":[{"start":{"line":32,"column":13},"end":{"line":33,"column":54}}]},"17":{"type":"branch","line":33,"loc":{"start":{"line":33,"column":13},"end":{"line":33,"column":53}},"locations":[{"start":{"line":33,"column":13},"end":{"line":33,"column":53}}]},"18":{"type":"branch","line":35,"loc":{"start":{"line":35,"column":20},"end":{"line":40,"column":2}},"locations":[{"start":{"line":35,"column":20},"end":{"line":40,"column":2}}]},"19":{"type":"branch","line":36,"loc":{"start":{"line":36,"column":27},"end":{"line":36,"column":52}},"locations":[{"start":{"line":36,"column":27},"end":{"line":36,"column":52}}]},"20":{"type":"branch","line":36,"loc":{"start":{"line":36,"column":54},"end":{"line":38,"column":3}},"locations":[{"start":{"line":36,"column":54},"end":{"line":38,"column":3}}]},"21":{"type":"branch","line":37,"loc":{"start":{"line":37,"column":18},"end":{"line":37,"column":42}},"locations":[{"start":{"line":37,"column":18},"end":{"line":37,"column":42}}]},"22":{"type":"branch","line":37,"loc":{"start":{"line":37,"column":30},"end":{"line":37,"column":41}},"locations":[{"start":{"line":37,"column":30},"end":{"line":37,"column":41}}]},"23":{"type":"branch","line":39,"loc":{"start":{"line":39,"column":-1},"end":{"line":40,"column":2}},"locations":[{"start":{"line":39,"column":-1},"end":{"line":40,"column":2}}]},"24":{"type":"branch","line":41,"loc":{"start":{"line":41,"column":29},"end":{"line":47,"column":3}},"locations":[{"start":{"line":41,"column":29},"end":{"line":47,"column":3}}]},"25":{"type":"branch","line":42,"loc":{"start":{"line":42,"column":61},"end":{"line":46,"column":5}},"locations":[{"start":{"line":42,"column":61},"end":{"line":46,"column":5}}]},"26":{"type":"branch","line":49,"loc":{"start":{"line":49,"column":23},"end":{"line":68,"column":2}},"locations":[{"start":{"line":49,"column":23},"end":{"line":68,"column":2}}]},"27":{"type":"branch","line":51,"loc":{"start":{"line":51,"column":4},"end":{"line":52,"column":22}},"locations":[{"start":{"line":51,"column":4},"end":{"line":52,"column":22}}]},"28":{"type":"branch","line":53,"loc":{"start":{"line":53,"column":4},"end":{"line":54,"column":21}},"locations":[{"start":{"line":53,"column":4},"end":{"line":54,"column":21}}]},"29":{"type":"branch","line":55,"loc":{"start":{"line":55,"column":4},"end":{"line":56,"column":22}},"locations":[{"start":{"line":55,"column":4},"end":{"line":56,"column":22}}]},"30":{"type":"branch","line":57,"loc":{"start":{"line":57,"column":4},"end":{"line":58,"column":22}},"locations":[{"start":{"line":57,"column":4},"end":{"line":58,"column":22}}]},"31":{"type":"branch","line":59,"loc":{"start":{"line":59,"column":4},"end":{"line":60,"column":23}},"locations":[{"start":{"line":59,"column":4},"end":{"line":60,"column":23}}]},"32":{"type":"branch","line":61,"loc":{"start":{"line":61,"column":4},"end":{"line":62,"column":20}},"locations":[{"start":{"line":61,"column":4},"end":{"line":62,"column":20}}]},"33":{"type":"branch","line":63,"loc":{"start":{"line":63,"column":4},"end":{"line":64,"column":25}},"locations":[{"start":{"line":63,"column":4},"end":{"line":64,"column":25}}]},"34":{"type":"branch","line":65,"loc":{"start":{"line":65,"column":4},"end":{"line":66,"column":23}},"locations":[{"start":{"line":65,"column":4},"end":{"line":66,"column":23}}]},"35":{"type":"branch","line":101,"loc":{"start":{"line":101,"column":40},"end":{"line":107,"column":2}},"locations":[{"start":{"line":101,"column":40},"end":{"line":107,"column":2}}]},"36":{"type":"branch","line":101,"loc":{"start":{"line":101,"column":82},"end":{"line":107,"column":2}},"locations":[{"start":{"line":101,"column":82},"end":{"line":107,"column":2}}]},"37":{"type":"branch","line":103,"loc":{"start":{"line":103,"column":64},"end":{"line":105,"column":3}},"locations":[{"start":{"line":103,"column":64},"end":{"line":105,"column":3}}]},"38":{"type":"branch","line":106,"loc":{"start":{"line":106,"column":-1},"end":{"line":107,"column":2}},"locations":[{"start":{"line":106,"column":-1},"end":{"line":107,"column":2}}]},"39":{"type":"branch","line":109,"loc":{"start":{"line":109,"column":20},"end":{"line":301,"column":2}},"locations":[{"start":{"line":109,"column":20},"end":{"line":301,"column":2}}]},"40":{"type":"branch","line":112,"loc":{"start":{"line":112,"column":19},"end":{"line":301,"column":2}},"locations":[{"start":{"line":112,"column":19},"end":{"line":301,"column":2}}]},"41":{"type":"branch","line":114,"loc":{"start":{"line":114,"column":21},"end":{"line":291,"column":3}},"locations":[{"start":{"line":114,"column":21},"end":{"line":291,"column":3}}]},"42":{"type":"branch","line":137,"loc":{"start":{"line":137,"column":37},"end":{"line":137,"column":61}},"locations":[{"start":{"line":137,"column":37},"end":{"line":137,"column":61}}]},"43":{"type":"branch","line":137,"loc":{"start":{"line":137,"column":62},"end":{"line":137,"column":68}},"locations":[{"start":{"line":137,"column":62},"end":{"line":137,"column":68}}]},"44":{"type":"branch","line":137,"loc":{"start":{"line":137,"column":69},"end":{"line":137,"column":98}},"locations":[{"start":{"line":137,"column":69},"end":{"line":137,"column":98}}]},"45":{"type":"branch","line":150,"loc":{"start":{"line":150,"column":31},"end":{"line":150,"column":58}},"locations":[{"start":{"line":150,"column":31},"end":{"line":150,"column":58}}]},"46":{"type":"branch","line":150,"loc":{"start":{"line":150,"column":60},"end":{"line":179,"column":11}},"locations":[{"start":{"line":150,"column":60},"end":{"line":179,"column":11}}]},"47":{"type":"branch","line":153,"loc":{"start":{"line":153,"column":40},"end":{"line":153,"column":89}},"locations":[{"start":{"line":153,"column":40},"end":{"line":153,"column":89}}]},"48":{"type":"branch","line":153,"loc":{"start":{"line":153,"column":90},"end":{"line":153,"column":96}},"locations":[{"start":{"line":153,"column":90},"end":{"line":153,"column":96}}]},"49":{"type":"branch","line":154,"loc":{"start":{"line":154,"column":40},"end":{"line":154,"column":89}},"locations":[{"start":{"line":154,"column":40},"end":{"line":154,"column":89}}]},"50":{"type":"branch","line":154,"loc":{"start":{"line":154,"column":90},"end":{"line":154,"column":96}},"locations":[{"start":{"line":154,"column":90},"end":{"line":154,"column":96}}]},"51":{"type":"branch","line":155,"loc":{"start":{"line":155,"column":42},"end":{"line":155,"column":48}},"locations":[{"start":{"line":155,"column":42},"end":{"line":155,"column":48}}]},"52":{"type":"branch","line":155,"loc":{"start":{"line":155,"column":65},"end":{"line":155,"column":71}},"locations":[{"start":{"line":155,"column":65},"end":{"line":155,"column":71}}]},"53":{"type":"branch","line":179,"loc":{"start":{"line":179,"column":5},"end":{"line":285,"column":5}},"locations":[{"start":{"line":179,"column":5},"end":{"line":285,"column":5}}]},"54":{"type":"branch","line":179,"loc":{"start":{"line":179,"column":37},"end":{"line":179,"column":63}},"locations":[{"start":{"line":179,"column":37},"end":{"line":179,"column":63}}]},"55":{"type":"branch","line":179,"loc":{"start":{"line":179,"column":65},"end":{"line":283,"column":11}},"locations":[{"start":{"line":179,"column":65},"end":{"line":283,"column":11}}]},"56":{"type":"branch","line":185,"loc":{"start":{"line":185,"column":44},"end":{"line":185,"column":48}},"locations":[{"start":{"line":185,"column":44},"end":{"line":185,"column":48}}]},"57":{"type":"branch","line":198,"loc":{"start":{"line":198,"column":44},"end":{"line":198,"column":48}},"locations":[{"start":{"line":198,"column":44},"end":{"line":198,"column":48}}]},"58":{"type":"branch","line":231,"loc":{"start":{"line":231,"column":85},"end":{"line":231,"column":109}},"locations":[{"start":{"line":231,"column":85},"end":{"line":231,"column":109}}]},"59":{"type":"branch","line":232,"loc":{"start":{"line":232,"column":85},"end":{"line":232,"column":109}},"locations":[{"start":{"line":232,"column":85},"end":{"line":232,"column":109}}]},"60":{"type":"branch","line":283,"loc":{"start":{"line":283,"column":5},"end":{"line":285,"column":5}},"locations":[{"start":{"line":283,"column":5},"end":{"line":285,"column":5}}]},"61":{"type":"branch","line":157,"loc":{"start":{"line":157,"column":68},"end":{"line":177,"column":7}},"locations":[{"start":{"line":157,"column":68},"end":{"line":177,"column":7}}]},"62":{"type":"branch","line":158,"loc":{"start":{"line":158,"column":43},"end":{"line":158,"column":86}},"locations":[{"start":{"line":158,"column":43},"end":{"line":158,"column":86}}]},"63":{"type":"branch","line":158,"loc":{"start":{"line":158,"column":87},"end":{"line":158,"column":98}},"locations":[{"start":{"line":158,"column":87},"end":{"line":158,"column":98}}]},"64":{"type":"branch","line":159,"loc":{"start":{"line":159,"column":43},"end":{"line":159,"column":86}},"locations":[{"start":{"line":159,"column":43},"end":{"line":159,"column":86}}]},"65":{"type":"branch","line":159,"loc":{"start":{"line":159,"column":87},"end":{"line":159,"column":98}},"locations":[{"start":{"line":159,"column":87},"end":{"line":159,"column":98}}]},"66":{"type":"branch","line":160,"loc":{"start":{"line":160,"column":39},"end":{"line":160,"column":64}},"locations":[{"start":{"line":160,"column":39},"end":{"line":160,"column":64}}]},"67":{"type":"branch","line":160,"loc":{"start":{"line":160,"column":65},"end":{"line":160,"column":69}},"locations":[{"start":{"line":160,"column":65},"end":{"line":160,"column":69}}]},"68":{"type":"branch","line":161,"loc":{"start":{"line":161,"column":39},"end":{"line":161,"column":64}},"locations":[{"start":{"line":161,"column":39},"end":{"line":161,"column":64}}]},"69":{"type":"branch","line":161,"loc":{"start":{"line":161,"column":65},"end":{"line":161,"column":69}},"locations":[{"start":{"line":161,"column":65},"end":{"line":161,"column":69}}]},"70":{"type":"branch","line":163,"loc":{"start":{"line":163,"column":21},"end":{"line":163,"column":64}},"locations":[{"start":{"line":163,"column":21},"end":{"line":163,"column":64}}]},"71":{"type":"branch","line":163,"loc":{"start":{"line":163,"column":65},"end":{"line":163,"column":71}},"locations":[{"start":{"line":163,"column":65},"end":{"line":163,"column":71}}]},"72":{"type":"branch","line":164,"loc":{"start":{"line":164,"column":21},"end":{"line":164,"column":64}},"locations":[{"start":{"line":164,"column":21},"end":{"line":164,"column":64}}]},"73":{"type":"branch","line":164,"loc":{"start":{"line":164,"column":65},"end":{"line":164,"column":71}},"locations":[{"start":{"line":164,"column":65},"end":{"line":164,"column":71}}]},"74":{"type":"branch","line":165,"loc":{"start":{"line":165,"column":29},"end":{"line":165,"column":35}},"locations":[{"start":{"line":165,"column":29},"end":{"line":165,"column":35}}]},"75":{"type":"branch","line":165,"loc":{"start":{"line":165,"column":36},"end":{"line":165,"column":49}},"locations":[{"start":{"line":165,"column":36},"end":{"line":165,"column":49}}]},"76":{"type":"branch","line":166,"loc":{"start":{"line":166,"column":29},"end":{"line":166,"column":35}},"locations":[{"start":{"line":166,"column":29},"end":{"line":166,"column":35}}]},"77":{"type":"branch","line":166,"loc":{"start":{"line":166,"column":36},"end":{"line":166,"column":49}},"locations":[{"start":{"line":166,"column":36},"end":{"line":166,"column":49}}]},"78":{"type":"branch","line":171,"loc":{"start":{"line":171,"column":53},"end":{"line":171,"column":83}},"locations":[{"start":{"line":171,"column":53},"end":{"line":171,"column":83}}]},"79":{"type":"branch","line":185,"loc":{"start":{"line":185,"column":58},"end":{"line":193,"column":7}},"locations":[{"start":{"line":185,"column":58},"end":{"line":193,"column":7}}]},"80":{"type":"branch","line":186,"loc":{"start":{"line":186,"column":64},"end":{"line":186,"column":134}},"locations":[{"start":{"line":186,"column":64},"end":{"line":186,"column":134}}]},"81":{"type":"branch","line":186,"loc":{"start":{"line":186,"column":127},"end":{"line":186,"column":133}},"locations":[{"start":{"line":186,"column":127},"end":{"line":186,"column":133}}]},"82":{"type":"branch","line":186,"loc":{"start":{"line":186,"column":135},"end":{"line":186,"column":141}},"locations":[{"start":{"line":186,"column":135},"end":{"line":186,"column":141}}]},"83":{"type":"branch","line":187,"loc":{"start":{"line":187,"column":14},"end":{"line":187,"column":26}},"locations":[{"start":{"line":187,"column":14},"end":{"line":187,"column":26}}]},"84":{"type":"branch","line":187,"loc":{"start":{"line":187,"column":26},"end":{"line":187,"column":39}},"locations":[{"start":{"line":187,"column":26},"end":{"line":187,"column":39}}]},"85":{"type":"branch","line":187,"loc":{"start":{"line":187,"column":41},"end":{"line":190,"column":15}},"locations":[{"start":{"line":187,"column":41},"end":{"line":190,"column":15}}]},"86":{"type":"branch","line":190,"loc":{"start":{"line":190,"column":9},"end":{"line":192,"column":9}},"locations":[{"start":{"line":190,"column":9},"end":{"line":192,"column":9}}]},"87":{"type":"branch","line":198,"loc":{"start":{"line":198,"column":58},"end":{"line":206,"column":7}},"locations":[{"start":{"line":198,"column":58},"end":{"line":206,"column":7}}]},"88":{"type":"branch","line":199,"loc":{"start":{"line":199,"column":64},"end":{"line":199,"column":134}},"locations":[{"start":{"line":199,"column":64},"end":{"line":199,"column":134}}]},"89":{"type":"branch","line":199,"loc":{"start":{"line":199,"column":127},"end":{"line":199,"column":133}},"locations":[{"start":{"line":199,"column":127},"end":{"line":199,"column":133}}]},"90":{"type":"branch","line":199,"loc":{"start":{"line":199,"column":135},"end":{"line":199,"column":141}},"locations":[{"start":{"line":199,"column":135},"end":{"line":199,"column":141}}]},"91":{"type":"branch","line":200,"loc":{"start":{"line":200,"column":14},"end":{"line":200,"column":26}},"locations":[{"start":{"line":200,"column":14},"end":{"line":200,"column":26}}]},"92":{"type":"branch","line":200,"loc":{"start":{"line":200,"column":26},"end":{"line":200,"column":39}},"locations":[{"start":{"line":200,"column":26},"end":{"line":200,"column":39}}]},"93":{"type":"branch","line":200,"loc":{"start":{"line":200,"column":41},"end":{"line":205,"column":9}},"locations":[{"start":{"line":200,"column":41},"end":{"line":205,"column":9}}]},"94":{"type":"branch","line":210,"loc":{"start":{"line":210,"column":41},"end":{"line":229,"column":7}},"locations":[{"start":{"line":210,"column":41},"end":{"line":229,"column":7}}]},"95":{"type":"branch","line":211,"loc":{"start":{"line":211,"column":61},"end":{"line":211,"column":82}},"locations":[{"start":{"line":211,"column":61},"end":{"line":211,"column":82}}]},"96":{"type":"branch","line":212,"loc":{"start":{"line":212,"column":61},"end":{"line":212,"column":82}},"locations":[{"start":{"line":212,"column":61},"end":{"line":212,"column":82}}]},"97":{"type":"branch","line":214,"loc":{"start":{"line":214,"column":30},"end":{"line":214,"column":45}},"locations":[{"start":{"line":214,"column":30},"end":{"line":214,"column":45}}]},"98":{"type":"branch","line":214,"loc":{"start":{"line":214,"column":46},"end":{"line":214,"column":52}},"locations":[{"start":{"line":214,"column":46},"end":{"line":214,"column":52}}]},"99":{"type":"branch","line":214,"loc":{"start":{"line":214,"column":53},"end":{"line":214,"column":83}},"locations":[{"start":{"line":214,"column":53},"end":{"line":214,"column":83}}]},"100":{"type":"branch","line":215,"loc":{"start":{"line":215,"column":30},"end":{"line":215,"column":45}},"locations":[{"start":{"line":215,"column":30},"end":{"line":215,"column":45}}]},"101":{"type":"branch","line":215,"loc":{"start":{"line":215,"column":46},"end":{"line":215,"column":52}},"locations":[{"start":{"line":215,"column":46},"end":{"line":215,"column":52}}]},"102":{"type":"branch","line":215,"loc":{"start":{"line":215,"column":53},"end":{"line":215,"column":83}},"locations":[{"start":{"line":215,"column":53},"end":{"line":215,"column":83}}]},"103":{"type":"branch","line":224,"loc":{"start":{"line":224,"column":53},"end":{"line":224,"column":83}},"locations":[{"start":{"line":224,"column":53},"end":{"line":224,"column":83}}]},"104":{"type":"branch","line":225,"loc":{"start":{"line":225,"column":60},"end":{"line":225,"column":82}},"locations":[{"start":{"line":225,"column":60},"end":{"line":225,"column":82}}]},"105":{"type":"branch","line":226,"loc":{"start":{"line":226,"column":61},"end":{"line":226,"column":84}},"locations":[{"start":{"line":226,"column":61},"end":{"line":226,"column":84}}]},"106":{"type":"branch","line":234,"loc":{"start":{"line":234,"column":101},"end":{"line":237,"column":8}},"locations":[{"start":{"line":234,"column":101},"end":{"line":237,"column":8}}]},"107":{"type":"branch","line":238,"loc":{"start":{"line":238,"column":101},"end":{"line":241,"column":8}},"locations":[{"start":{"line":238,"column":101},"end":{"line":241,"column":8}}]},"108":{"type":"branch","line":245,"loc":{"start":{"line":245,"column":30},"end":{"line":258,"column":7}},"locations":[{"start":{"line":245,"column":30},"end":{"line":258,"column":7}}]},"109":{"type":"branch","line":254,"loc":{"start":{"line":254,"column":-1},"end":{"line":258,"column":7}},"locations":[{"start":{"line":254,"column":-1},"end":{"line":258,"column":7}}]},"110":{"type":"branch","line":259,"loc":{"start":{"line":259,"column":47},"end":{"line":277,"column":7}},"locations":[{"start":{"line":259,"column":47},"end":{"line":277,"column":7}}]},"111":{"type":"branch","line":261,"loc":{"start":{"line":261,"column":48},"end":{"line":261,"column":69}},"locations":[{"start":{"line":261,"column":48},"end":{"line":261,"column":69}}]},"112":{"type":"branch","line":261,"loc":{"start":{"line":261,"column":107},"end":{"line":261,"column":128}},"locations":[{"start":{"line":261,"column":107},"end":{"line":261,"column":128}}]},"113":{"type":"branch","line":262,"loc":{"start":{"line":262,"column":48},"end":{"line":262,"column":69}},"locations":[{"start":{"line":262,"column":48},"end":{"line":262,"column":69}}]},"114":{"type":"branch","line":262,"loc":{"start":{"line":262,"column":107},"end":{"line":262,"column":128}},"locations":[{"start":{"line":262,"column":107},"end":{"line":262,"column":128}}]},"115":{"type":"branch","line":264,"loc":{"start":{"line":264,"column":40},"end":{"line":264,"column":55}},"locations":[{"start":{"line":264,"column":40},"end":{"line":264,"column":55}}]},"116":{"type":"branch","line":264,"loc":{"start":{"line":264,"column":56},"end":{"line":264,"column":62}},"locations":[{"start":{"line":264,"column":56},"end":{"line":264,"column":62}}]},"117":{"type":"branch","line":264,"loc":{"start":{"line":264,"column":63},"end":{"line":264,"column":103}},"locations":[{"start":{"line":264,"column":63},"end":{"line":264,"column":103}}]},"118":{"type":"branch","line":265,"loc":{"start":{"line":265,"column":56},"end":{"line":265,"column":62}},"locations":[{"start":{"line":265,"column":56},"end":{"line":265,"column":62}}]},"119":{"type":"branch","line":272,"loc":{"start":{"line":272,"column":53},"end":{"line":272,"column":83}},"locations":[{"start":{"line":272,"column":53},"end":{"line":272,"column":83}}]},"120":{"type":"branch","line":273,"loc":{"start":{"line":273,"column":63},"end":{"line":273,"column":97}},"locations":[{"start":{"line":273,"column":63},"end":{"line":273,"column":97}}]},"121":{"type":"branch","line":274,"loc":{"start":{"line":274,"column":65},"end":{"line":274,"column":99}},"locations":[{"start":{"line":274,"column":65},"end":{"line":274,"column":99}}]}},"b":{"0":[13],"1":[13],"2":[12],"3":[15],"4":[24],"5":[33],"6":[33],"7":[33],"8":[33],"9":[33],"10":[33],"11":[33],"12":[33],"13":[24],"14":[3],"15":[27],"16":[39],"17":[129],"18":[135],"19":[30],"20":[24],"21":[3],"22":[0],"23":[111],"24":[513],"25":[119],"26":[480],"27":[116],"28":[24],"29":[159],"30":[100],"31":[19],"32":[14],"33":[48],"34":[0],"35":[39],"36":[39],"37":[36],"38":[3],"39":[39],"40":[39],"41":[135],"42":[57],"43":[39],"44":[96],"45":[114],"46":[27],"47":[21],"48":[6],"49":[24],"50":[3],"51":[6],"52":[3],"53":[108],"54":[96],"55":[12],"56":[0],"57":[0],"58":[0],"59":[0],"60":[96],"61":[57],"62":[48],"63":[9],"64":[51],"65":[6],"66":[48],"67":[9],"68":[51],"69":[6],"70":[51],"71":[6],"72":[51],"73":[6],"74":[12],"75":[45],"76":[9],"77":[48],"78":[45],"79":[33],"80":[18],"81":[0],"82":[15],"83":[21],"84":[15],"85":[18],"86":[15],"87":[36],"88":[21],"89":[0],"90":[15],"91":[24],"92":[18],"93":[18],"94":[21],"95":[3],"96":[3],"97":[18],"98":[3],"99":[18],"100":[18],"101":[3],"102":[18],"103":[12],"104":[3],"105":[18],"106":[15],"107":[18],"108":[18],"109":[0],"110":[18],"111":[6],"112":[3],"113":[6],"114":[0],"115":[15],"116":[3],"117":[15],"118":[0],"119":[15],"120":[3],"121":[15]},"fnMap":{"0":{"name":"get","decl":{"start":{"line":1,"column":9},"end":{"line":1,"column":42}},"loc":{"start":{"line":1,"column":9},"end":{"line":1,"column":42}},"line":1},"1":{"name":"get","decl":{"start":{"line":2,"column":9},"end":{"line":2,"column":50}},"loc":{"start":{"line":2,"column":9},"end":{"line":2,"column":50}},"line":2},"2":{"name":"sortIds","decl":{"start":{"line":4,"column":16},"end":{"line":6,"column":72}},"loc":{"start":{"line":4,"column":16},"end":{"line":6,"column":72}},"line":4},"3":{"name":"groupArrayByType","decl":{"start":{"line":8,"column":25},"end":{"line":17,"column":2}},"loc":{"start":{"line":8,"column":25},"end":{"line":17,"column":2}},"line":8},"4":{"name":"sortArray","decl":{"start":{"line":18,"column":18},"end":{"line":30,"column":1}},"loc":{"start":{"line":18,"column":18},"end":{"line":30,"column":1}},"line":18},"5":{"name":"uniq","decl":{"start":{"line":32,"column":13},"end":{"line":33,"column":54}},"loc":{"start":{"line":32,"column":13},"end":{"line":33,"column":54}},"line":32},"6":{"name":"isEqualZero","decl":{"start":{"line":35,"column":20},"end":{"line":40,"column":2}},"loc":{"start":{"line":35,"column":20},"end":{"line":40,"column":2}},"line":35},"7":{"name":"isPlainObject","decl":{"start":{"line":41,"column":29},"end":{"line":47,"column":3}},"loc":{"start":{"line":41,"column":29},"end":{"line":47,"column":3}},"line":41},"8":{"name":"getType","decl":{"start":{"line":49,"column":23},"end":{"line":68,"column":2}},"loc":{"start":{"line":49,"column":23},"end":{"line":68,"column":2}},"line":49},"9":{"name":"getArrayElementIdWrapper","decl":{"start":{"line":101,"column":40},"end":{"line":107,"column":2}},"loc":{"start":{"line":101,"column":40},"end":{"line":107,"column":2}},"line":101},"10":{"name":"diff","decl":{"start":{"line":109,"column":20},"end":{"line":301,"column":2}},"loc":{"start":{"line":109,"column":20},"end":{"line":301,"column":2}},"line":109},"11":{"name":"createDiff","decl":{"start":{"line":114,"column":21},"end":{"line":291,"column":3}},"loc":{"start":{"line":114,"column":21},"end":{"line":291,"column":3}},"line":114},"12":{"name":"getCurrentIndex","decl":{"start":{"line":245,"column":30},"end":{"line":258,"column":7}},"loc":{"start":{"line":245,"column":30},"end":{"line":258,"column":7}},"line":245}},"f":{"0":13,"1":13,"2":12,"3":24,"4":24,"5":39,"6":135,"7":513,"8":480,"9":39,"10":39,"11":135,"12":18}}
}
