TN:
SF:src/main.ts
FN:1,get
FN:2,get
FN:3,get
FN:3,get
FN:5,sortIds
FN:9,groupArrayByType
FN:19,sortArray
FN:33,uniq
FN:36,isEqualZero
FN:42,isPlainObject
FN:50,getType
FN:103,getArrayElementIdWrapper
FN:111,diff
FN:117,createDiff
FN:251,getCurrentIndex
FNF:15
FNH:14
FNDA:27,get
FNDA:26,get
FNDA:26,get
FNDA:0,get
FNDA:33,sortIds
FNDA:40,groupArrayByType
FNDA:40,sortArray
FNDA:107,uniq
FNDA:369,isEqualZero
FNDA:1280,isPlainObject
FNDA:1225,getType
FNDA:105,getArrayElementIdWrapper
FNDA:105,diff
FNDA:369,createDiff
FNDA:48,getCurrentIndex
DA:1,1
DA:2,1
DA:3,1
DA:4,1
DA:5,1
DA:6,33
DA:7,33
DA:8,1
DA:9,1
DA:10,40
DA:11,40
DA:12,40
DA:13,40
DA:14,40
DA:15,40
DA:16,40
DA:17,40
DA:18,1
DA:19,1
DA:20,40
DA:21,40
DA:22,40
DA:23,40
DA:24,40
DA:25,40
DA:26,40
DA:27,40
DA:28,40
DA:29,40
DA:30,40
DA:31,40
DA:32,1
DA:33,1
DA:34,1
DA:35,1
DA:36,1
DA:37,369
DA:38,66
DA:39,66
DA:40,303
DA:41,303
DA:42,1
DA:43,1280
DA:44,309
DA:45,309
DA:46,309
DA:47,309
DA:48,1280
DA:49,1
DA:50,1
DA:51,1225
DA:52,1225
DA:53,304
DA:54,1225
DA:55,66
DA:56,1225
DA:57,404
DA:58,1225
DA:59,252
DA:60,1225
DA:61,46
DA:62,1225
DA:63,34
DA:64,1225
DA:65,119
DA:66,1225
DA:67,0
DA:68,1225
DA:69,1225
DA:70,1
DA:71,1
DA:72,1
DA:73,1
DA:74,1
DA:75,1
DA:76,1
DA:77,1
DA:78,1
DA:79,1
DA:80,1
DA:81,1
DA:82,1
DA:83,1
DA:84,1
DA:85,1
DA:86,1
DA:87,1
DA:88,1
DA:89,1
DA:90,1
DA:91,1
DA:92,1
DA:93,1
DA:94,1
DA:95,1
DA:96,1
DA:97,1
DA:98,1
DA:99,1
DA:100,1
DA:101,1
DA:102,1
DA:103,1
DA:104,108
DA:105,108
DA:106,100
DA:107,100
DA:108,8
DA:109,8
DA:110,1
DA:111,1
DA:112,105
DA:113,105
DA:114,105
DA:115,105
DA:116,105
DA:117,105
DA:118,369
DA:119,369
DA:120,369
DA:121,369
DA:122,369
DA:123,369
DA:124,369
DA:125,369
DA:126,369
DA:127,369
DA:128,369
DA:129,369
DA:130,369
DA:131,369
DA:132,369
DA:133,369
DA:134,369
DA:135,369
DA:136,369
DA:137,369
DA:138,369
DA:139,369
DA:140,369
DA:141,369
DA:142,369
DA:143,369
DA:144,369
DA:145,369
DA:146,369
DA:147,369
DA:148,369
DA:149,369
DA:150,369
DA:151,369
DA:152,369
DA:153,369
DA:154,369
DA:155,369
DA:156,369
DA:157,74
DA:158,74
DA:159,74
DA:160,74
DA:161,74
DA:162,74
DA:163,74
DA:164,158
DA:165,158
DA:166,158
DA:167,158
DA:168,158
DA:169,158
DA:170,158
DA:171,158
DA:172,158
DA:173,158
DA:174,158
DA:175,158
DA:176,158
DA:177,158
DA:178,158
DA:179,158
DA:180,158
DA:181,158
DA:182,158
DA:183,74
DA:184,74
DA:185,369
DA:186,33
DA:187,33
DA:188,33
DA:189,33
DA:190,33
DA:191,33
DA:192,90
DA:193,90
DA:194,50
DA:195,50
DA:196,90
DA:197,40
DA:198,40
DA:199,33
DA:200,33
DA:201,33
DA:202,33
DA:203,33
DA:204,33
DA:205,98
DA:206,98
DA:207,50
DA:208,50
DA:209,98
DA:210,48
DA:211,48
DA:212,33
DA:213,33
DA:214,33
DA:215,33
DA:216,33
DA:217,58
DA:218,58
DA:219,58
DA:220,58
DA:221,58
DA:222,58
DA:223,58
DA:224,58
DA:225,58
DA:226,58
DA:227,58
DA:228,58
DA:229,58
DA:230,58
DA:231,58
DA:232,58
DA:233,58
DA:234,58
DA:235,33
DA:236,33
DA:237,33
DA:238,33
DA:239,33
DA:240,33
DA:241,40
DA:242,40
DA:243,33
DA:244,33
DA:245,48
DA:246,48
DA:247,33
DA:248,33
DA:249,33
DA:250,33
DA:251,33
DA:252,48
DA:253,48
DA:254,48
DA:255,48
DA:256,48
DA:257,48
DA:258,30
DA:259,30
DA:260,48
DA:261,15
DA:262,15
DA:263,3
DA:264,33
DA:265,33
DA:266,48
DA:267,48
DA:268,48
DA:269,48
DA:270,48
DA:271,48
DA:272,48
DA:273,48
DA:274,48
DA:275,48
DA:276,48
DA:277,48
DA:278,48
DA:279,48
DA:280,48
DA:281,48
DA:282,48
DA:283,33
DA:284,33
DA:285,33
DA:286,33
DA:287,33
DA:288,33
DA:289,295
DA:290,262
DA:291,262
DA:292,369
DA:293,369
DA:294,369
DA:295,369
DA:296,369
DA:297,105
DA:298,105
DA:299,105
DA:300,105
DA:301,105
DA:302,105
DA:303,105
DA:304,105
DA:305,105
DA:306,105
DA:307,105
DA:308,1
DA:309,1
LF:309
LH:308
BRDA:1,0,0,27
BRDA:2,1,0,26
BRDA:3,2,0,26
BRDA:5,3,0,33
BRDA:7,4,0,41
BRDA:9,5,0,40
BRDA:10,6,0,55
BRDA:11,7,0,55
BRDA:12,8,0,55
BRDA:13,9,0,55
BRDA:14,10,0,55
BRDA:15,11,0,55
BRDA:16,12,0,55
BRDA:17,13,0,55
BRDA:19,14,0,40
BRDA:22,15,0,5
BRDA:23,16,0,45
BRDA:33,17,0,107
BRDA:34,18,0,360
BRDA:36,19,0,369
BRDA:37,20,0,82
BRDA:37,21,0,66
BRDA:38,22,0,8
BRDA:38,23,0,0
BRDA:40,24,0,303
BRDA:42,25,0,1280
BRDA:43,26,0,309
BRDA:50,27,0,1225
BRDA:52,28,0,304
BRDA:54,29,0,66
BRDA:56,30,0,404
BRDA:58,31,0,252
BRDA:60,32,0,46
BRDA:62,33,0,34
BRDA:64,34,0,119
BRDA:66,35,0,0
BRDA:103,36,0,105
BRDA:103,37,0,108
BRDA:105,38,0,100
BRDA:108,39,0,8
BRDA:111,40,0,105
BRDA:115,41,0,105
BRDA:117,42,0,369
BRDA:125,43,0,9
BRDA:125,44,0,360
BRDA:126,45,0,9
BRDA:126,46,0,360
BRDA:143,47,0,153
BRDA:143,48,0,105
BRDA:143,49,0,264
BRDA:156,50,0,311
BRDA:156,51,0,74
BRDA:159,52,0,58
BRDA:159,53,0,16
BRDA:160,54,0,66
BRDA:160,55,0,8
BRDA:161,56,0,16
BRDA:161,57,0,8
BRDA:185,58,0,295
BRDA:185,59,0,262
BRDA:185,60,0,33
BRDA:191,61,0,0
BRDA:204,62,0,0
BRDA:237,63,0,20
BRDA:237,64,0,13
BRDA:238,65,0,20
BRDA:238,66,0,13
BRDA:289,67,0,262
BRDA:163,68,0,158
BRDA:164,69,0,134
BRDA:164,70,0,24
BRDA:165,71,0,142
BRDA:165,72,0,16
BRDA:166,73,0,134
BRDA:166,74,0,24
BRDA:167,75,0,142
BRDA:167,76,0,16
BRDA:169,77,0,142
BRDA:169,78,0,16
BRDA:170,79,0,142
BRDA:170,80,0,16
BRDA:171,81,0,32
BRDA:171,82,0,126
BRDA:172,83,0,24
BRDA:172,84,0,134
BRDA:177,85,0,126
BRDA:191,86,0,90
BRDA:192,87,0,50
BRDA:192,88,0,0
BRDA:192,89,0,40
BRDA:193,90,0,56
BRDA:193,91,0,40
BRDA:193,92,0,50
BRDA:196,93,0,40
BRDA:204,94,0,98
BRDA:205,95,0,58
BRDA:205,96,0,0
BRDA:205,97,0,40
BRDA:206,98,0,64
BRDA:206,99,0,48
BRDA:206,100,0,50
BRDA:209,101,0,48
BRDA:216,102,0,58
BRDA:217,103,0,8
BRDA:218,104,0,8
BRDA:220,105,0,50
BRDA:220,106,0,8
BRDA:220,107,0,50
BRDA:221,108,0,50
BRDA:221,109,0,8
BRDA:221,110,0,50
BRDA:230,111,0,34
BRDA:231,112,0,8
BRDA:232,113,0,50
BRDA:240,114,0,40
BRDA:244,115,0,48
BRDA:251,116,0,48
BRDA:257,117,0,30
BRDA:260,118,0,18
BRDA:260,119,0,15
BRDA:263,120,0,3
BRDA:265,121,0,48
BRDA:267,122,0,19
BRDA:267,123,0,45
BRDA:267,124,0,8
BRDA:268,125,0,16
BRDA:268,126,0,0
BRDA:270,127,0,40
BRDA:270,128,0,8
BRDA:270,129,0,40
BRDA:271,130,0,0
BRDA:278,131,0,34
BRDA:279,132,0,8
BRDA:280,133,0,40
BRF:134
BRH:126
end_of_record
TN:
SF:src/diffChangesView/customString.ts
FN:13,customString
FN:19,toString
FN:20,search
FN:21,padEnd
FN:27,trimStart
FN:36,join
FN:41,isCustomString
FNF:7
FNH:7
FNDA:386,customString
FNDA:102,toString
FNDA:20,search
FNDA:102,padEnd
FNDA:34,trimStart
FNDA:122,join
FNDA:428,isCustomString
DA:1,1
DA:2,1
DA:3,1
DA:4,1
DA:5,1
DA:6,1
DA:7,1
DA:8,1
DA:9,1
DA:10,1
DA:11,1
DA:12,1
DA:13,1
DA:14,386
DA:15,386
DA:16,386
DA:17,386
DA:18,386
DA:19,386
DA:20,386
DA:21,386
DA:22,102
DA:23,102
DA:24,102
DA:25,102
DA:26,386
DA:27,386
DA:28,34
DA:29,34
DA:30,34
DA:31,386
DA:32,386
DA:33,386
DA:34,386
DA:35,386
DA:36,1
DA:37,122
DA:38,122
DA:39,122
DA:40,122
DA:41,1
LF:41
LH:41
BRDA:13,0,0,386
BRDA:14,1,0,40
BRDA:14,2,0,346
BRDA:19,3,0,102
BRDA:20,4,0,20
BRDA:21,5,0,102
BRDA:27,6,0,34
BRDA:36,7,0,122
BRDA:37,8,0,236
BRDA:37,9,0,108
BRDA:37,10,0,128
BRDA:38,11,0,236
BRDA:38,12,0,108
BRDA:38,13,0,128
BRDA:41,14,0,428
BRF:15
BRH:15
end_of_record
TN:
SF:src/diffChangesView/diffChangesView.ts
FN:14,inspect
FN:31,renderKey
FN:48,renderPath
FN:63,indent
FN:66,getLastElement
FN:69,getLongestString
FN:81,getLongestIndent
FN:94,searchDiff
FN:124,diffChangesViewConsole
FN:142,diffChangesViewRaw
FNF:10
FNH:9
FNDA:88,inspect
FNDA:40,renderKey
FNDA:34,renderPath
FNDA:78,indent
FNDA:22,getLastElement
FNDA:60,getLongestString
FNDA:26,getLongestIndent
FNDA:78,searchDiff
FNDA:26,diffChangesViewConsole
FNDA:0,diffChangesViewRaw
DA:1,1
DA:2,1
DA:3,1
DA:4,1
DA:5,1
DA:6,1
DA:7,1
DA:8,1
DA:9,1
DA:10,1
DA:11,1
DA:12,1
DA:13,1
DA:14,1
DA:15,88
DA:16,88
DA:17,88
DA:18,88
DA:19,88
DA:20,88
DA:21,88
DA:22,88
DA:23,88
DA:24,88
DA:25,88
DA:26,88
DA:27,88
DA:28,88
DA:29,1
DA:30,1
DA:31,1
DA:32,40
DA:33,20
DA:34,20
DA:35,20
DA:36,40
DA:37,0
DA:38,0
DA:39,40
DA:40,0
DA:41,0
DA:42,40
DA:43,0
DA:44,0
DA:45,20
DA:46,20
DA:47,1
DA:48,1
DA:49,34
DA:50,34
DA:51,34
DA:52,40
DA:53,20
DA:54,20
DA:55,20
DA:56,40
DA:57,0
DA:58,0
DA:59,20
DA:60,20
DA:61,34
DA:62,34
DA:63,1
DA:64,78
DA:65,78
DA:66,1
DA:67,1
DA:68,1
DA:69,1
DA:70,60
DA:71,150
DA:72,150
DA:73,30
DA:74,150
DA:75,120
DA:76,120
DA:77,120
DA:78,150
DA:79,60
DA:80,60
DA:81,1
DA:82,26
DA:83,26
DA:84,54
DA:85,54
DA:86,20
DA:87,54
DA:88,34
DA:89,34
DA:90,54
DA:91,26
DA:92,26
DA:93,1
DA:94,1
DA:95,78
DA:96,24
DA:97,24
DA:98,78
DA:99,20
DA:100,20
DA:101,20
DA:102,52
DA:103,20
DA:104,20
DA:105,20
DA:106,20
DA:107,20
DA:108,20
DA:109,20
DA:110,20
DA:111,20
DA:112,20
DA:113,20
DA:114,0
DA:115,0
DA:116,34
DA:117,78
DA:118,78
DA:119,78
DA:120,78
DA:121,78
DA:122,1
DA:123,1
DA:124,1
DA:125,26
DA:126,26
DA:127,26
DA:128,54
DA:129,20
DA:130,54
DA:131,34
DA:132,34
DA:133,34
DA:134,34
DA:135,34
DA:136,34
DA:137,34
DA:138,34
DA:139,26
DA:140,26
DA:141,1
DA:142,1
DA:143,0
DA:144,0
DA:145,0
DA:146,0
DA:147,0
DA:148,0
DA:149,0
DA:150,0
DA:151,0
DA:152,0
LF:152
LH:132
BRDA:14,0,0,88
BRDA:22,1,0,0
BRDA:22,2,0,0
BRDA:31,3,0,40
BRDA:32,4,0,20
BRDA:36,5,0,0
BRDA:36,6,0,0
BRDA:39,7,0,20
BRDA:39,8,0,0
BRDA:42,9,0,20
BRDA:42,10,0,0
BRDA:45,11,0,20
BRDA:48,12,0,34
BRDA:51,13,0,40
BRDA:52,14,0,20
BRDA:56,15,0,0
BRDA:59,16,0,20
BRDA:63,17,0,78
BRDA:64,18,0,70
BRDA:64,19,0,8
BRDA:66,20,0,22
BRDA:66,21,0,0
BRDA:69,22,0,60
BRDA:70,23,0,150
BRDA:72,24,0,30
BRDA:73,25,0,0
BRDA:74,26,0,120
BRDA:75,27,0,0
BRDA:76,28,0,0
BRDA:78,29,0,74
BRDA:78,30,0,76
BRDA:81,31,0,26
BRDA:83,32,0,54
BRDA:85,33,0,20
BRDA:86,34,0,0
BRDA:87,35,0,34
BRDA:88,36,0,0
BRDA:90,37,0,0
BRDA:94,38,0,78
BRDA:95,39,0,24
BRDA:98,40,0,54
BRDA:98,41,0,20
BRDA:100,42,0,8
BRDA:101,43,0,12
BRDA:105,44,0,12
BRDA:105,45,0,10
BRDA:110,46,0,10
BRDA:110,47,0,10
BRDA:114,48,0,0
BRDA:116,49,0,34
BRDA:117,50,0,6
BRDA:117,51,0,0
BRDA:100,52,0,26
BRDA:101,53,0,52
BRDA:111,54,0,50
BRDA:111,55,0,10
BRDA:111,56,0,40
BRDA:124,57,0,26
BRDA:127,58,0,54
BRDA:128,59,0,20
BRDA:130,60,0,34
BRDA:133,61,0,8
BRDA:134,62,0,8
BRDA:135,63,0,8
BRF:64
BRH:48
end_of_record
TN:
SF:src/diffJsView/diffJsView.ts
FN:5,getIndent
FN:7,renderValue
FN:19,renderKey
FN:35,diffJsView
FN:36,createDiffView
FNF:5
FNH:5
FNDA:97,getIndent
FNDA:90,renderValue
FNDA:97,renderKey
FNDA:27,diffJsView
FNDA:97,createDiffView
DA:1,1
DA:2,1
DA:3,1
DA:4,1
DA:5,1
DA:6,1
DA:7,1
DA:8,90
DA:9,90
DA:10,50
DA:11,50
DA:12,90
DA:13,2
DA:14,2
DA:15,38
DA:16,38
DA:17,1
DA:18,1
DA:19,1
DA:20,97
DA:21,28
DA:22,28
DA:23,97
DA:24,27
DA:25,27
DA:26,97
DA:27,0
DA:28,0
DA:29,97
DA:30,0
DA:31,0
DA:32,42
DA:33,42
DA:34,1
DA:35,1
DA:36,27
DA:37,97
DA:38,97
DA:39,97
DA:40,97
DA:41,97
DA:42,97
DA:43,27
DA:44,9
DA:45,27
DA:46,18
DA:47,18
DA:48,27
DA:49,2
DA:50,27
DA:51,2
DA:52,25
DA:53,14
DA:54,14
DA:55,97
DA:56,70
DA:57,8
DA:58,8
DA:59,70
DA:60,62
DA:61,62
DA:62,70
DA:63,70
DA:64,6
DA:65,6
DA:66,70
DA:67,70
DA:68,20
DA:69,20
DA:70,70
DA:71,97
DA:72,27
DA:73,27
DA:74,27
DA:75,27
LF:75
LH:71
BRDA:5,0,0,97
BRDA:7,1,0,90
BRDA:9,2,0,50
BRDA:12,3,0,40
BRDA:12,4,0,2
BRDA:15,5,0,38
BRDA:19,6,0,97
BRDA:20,7,0,28
BRDA:23,8,0,69
BRDA:23,9,0,27
BRDA:23,10,0,27
BRDA:26,11,0,42
BRDA:26,12,0,0
BRDA:29,13,0,42
BRDA:29,14,0,0
BRDA:32,15,0,42
BRDA:35,16,0,27
BRDA:36,17,0,97
BRDA:39,18,0,36
BRDA:39,19,0,70
BRDA:39,20,0,27
BRDA:42,21,0,29
BRDA:42,22,0,4
BRDA:42,23,0,27
BRDA:43,24,0,9
BRDA:45,25,0,18
BRDA:48,26,0,2
BRDA:50,27,0,25
BRDA:50,28,0,2
BRDA:52,29,0,23
BRDA:52,30,0,14
BRDA:53,31,0,0
BRDA:55,32,0,70
BRDA:56,33,0,8
BRDA:58,34,0,0
BRDA:59,35,0,62
BRDA:63,36,0,6
BRDA:67,37,0,64
BRDA:67,38,0,56
BRDA:67,39,0,20
BRDA:44,40,0,28
BRDA:46,41,0,42
BRF:42
BRH:38
end_of_record
TN:
SF:src/diffSortedView/diffSortedView.ts
FN:5,getIndent
FN:7,renderValue
FN:18,renderKey
FN:34,diffSortedView
FN:35,createDiffView
FNF:5
FNH:5
FNDA:180,getIndent
FNDA:112,renderValue
FNDA:158,renderKey
FNDA:26,diffSortedView
FNDA:180,createDiffView
DA:1,1
DA:2,1
DA:3,1
DA:4,1
DA:5,1
DA:6,1
DA:7,1
DA:8,112
DA:9,112
DA:10,58
DA:11,58
DA:12,112
DA:13,0
DA:14,0
DA:15,54
DA:16,54
DA:17,1
DA:18,1
DA:19,158
DA:20,44
DA:21,44
DA:22,158
DA:23,52
DA:24,52
DA:25,158
DA:26,0
DA:27,0
DA:28,158
DA:29,0
DA:30,0
DA:31,62
DA:32,62
DA:33,1
DA:34,1
DA:35,26
DA:36,180
DA:37,180
DA:38,180
DA:39,180
DA:40,180
DA:41,180
DA:42,180
DA:43,180
DA:44,180
DA:45,180
DA:46,22
DA:47,22
DA:48,6
DA:49,0
DA:50,6
DA:51,6
DA:52,6
DA:53,6
DA:54,22
DA:55,22
DA:56,158
DA:57,158
DA:58,180
DA:59,46
DA:60,16
DA:61,46
DA:62,30
DA:63,30
DA:64,180
DA:65,112
DA:66,112
DA:67,158
DA:68,26
DA:69,26
DA:70,26
DA:71,26
DA:72,26
DA:73,26
DA:74,26
LF:74
LH:67
BRDA:5,0,0,180
BRDA:7,1,0,112
BRDA:9,2,0,58
BRDA:12,3,0,54
BRDA:12,4,0,0
BRDA:15,5,0,54
BRDA:18,6,0,158
BRDA:19,7,0,44
BRDA:22,8,0,114
BRDA:22,9,0,52
BRDA:22,10,0,52
BRDA:25,11,0,62
BRDA:25,12,0,0
BRDA:28,13,0,62
BRDA:28,14,0,0
BRDA:31,15,0,62
BRDA:34,16,0,26
BRDA:35,17,0,180
BRDA:36,18,0,90
BRDA:36,19,0,90
BRDA:37,20,0,90
BRDA:37,21,0,90
BRDA:38,22,0,90
BRDA:38,23,0,90
BRDA:42,24,0,68
BRDA:42,25,0,128
BRDA:42,26,0,52
BRDA:45,27,0,160
BRDA:45,28,0,160
BRDA:45,29,0,48
BRDA:45,30,0,22
BRDA:46,31,0,6
BRDA:46,32,0,2
BRDA:46,33,0,20
BRDA:47,34,0,6
BRDA:48,35,0,0
BRDA:56,36,0,158
BRDA:58,37,0,46
BRDA:59,38,0,16
BRDA:61,39,0,30
BRDA:64,40,0,112
BRDA:67,41,0,158
BRDA:51,42,0,10
BRDA:60,43,0,52
BRDA:62,44,0,66
BRF:45
BRH:41
end_of_record
