TN:
SF:src/main.ts
FN:1,get
FN:2,get
FN:3,get
FN:3,get
FN:5,sortIds
FN:9,groupArrayByType
FN:19,sortArray
FN:33,uniq
FN:36,isEqualZero
FN:42,isPlainObject
FN:50,getType
FN:102,getArrayElementIdWrapper
FN:110,diff
FN:115,createDiff
FN:246,getCurrentIndex
FNF:15
FNH:14
FNDA:26,get
FNDA:26,get
FNDA:26,get
FNDA:0,get
FNDA:32,sortIds
FNDA:40,groupArrayByType
FNDA:40,sortArray
FNDA:104,uniq
FNDA:360,isEqualZero
FNDA:1243,isPlainObject
FNDA:1188,getType
FNDA:104,getArrayElementIdWrapper
FNDA:104,diff
FNDA:360,createDiff
FNDA:48,getCurrentIndex
DA:1,1
DA:2,1
DA:3,1
DA:4,1
DA:5,1
DA:6,32
DA:7,32
DA:8,1
DA:9,1
DA:10,40
DA:11,40
DA:12,40
DA:13,40
DA:14,40
DA:15,40
DA:16,40
DA:17,40
DA:18,1
DA:19,1
DA:20,40
DA:21,40
DA:22,40
DA:23,40
DA:24,40
DA:25,40
DA:26,40
DA:27,40
DA:28,40
DA:29,40
DA:30,40
DA:31,40
DA:32,1
DA:33,1
DA:34,1
DA:35,1
DA:36,1
DA:37,360
DA:38,64
DA:39,64
DA:40,296
DA:41,296
DA:42,1
DA:43,1243
DA:44,293
DA:45,293
DA:46,293
DA:47,293
DA:48,1243
DA:49,1
DA:50,1
DA:51,1188
DA:52,1188
DA:53,288
DA:54,1188
DA:55,64
DA:56,1188
DA:57,392
DA:58,1188
DA:59,246
DA:60,1188
DA:61,46
DA:62,1188
DA:63,34
DA:64,1188
DA:65,118
DA:66,1188
DA:67,0
DA:68,1188
DA:69,1188
DA:70,1
DA:71,1
DA:72,1
DA:73,1
DA:74,1
DA:75,1
DA:76,1
DA:77,1
DA:78,1
DA:79,1
DA:80,1
DA:81,1
DA:82,1
DA:83,1
DA:84,1
DA:85,1
DA:86,1
DA:87,1
DA:88,1
DA:89,1
DA:90,1
DA:91,1
DA:92,1
DA:93,1
DA:94,1
DA:95,1
DA:96,1
DA:97,1
DA:98,1
DA:99,1
DA:100,1
DA:101,1
DA:102,1
DA:103,104
DA:104,104
DA:105,96
DA:106,96
DA:107,8
DA:108,8
DA:109,1
DA:110,1
DA:111,104
DA:112,104
DA:113,104
DA:114,104
DA:115,104
DA:116,360
DA:117,360
DA:118,360
DA:119,360
DA:120,360
DA:121,360
DA:122,360
DA:123,360
DA:124,360
DA:125,360
DA:126,360
DA:127,360
DA:128,360
DA:129,360
DA:130,360
DA:131,360
DA:132,360
DA:133,360
DA:134,360
DA:135,360
DA:136,360
DA:137,360
DA:138,360
DA:139,360
DA:140,360
DA:141,360
DA:142,360
DA:143,360
DA:144,360
DA:145,360
DA:146,360
DA:147,360
DA:148,360
DA:149,360
DA:150,360
DA:151,360
DA:152,72
DA:153,72
DA:154,72
DA:155,72
DA:156,72
DA:157,72
DA:158,72
DA:159,152
DA:160,152
DA:161,152
DA:162,152
DA:163,152
DA:164,152
DA:165,152
DA:166,152
DA:167,152
DA:168,152
DA:169,152
DA:170,152
DA:171,152
DA:172,152
DA:173,152
DA:174,152
DA:175,152
DA:176,152
DA:177,152
DA:178,72
DA:179,72
DA:180,360
DA:181,32
DA:182,32
DA:183,32
DA:184,32
DA:185,32
DA:186,32
DA:187,88
DA:188,88
DA:189,48
DA:190,48
DA:191,88
DA:192,40
DA:193,40
DA:194,32
DA:195,32
DA:196,32
DA:197,32
DA:198,32
DA:199,32
DA:200,96
DA:201,96
DA:202,48
DA:203,48
DA:204,48
DA:205,48
DA:206,48
DA:207,32
DA:208,32
DA:209,32
DA:210,32
DA:211,32
DA:212,56
DA:213,56
DA:214,56
DA:215,56
DA:216,56
DA:217,56
DA:218,56
DA:219,56
DA:220,56
DA:221,56
DA:222,56
DA:223,56
DA:224,56
DA:225,56
DA:226,56
DA:227,56
DA:228,56
DA:229,56
DA:230,32
DA:231,32
DA:232,32
DA:233,32
DA:234,32
DA:235,32
DA:236,40
DA:237,40
DA:238,32
DA:239,32
DA:240,48
DA:241,48
DA:242,32
DA:243,32
DA:244,32
DA:245,32
DA:246,32
DA:247,48
DA:248,48
DA:249,48
DA:250,48
DA:251,48
DA:252,48
DA:253,30
DA:254,30
DA:255,48
DA:256,15
DA:257,15
DA:258,3
DA:259,32
DA:260,32
DA:261,48
DA:262,48
DA:263,48
DA:264,48
DA:265,48
DA:266,48
DA:267,48
DA:268,48
DA:269,48
DA:270,48
DA:271,48
DA:272,48
DA:273,48
DA:274,48
DA:275,48
DA:276,48
DA:277,48
DA:278,32
DA:279,32
DA:280,32
DA:281,32
DA:282,32
DA:283,32
DA:284,288
DA:285,256
DA:286,256
DA:287,360
DA:288,360
DA:289,360
DA:290,360
DA:291,360
DA:292,104
DA:293,104
DA:294,104
DA:295,104
DA:296,104
DA:297,104
DA:298,104
DA:299,104
DA:300,104
DA:301,104
DA:302,104
DA:303,1
DA:304,1
LF:304
LH:303
BRDA:1,0,0,26
BRDA:2,1,0,26
BRDA:3,2,0,26
BRDA:5,3,0,32
BRDA:7,4,0,40
BRDA:9,5,0,40
BRDA:10,6,0,55
BRDA:11,7,0,55
BRDA:12,8,0,55
BRDA:13,9,0,55
BRDA:14,10,0,55
BRDA:15,11,0,55
BRDA:16,12,0,55
BRDA:17,13,0,55
BRDA:19,14,0,40
BRDA:22,15,0,5
BRDA:23,16,0,45
BRDA:33,17,0,104
BRDA:34,18,0,344
BRDA:36,19,0,360
BRDA:37,20,0,80
BRDA:37,21,0,64
BRDA:38,22,0,8
BRDA:38,23,0,0
BRDA:40,24,0,296
BRDA:42,25,0,1243
BRDA:43,26,0,293
BRDA:50,27,0,1188
BRDA:52,28,0,288
BRDA:54,29,0,64
BRDA:56,30,0,392
BRDA:58,31,0,246
BRDA:60,32,0,46
BRDA:62,33,0,34
BRDA:64,34,0,118
BRDA:66,35,0,0
BRDA:102,36,0,104
BRDA:102,37,0,104
BRDA:104,38,0,96
BRDA:107,39,0,8
BRDA:110,40,0,104
BRDA:113,41,0,104
BRDA:115,42,0,360
BRDA:138,43,0,152
BRDA:138,44,0,104
BRDA:138,45,0,256
BRDA:151,46,0,304
BRDA:151,47,0,72
BRDA:154,48,0,56
BRDA:154,49,0,16
BRDA:155,50,0,64
BRDA:155,51,0,8
BRDA:156,52,0,16
BRDA:156,53,0,8
BRDA:180,54,0,288
BRDA:180,55,0,256
BRDA:180,56,0,32
BRDA:186,57,0,0
BRDA:199,58,0,0
BRDA:232,59,0,20
BRDA:232,60,0,12
BRDA:233,61,0,20
BRDA:233,62,0,12
BRDA:284,63,0,256
BRDA:158,64,0,152
BRDA:159,65,0,128
BRDA:159,66,0,24
BRDA:160,67,0,136
BRDA:160,68,0,16
BRDA:161,69,0,128
BRDA:161,70,0,24
BRDA:162,71,0,136
BRDA:162,72,0,16
BRDA:164,73,0,136
BRDA:164,74,0,16
BRDA:165,75,0,136
BRDA:165,76,0,16
BRDA:166,77,0,32
BRDA:166,78,0,120
BRDA:167,79,0,24
BRDA:167,80,0,128
BRDA:172,81,0,120
BRDA:186,82,0,88
BRDA:187,83,0,48
BRDA:187,84,0,0
BRDA:187,85,0,40
BRDA:188,86,0,56
BRDA:188,87,0,40
BRDA:188,88,0,48
BRDA:191,89,0,40
BRDA:199,90,0,96
BRDA:200,91,0,56
BRDA:200,92,0,0
BRDA:200,93,0,40
BRDA:201,94,0,64
BRDA:201,95,0,48
BRDA:201,96,0,48
BRDA:211,97,0,56
BRDA:212,98,0,8
BRDA:213,99,0,8
BRDA:215,100,0,48
BRDA:215,101,0,8
BRDA:215,102,0,48
BRDA:216,103,0,48
BRDA:216,104,0,8
BRDA:216,105,0,48
BRDA:225,106,0,32
BRDA:226,107,0,8
BRDA:227,108,0,48
BRDA:235,109,0,40
BRDA:239,110,0,48
BRDA:246,111,0,48
BRDA:252,112,0,30
BRDA:255,113,0,18
BRDA:255,114,0,15
BRDA:258,115,0,3
BRDA:260,116,0,48
BRDA:262,117,0,19
BRDA:262,118,0,45
BRDA:262,119,0,8
BRDA:263,120,0,16
BRDA:263,121,0,0
BRDA:265,122,0,40
BRDA:265,123,0,8
BRDA:265,124,0,40
BRDA:266,125,0,0
BRDA:273,126,0,34
BRDA:274,127,0,8
BRDA:275,128,0,40
BRF:129
BRH:121
end_of_record
TN:
SF:src/diffChangesView/customString.ts
FN:13,customString
FN:19,toString
FN:20,search
FN:21,padEnd
FN:27,trimStart
FN:36,join
FN:41,isCustomString
FNF:7
FNH:7
FNDA:386,customString
FNDA:102,toString
FNDA:20,search
FNDA:102,padEnd
FNDA:34,trimStart
FNDA:122,join
FNDA:428,isCustomString
DA:1,1
DA:2,1
DA:3,1
DA:4,1
DA:5,1
DA:6,1
DA:7,1
DA:8,1
DA:9,1
DA:10,1
DA:11,1
DA:12,1
DA:13,1
DA:14,386
DA:15,386
DA:16,386
DA:17,386
DA:18,386
DA:19,386
DA:20,386
DA:21,386
DA:22,102
DA:23,102
DA:24,102
DA:25,102
DA:26,386
DA:27,386
DA:28,34
DA:29,34
DA:30,34
DA:31,386
DA:32,386
DA:33,386
DA:34,386
DA:35,386
DA:36,1
DA:37,122
DA:38,122
DA:39,122
DA:40,122
DA:41,1
LF:41
LH:41
BRDA:13,0,0,386
BRDA:14,1,0,40
BRDA:14,2,0,346
BRDA:19,3,0,102
BRDA:20,4,0,20
BRDA:21,5,0,102
BRDA:27,6,0,34
BRDA:36,7,0,122
BRDA:37,8,0,236
BRDA:37,9,0,108
BRDA:37,10,0,128
BRDA:38,11,0,236
BRDA:38,12,0,108
BRDA:38,13,0,128
BRDA:41,14,0,428
BRF:15
BRH:15
end_of_record
TN:
SF:src/diffChangesView/diffChangesView.ts
FN:14,inspect
FN:31,renderKey
FN:48,renderPath
FN:63,indent
FN:66,getLastElement
FN:69,getLongestString
FN:81,getLongestIndent
FN:94,searchDiff
FN:124,diffChangesViewConsole
FN:142,diffChangesViewRaw
FNF:10
FNH:9
FNDA:88,inspect
FNDA:40,renderKey
FNDA:34,renderPath
FNDA:78,indent
FNDA:22,getLastElement
FNDA:60,getLongestString
FNDA:26,getLongestIndent
FNDA:78,searchDiff
FNDA:26,diffChangesViewConsole
FNDA:0,diffChangesViewRaw
DA:1,1
DA:2,1
DA:3,1
DA:4,1
DA:5,1
DA:6,1
DA:7,1
DA:8,1
DA:9,1
DA:10,1
DA:11,1
DA:12,1
DA:13,1
DA:14,1
DA:15,88
DA:16,88
DA:17,88
DA:18,88
DA:19,88
DA:20,88
DA:21,88
DA:22,88
DA:23,88
DA:24,88
DA:25,88
DA:26,88
DA:27,88
DA:28,88
DA:29,1
DA:30,1
DA:31,1
DA:32,40
DA:33,20
DA:34,20
DA:35,20
DA:36,40
DA:37,0
DA:38,0
DA:39,40
DA:40,0
DA:41,0
DA:42,40
DA:43,0
DA:44,0
DA:45,20
DA:46,20
DA:47,1
DA:48,1
DA:49,34
DA:50,34
DA:51,34
DA:52,40
DA:53,20
DA:54,20
DA:55,20
DA:56,40
DA:57,0
DA:58,0
DA:59,20
DA:60,20
DA:61,34
DA:62,34
DA:63,1
DA:64,78
DA:65,78
DA:66,1
DA:67,1
DA:68,1
DA:69,1
DA:70,60
DA:71,150
DA:72,150
DA:73,30
DA:74,150
DA:75,120
DA:76,120
DA:77,120
DA:78,150
DA:79,60
DA:80,60
DA:81,1
DA:82,26
DA:83,26
DA:84,54
DA:85,54
DA:86,20
DA:87,54
DA:88,34
DA:89,34
DA:90,54
DA:91,26
DA:92,26
DA:93,1
DA:94,1
DA:95,78
DA:96,24
DA:97,24
DA:98,78
DA:99,20
DA:100,20
DA:101,20
DA:102,52
DA:103,20
DA:104,20
DA:105,20
DA:106,20
DA:107,20
DA:108,20
DA:109,20
DA:110,20
DA:111,20
DA:112,20
DA:113,20
DA:114,0
DA:115,0
DA:116,34
DA:117,78
DA:118,78
DA:119,78
DA:120,78
DA:121,78
DA:122,1
DA:123,1
DA:124,1
DA:125,26
DA:126,26
DA:127,26
DA:128,54
DA:129,20
DA:130,54
DA:131,34
DA:132,34
DA:133,34
DA:134,34
DA:135,34
DA:136,34
DA:137,34
DA:138,34
DA:139,26
DA:140,26
DA:141,1
DA:142,1
DA:143,0
DA:144,0
DA:145,0
DA:146,0
DA:147,0
DA:148,0
DA:149,0
DA:150,0
DA:151,0
DA:152,0
LF:152
LH:132
BRDA:14,0,0,88
BRDA:22,1,0,0
BRDA:22,2,0,0
BRDA:31,3,0,40
BRDA:32,4,0,20
BRDA:36,5,0,0
BRDA:36,6,0,0
BRDA:39,7,0,20
BRDA:39,8,0,0
BRDA:42,9,0,20
BRDA:42,10,0,0
BRDA:45,11,0,20
BRDA:48,12,0,34
BRDA:51,13,0,40
BRDA:52,14,0,20
BRDA:56,15,0,0
BRDA:59,16,0,20
BRDA:63,17,0,78
BRDA:64,18,0,70
BRDA:64,19,0,8
BRDA:66,20,0,22
BRDA:66,21,0,0
BRDA:69,22,0,60
BRDA:70,23,0,150
BRDA:72,24,0,30
BRDA:73,25,0,0
BRDA:74,26,0,120
BRDA:75,27,0,0
BRDA:76,28,0,0
BRDA:78,29,0,74
BRDA:78,30,0,76
BRDA:81,31,0,26
BRDA:83,32,0,54
BRDA:85,33,0,20
BRDA:86,34,0,0
BRDA:87,35,0,34
BRDA:88,36,0,0
BRDA:90,37,0,0
BRDA:94,38,0,78
BRDA:95,39,0,24
BRDA:98,40,0,54
BRDA:98,41,0,20
BRDA:100,42,0,8
BRDA:101,43,0,12
BRDA:105,44,0,12
BRDA:105,45,0,10
BRDA:110,46,0,10
BRDA:110,47,0,10
BRDA:114,48,0,0
BRDA:116,49,0,34
BRDA:117,50,0,6
BRDA:117,51,0,0
BRDA:100,52,0,26
BRDA:101,53,0,52
BRDA:111,54,0,50
BRDA:111,55,0,10
BRDA:111,56,0,40
BRDA:124,57,0,26
BRDA:127,58,0,54
BRDA:128,59,0,20
BRDA:130,60,0,34
BRDA:133,61,0,8
BRDA:134,62,0,8
BRDA:135,63,0,8
BRF:64
BRH:48
end_of_record
TN:
SF:src/diffJsView/diffJsView.ts
FN:5,getIndent
FN:7,renderValue
FN:19,renderKey
FN:35,diffJsView
FN:36,createDiffView
FNF:5
FNH:5
FNDA:88,getIndent
FNDA:84,renderValue
FNDA:88,renderKey
FNDA:26,diffJsView
FNDA:88,createDiffView
DA:1,1
DA:2,1
DA:3,1
DA:4,1
DA:5,1
DA:6,1
DA:7,1
DA:8,84
DA:9,84
DA:10,46
DA:11,46
DA:12,84
DA:13,2
DA:14,2
DA:15,36
DA:16,36
DA:17,1
DA:18,1
DA:19,1
DA:20,88
DA:21,26
DA:22,26
DA:23,88
DA:24,26
DA:25,26
DA:26,88
DA:27,0
DA:28,0
DA:29,88
DA:30,0
DA:31,0
DA:32,36
DA:33,36
DA:34,1
DA:35,1
DA:36,26
DA:37,88
DA:38,88
DA:39,88
DA:40,88
DA:41,88
DA:42,88
DA:43,24
DA:44,8
DA:45,24
DA:46,16
DA:47,16
DA:48,24
DA:49,2
DA:50,24
DA:51,2
DA:52,22
DA:53,14
DA:54,14
DA:55,88
DA:56,64
DA:57,8
DA:58,8
DA:59,64
DA:60,56
DA:61,56
DA:62,64
DA:63,64
DA:64,6
DA:65,6
DA:66,64
DA:67,64
DA:68,20
DA:69,20
DA:70,64
DA:71,88
DA:72,26
DA:73,26
DA:74,26
DA:75,26
LF:75
LH:71
BRDA:5,0,0,88
BRDA:7,1,0,84
BRDA:9,2,0,46
BRDA:12,3,0,38
BRDA:12,4,0,2
BRDA:15,5,0,36
BRDA:19,6,0,88
BRDA:20,7,0,26
BRDA:23,8,0,62
BRDA:23,9,0,26
BRDA:23,10,0,26
BRDA:26,11,0,36
BRDA:26,12,0,0
BRDA:29,13,0,36
BRDA:29,14,0,0
BRDA:32,15,0,36
BRDA:35,16,0,26
BRDA:36,17,0,88
BRDA:39,18,0,34
BRDA:39,19,0,62
BRDA:39,20,0,26
BRDA:42,21,0,26
BRDA:42,22,0,4
BRDA:42,23,0,24
BRDA:43,24,0,8
BRDA:45,25,0,16
BRDA:48,26,0,2
BRDA:50,27,0,22
BRDA:50,28,0,2
BRDA:52,29,0,20
BRDA:52,30,0,14
BRDA:53,31,0,0
BRDA:55,32,0,64
BRDA:56,33,0,8
BRDA:58,34,0,0
BRDA:59,35,0,56
BRDA:63,36,0,6
BRDA:67,37,0,58
BRDA:67,38,0,50
BRDA:67,39,0,20
BRDA:44,40,0,26
BRDA:46,41,0,36
BRF:42
BRH:38
end_of_record
TN:
SF:src/diffSortedView/diffSortedView.ts
FN:5,getIndent
FN:7,renderValue
FN:18,renderKey
FN:34,diffSortedView
FN:35,createDiffView
FNF:5
FNH:5
FNDA:180,getIndent
FNDA:112,renderValue
FNDA:158,renderKey
FNDA:26,diffSortedView
FNDA:180,createDiffView
DA:1,1
DA:2,1
DA:3,1
DA:4,1
DA:5,1
DA:6,1
DA:7,1
DA:8,112
DA:9,112
DA:10,58
DA:11,58
DA:12,112
DA:13,0
DA:14,0
DA:15,54
DA:16,54
DA:17,1
DA:18,1
DA:19,158
DA:20,44
DA:21,44
DA:22,158
DA:23,52
DA:24,52
DA:25,158
DA:26,0
DA:27,0
DA:28,158
DA:29,0
DA:30,0
DA:31,62
DA:32,62
DA:33,1
DA:34,1
DA:35,26
DA:36,180
DA:37,180
DA:38,180
DA:39,180
DA:40,180
DA:41,180
DA:42,180
DA:43,180
DA:44,180
DA:45,180
DA:46,22
DA:47,22
DA:48,6
DA:49,0
DA:50,6
DA:51,6
DA:52,6
DA:53,6
DA:54,22
DA:55,22
DA:56,158
DA:57,158
DA:58,180
DA:59,46
DA:60,16
DA:61,46
DA:62,30
DA:63,30
DA:64,180
DA:65,112
DA:66,112
DA:67,158
DA:68,26
DA:69,26
DA:70,26
DA:71,26
DA:72,26
DA:73,26
DA:74,26
LF:74
LH:67
BRDA:5,0,0,180
BRDA:7,1,0,112
BRDA:9,2,0,58
BRDA:12,3,0,54
BRDA:12,4,0,0
BRDA:15,5,0,54
BRDA:18,6,0,158
BRDA:19,7,0,44
BRDA:22,8,0,114
BRDA:22,9,0,52
BRDA:22,10,0,52
BRDA:25,11,0,62
BRDA:25,12,0,0
BRDA:28,13,0,62
BRDA:28,14,0,0
BRDA:31,15,0,62
BRDA:34,16,0,26
BRDA:35,17,0,180
BRDA:36,18,0,90
BRDA:36,19,0,90
BRDA:37,20,0,90
BRDA:37,21,0,90
BRDA:38,22,0,90
BRDA:38,23,0,90
BRDA:42,24,0,68
BRDA:42,25,0,128
BRDA:42,26,0,52
BRDA:45,27,0,160
BRDA:45,28,0,160
BRDA:45,29,0,48
BRDA:45,30,0,22
BRDA:46,31,0,6
BRDA:46,32,0,2
BRDA:46,33,0,20
BRDA:47,34,0,6
BRDA:48,35,0,0
BRDA:56,36,0,158
BRDA:58,37,0,46
BRDA:59,38,0,16
BRDA:61,39,0,30
BRDA:64,40,0,112
BRDA:67,41,0,158
BRDA:51,42,0,10
BRDA:60,43,0,52
BRDA:62,44,0,66
BRF:45
BRH:41
end_of_record
